/root/project/prophet-gpl/wrap/g++ -c reader.cpp -I rapidjson/include/rapidjson/  -std=c++11 -o reader.o
reader.cpp:29:13: warning: binding reference member 'stream_' to stack allocated parameter 'str' [-Wdangling-field]
    stream_(str),
            ^~~
reader.cpp:118:46: note: in instantiation of member function 'MyHandler<rapidjson::FileStream, rapidjson::UTF16<char>, rapidjson::MemoryPoolAllocator<rapidjson::CrtAllocator>>::MyHandler' requested here
  MyHandler<rapidjson::FileStream, Encoding> handler(f);
                                             ^
reader.cpp:95:11: note: reference member declared here
  Stream& stream_;
          ^
1 warning generated.
Library: /root/project/prophet-gpl/wrap/../src/.libs/libprofiler.so.0
reader.cpp:29:13: warning: binding reference member 'stream_' to stack allocated parameter 'str' [-Wdangling-field]
    stream_(str),
            ^~~
reader.cpp:118:46: note: in instantiation of member function 'MyHandler<rapidjson::FileStream, rapidjson::UTF16<char>, rapidjson::MemoryPoolAllocator<rapidjson::CrtAllocator>>::MyHandler' requested here
  MyHandler<rapidjson::FileStream, Encoding> handler(f);
                                             ^
reader.cpp:95:11: note: reference member declared here
  Stream& stream_;
          ^
1 warning generated.
Library: /root/project/prophet-gpl/wrap/../src/.libs/libprofiler.so.0
In file included from reader.cpp:3:
In file included from /usr/lib/gcc/x86_64-linux-gnu/7.5.0/../../../../include/c++/7.5.0/set:60:
/usr/lib/gcc/x86_64-linux-gnu/7.5.0/../../../../include/c++/7.5.0/bits/stl_tree.h:2486:13: error: no matching constructor for initialization of '_Res' (aka 'pair<std::_Rb_tree_node_base *, std::_Rb_tree_node_base *>')
     return _Res(0, 0);}}
            ^    ~~~~
/usr/lib/gcc/x86_64-linux-gnu/7.5.0/../../../../include/c++/7.5.0/bits/stl_pair.h:260:17: note: candidate template ignored: substitution failure [with _U1 = std::_Rb_tree_node_base *, _U2 = std::_Rb_tree_node_base *]: non-type template argument is not a constant expression
      constexpr pair(const _T1& __a, const _T2& __b)
                ^
/usr/lib/gcc/x86_64-linux-gnu/7.5.0/../../../../include/c++/7.5.0/bits/stl_pair.h:269:26: note: candidate template ignored: substitution failure [with _U1 = std::_Rb_tree_node_base *, _U2 = std::_Rb_tree_node_base *]: non-type template argument is not a constant expression
      explicit constexpr pair(const _T1& __a, const _T2& __b)
                         ^
/usr/lib/gcc/x86_64-linux-gnu/7.5.0/../../../../include/c++/7.5.0/bits/stl_pair.h:311:18: note: candidate template ignored: substitution failure [with _U1 = int]: non-type template argument is not a constant expression
       constexpr pair(_U1&& __x, const _T2& __y)
                 ^
/usr/lib/gcc/x86_64-linux-gnu/7.5.0/../../../../include/c++/7.5.0/bits/stl_pair.h:318:27: note: candidate template ignored: substitution failure [with _U1 = int]: non-type template argument is not a constant expression
       explicit constexpr pair(_U1&& __x, const _T2& __y)
                          ^
/usr/lib/gcc/x86_64-linux-gnu/7.5.0/../../../../include/c++/7.5.0/bits/stl_pair.h:325:18: note: candidate template ignored: substitution failure [with _U2 = int]: non-type template argument is not a constant expression
       constexpr pair(const _T1& __x, _U2&& __y)
                 ^
/usr/lib/gcc/x86_64-linux-gnu/7.5.0/../../../../include/c++/7.5.0/bits/stl_pair.h:332:17: note: candidate template ignored: substitution failure [with _U2 = int]: non-type template argument is not a constant expression
       explicit pair(const _T1& __x, _U2&& __y)
                ^
/usr/lib/gcc/x86_64-linux-gnu/7.5.0/../../../../include/c++/7.5.0/bits/stl_pair.h:341:12: note: candidate template ignored: substitution failure [with _U1 = int, _U2 = int]: non-type template argument is not a constant expression
 constexpr pair(_U1&& __x, _U2&& __y)
           ^
/usr/lib/gcc/x86_64-linux-gnu/7.5.0/../../../../include/c++/7.5.0/bits/stl_pair.h:350:21: note: candidate template ignored: substitution failure [with _U1 = int, _U2 = int]: non-type template argument is not a constant expression
 explicit constexpr pair(_U1&& __x, _U2&& __y)
                    ^
/usr/lib/gcc/x86_64-linux-gnu/7.5.0/../../../../include/c++/7.5.0/bits/stl_pair.h:291:19: note: candidate constructor template not viable: requires single argument '__p', but 2 arguments were provided
        constexpr pair(const pair<_U1, _U2>& __p)
                  ^
/usr/lib/gcc/x86_64-linux-gnu/7.5.0/../../../../include/c++/7.5.0/bits/stl_pair.h:300:21: note: candidate constructor template not viable: requires single argument '__p', but 2 arguments were provided
 explicit constexpr pair(const pair<_U1, _U2>& __p)
                    ^
/usr/lib/gcc/x86_64-linux-gnu/7.5.0/../../../../include/c++/7.5.0/bits/stl_pair.h:303:17: note: candidate constructor not viable: requires 1 argument, but 2 were provided
      constexpr pair(const pair&) = default;
                ^
/usr/lib/gcc/x86_64-linux-gnu/7.5.0/../../../../include/c++/7.5.0/bits/stl_pair.h:304:17: note: candidate constructor not viable: requires 1 argument, but 2 were provided
      constexpr pair(pair&&) = default;
                ^
/usr/lib/gcc/x86_64-linux-gnu/7.5.0/../../../../include/c++/7.5.0/bits/stl_pair.h:360:12: note: candidate constructor template not viable: requires single argument '__p', but 2 arguments were provided
 constexpr pair(pair<_U1, _U2>&& __p)
           ^
/usr/lib/gcc/x86_64-linux-gnu/7.5.0/../../../../include/c++/7.5.0/bits/stl_pair.h:370:21: note: candidate constructor template not viable: requires single argument '__p', but 2 arguments were provided
 explicit constexpr pair(pair<_U1, _U2>&& __p)
                    ^
/usr/lib/gcc/x86_64-linux-gnu/7.5.0/../../../../include/c++/7.5.0/bits/stl_pair.h:375:9: note: candidate constructor template not viable: requires 3 arguments, but 2 were provided
        pair(piecewise_construct_t, tuple<_Args1...>, tuple<_Args2...>);
        ^
/usr/lib/gcc/x86_64-linux-gnu/7.5.0/../../../../include/c++/7.5.0/bits/stl_pair.h:243:17: note: candidate constructor template not viable: requires 0 arguments, but 2 were provided
      constexpr pair()
                ^
/usr/lib/gcc/x86_64-linux-gnu/7.5.0/../../../../include/c++/7.5.0/bits/stl_pair.h:256:26: note: candidate constructor template not viable: requires 0 arguments, but 2 were provided
      explicit constexpr pair()
                         ^
/usr/lib/gcc/x86_64-linux-gnu/7.5.0/../../../../include/c++/7.5.0/bits/stl_pair.h:451:9: note: candidate constructor template not viable: requires 4 arguments, but 2 were provided
        pair(tuple<_Args1...>&, tuple<_Args2...>&,
        ^
reader.cpp:29:13: warning: binding reference member 'stream_' to stack allocated parameter 'str' [-Wdangling-field]
    stream_(str),
            ^~~
reader.cpp:147:46: note: in instantiation of member function 'MyHandler<rapidjson::FileStream, rapidjson::UTF16<char>, rapidjson::MemoryPoolAllocator<rapidjson::CrtAllocator>>::MyHandler' requested here
  MyHandler<rapidjson::FileStream, Encoding> handler(f);
                                             ^
reader.cpp:115:11: note: reference member declared here
  Stream& stream_;
          ^
In file included from reader.cpp:1:
In file included from /usr/lib/gcc/x86_64-linux-gnu/7.5.0/../../../../include/c++/7.5.0/string:52:
/usr/lib/gcc/x86_64-linux-gnu/7.5.0/../../../../include/c++/7.5.0/bits/basic_string.h:723:16: error: argument to noexcept specifier must be a constant expression
      noexcept(_Alloc_traits::_S_nothrow_move())
               ^~~~~~~~~~~~~~~~~~~~~~~~~~~~~~~~
/usr/lib/gcc/x86_64-linux-gnu/7.5.0/../../../../include/c++/7.5.0/sstream:177:14: note: in instantiation of exception specification for 'operator=' requested here
       __ret = __string_type(this->pbase(), this->pptr());}
             ^
/usr/lib/gcc/x86_64-linux-gnu/7.5.0/../../../../include/c++/7.5.0/sstream:781:27: note: in instantiation of member function 'std::__cxx11::basic_stringbuf<char, std::char_traits<char>, std::allocator<char>>::str' requested here
      return _M_stringbuf.str(); }
                          ^
reader.cpp:87:38: note: in instantiation of member function 'std::__cxx11::basic_stringstream<char, std::char_traits<char>, std::allocator<char>>::str' requested here
    if (m_keyStack.top().find(stream.str()) != m_keyStack.top().end())
                                     ^
reader.cpp:36:5: note: in instantiation of member function 'MyHandler<rapidjson::FileStream, rapidjson::UTF16<char>, rapidjson::MemoryPoolAllocator<rapidjson::CrtAllocator>>::ProcessString' requested here
    ProcessString(ch, siz);
    ^
rapidjson/include/rapidjson/document.h:513:13: note: in instantiation of member function 'MyHandler<rapidjson::FileStream, rapidjson::UTF16<char>, rapidjson::MemoryPoolAllocator<rapidjson::CrtAllocator>>::String' requested here
    handler.String(m->name.data_.s.str, m->name.data_.s.length, false);
            ^
reader.cpp:150:8: note: in instantiation of function template specialization 'rapidjson::GenericValue<rapidjson::UTF8<char>, rapidjson::MemoryPoolAllocator<rapidjson::CrtAllocator>>::Accept<MyHandler<rapidjson::FileStream, rapidjson::UTF16<char>, rapidjson::MemoryPoolAllocator<rapidjson::CrtAllocator>>>' requested here
  docu.Accept(handler);
       ^
/usr/lib/gcc/x86_64-linux-gnu/7.5.0/../../../../include/c++/7.5.0/ext/alloc_traits.h:121:7: note: non-constexpr function '__prof_track' cannot be used in a constant expression
    { __prof_track(671);
      ^
/usr/lib/gcc/x86_64-linux-gnu/7.5.0/../../../../include/c++/7.5.0/bits/basic_string.h:723:16: note: in call to '_S_nothrow_move()'
      noexcept(_Alloc_traits::_S_nothrow_move())
               ^
/root/project/prophet-gpl/wrap/../include/_prophet_profile.h:26:6: note: declared here
void __prof_track(unsigned long loc_idx);
     ^
In file included from reader.cpp:3:
In file included from /usr/lib/gcc/x86_64-linux-gnu/7.5.0/../../../../include/c++/7.5.0/set:61:
/usr/lib/gcc/x86_64-linux-gnu/7.5.0/../../../../include/c++/7.5.0/bits/stl_set.h:512:9: error: no matching constructor for initialization of 'std::pair<iterator, bool>' (aka 'pair<_Rb_tree_const_iterator<std::__cxx11::basic_string<char>>, bool>')
 return std::pair<iterator, bool>(__p.first, __p.second);
        ^                         ~~~~~~~~~~~~~~~~~~~~~
reader.cpp:92:22: note: in instantiation of member function 'std::set<std::__cxx11::basic_string<char>, std::less<std::__cxx11::basic_string<char>>, std::allocator<std::__cxx11::basic_string<char>>>::insert' requested here
    m_keyStack.top().insert(stream.str());
                     ^
reader.cpp:36:5: note: in instantiation of member function 'MyHandler<rapidjson::FileStream, rapidjson::UTF16<char>, rapidjson::MemoryPoolAllocator<rapidjson::CrtAllocator>>::ProcessString' requested here
    ProcessString(ch, siz);
    ^
rapidjson/include/rapidjson/document.h:513:13: note: in instantiation of member function 'MyHandler<rapidjson::FileStream, rapidjson::UTF16<char>, rapidjson::MemoryPoolAllocator<rapidjson::CrtAllocator>>::String' requested here
    handler.String(m->name.data_.s.str, m->name.data_.s.length, false);
            ^
reader.cpp:150:8: note: in instantiation of function template specialization 'rapidjson::GenericValue<rapidjson::UTF8<char>, rapidjson::MemoryPoolAllocator<rapidjson::CrtAllocator>>::Accept<MyHandler<rapidjson::FileStream, rapidjson::UTF16<char>, rapidjson::MemoryPoolAllocator<rapidjson::CrtAllocator>>>' requested here
  docu.Accept(handler);
       ^
/usr/lib/gcc/x86_64-linux-gnu/7.5.0/../../../../include/c++/7.5.0/bits/stl_pair.h:260:17: note: candidate template ignored: substitution failure [with _U1 = std::_Rb_tree_const_iterator<std::__cxx11::basic_string<char>>, _U2 = bool]: non-type template argument is not a constant expression
      constexpr pair(const _T1& __a, const _T2& __b)
                ^
/usr/lib/gcc/x86_64-linux-gnu/7.5.0/../../../../include/c++/7.5.0/bits/stl_pair.h:269:26: note: candidate template ignored: substitution failure [with _U1 = std::_Rb_tree_const_iterator<std::__cxx11::basic_string<char>>, _U2 = bool]: non-type template argument is not a constant expression
      explicit constexpr pair(const _T1& __a, const _T2& __b)
                         ^
/usr/lib/gcc/x86_64-linux-gnu/7.5.0/../../../../include/c++/7.5.0/bits/stl_pair.h:311:18: note: candidate template ignored: substitution failure [with _U1 = std::_Rb_tree_iterator<std::__cxx11::basic_string<char>> &]: non-type template argument is not a constant expression
       constexpr pair(_U1&& __x, const _T2& __y)
                 ^
/usr/lib/gcc/x86_64-linux-gnu/7.5.0/../../../../include/c++/7.5.0/bits/stl_pair.h:318:27: note: candidate template ignored: substitution failure [with _U1 = std::_Rb_tree_iterator<std::__cxx11::basic_string<char>> &]: non-type template argument is not a constant expression
       explicit constexpr pair(_U1&& __x, const _T2& __y)
                          ^
/usr/lib/gcc/x86_64-linux-gnu/7.5.0/../../../../include/c++/7.5.0/bits/stl_pair.h:325:18: note: candidate template ignored: substitution failure [with _U2 = bool &]: non-type template argument is not a constant expression
       constexpr pair(const _T1& __x, _U2&& __y)
                 ^
/usr/lib/gcc/x86_64-linux-gnu/7.5.0/../../../../include/c++/7.5.0/bits/stl_pair.h:332:17: note: candidate template ignored: substitution failure [with _U2 = bool &]: non-type template argument is not a constant expression
       explicit pair(const _T1& __x, _U2&& __y)
                ^
/usr/lib/gcc/x86_64-linux-gnu/7.5.0/../../../../include/c++/7.5.0/bits/stl_pair.h:341:12: note: candidate template ignored: substitution failure [with _U1 = std::_Rb_tree_iterator<std::__cxx11::basic_string<char>> &, _U2 = bool &]: non-type template argument is not a constant expression
 constexpr pair(_U1&& __x, _U2&& __y)
           ^
/usr/lib/gcc/x86_64-linux-gnu/7.5.0/../../../../include/c++/7.5.0/bits/stl_pair.h:350:21: note: candidate template ignored: substitution failure [with _U1 = std::_Rb_tree_iterator<std::__cxx11::basic_string<char>> &, _U2 = bool &]: non-type template argument is not a constant expression
 explicit constexpr pair(_U1&& __x, _U2&& __y)
                    ^
/usr/lib/gcc/x86_64-linux-gnu/7.5.0/../../../../include/c++/7.5.0/bits/stl_pair.h:291:19: note: candidate constructor template not viable: requires single argument '__p', but 2 arguments were provided
        constexpr pair(const pair<_U1, _U2>& __p)
                  ^
/usr/lib/gcc/x86_64-linux-gnu/7.5.0/../../../../include/c++/7.5.0/bits/stl_pair.h:300:21: note: candidate constructor template not viable: requires single argument '__p', but 2 arguments were provided
 explicit constexpr pair(const pair<_U1, _U2>& __p)
                    ^
/usr/lib/gcc/x86_64-linux-gnu/7.5.0/../../../../include/c++/7.5.0/bits/stl_pair.h:303:17: note: candidate constructor not viable: requires 1 argument, but 2 were provided
      constexpr pair(const pair&) = default;
                ^
/usr/lib/gcc/x86_64-linux-gnu/7.5.0/../../../../include/c++/7.5.0/bits/stl_pair.h:304:17: note: candidate constructor not viable: requires 1 argument, but 2 were provided
      constexpr pair(pair&&) = default;
                ^
/usr/lib/gcc/x86_64-linux-gnu/7.5.0/../../../../include/c++/7.5.0/bits/stl_pair.h:360:12: note: candidate constructor template not viable: requires single argument '__p', but 2 arguments were provided
 constexpr pair(pair<_U1, _U2>&& __p)
           ^
/usr/lib/gcc/x86_64-linux-gnu/7.5.0/../../../../include/c++/7.5.0/bits/stl_pair.h:370:21: note: candidate constructor template not viable: requires single argument '__p', but 2 arguments were provided
 explicit constexpr pair(pair<_U1, _U2>&& __p)
                    ^
/usr/lib/gcc/x86_64-linux-gnu/7.5.0/../../../../include/c++/7.5.0/bits/stl_pair.h:375:9: note: candidate constructor template not viable: requires 3 arguments, but 2 were provided
        pair(piecewise_construct_t, tuple<_Args1...>, tuple<_Args2...>);
        ^
/usr/lib/gcc/x86_64-linux-gnu/7.5.0/../../../../include/c++/7.5.0/bits/stl_pair.h:243:17: note: candidate constructor template not viable: requires 0 arguments, but 2 were provided
      constexpr pair()
                ^
/usr/lib/gcc/x86_64-linux-gnu/7.5.0/../../../../include/c++/7.5.0/bits/stl_pair.h:256:26: note: candidate constructor template not viable: requires 0 arguments, but 2 were provided
      explicit constexpr pair()
                         ^
/usr/lib/gcc/x86_64-linux-gnu/7.5.0/../../../../include/c++/7.5.0/bits/stl_pair.h:451:9: note: candidate constructor template not viable: requires 4 arguments, but 2 were provided
        pair(tuple<_Args1...>&, tuple<_Args2...>&,
        ^
In file included from reader.cpp:3:
In file included from /usr/lib/gcc/x86_64-linux-gnu/7.5.0/../../../../include/c++/7.5.0/set:60:
/usr/lib/gcc/x86_64-linux-gnu/7.5.0/../../../../include/c++/7.5.0/bits/stl_tree.h:2265:11: error: no matching constructor for initialization of '_Res' (aka 'pair<_Rb_tree_iterator<std::__cxx11::basic_string<char>>, bool>')
   return _Res(_M_insert_(__res.first, __res.second,
          ^    ~~~~~~~~~~~~~~~~~~~~~~~~~~~~~~~~~~~~~
/usr/lib/gcc/x86_64-linux-gnu/7.5.0/../../../../include/c++/7.5.0/bits/stl_set.h:511:9: note: in instantiation of function template specialization 'std::_Rb_tree<std::__cxx11::basic_string<char>, std::__cxx11::basic_string<char>, std::_Identity<std::__cxx11::basic_string<char>>, std::less<std::__cxx11::basic_string<char>>, std::allocator<std::__cxx11::basic_string<char>>>::_M_insert_unique<std::__cxx11::basic_string<char>>' requested here
   _M_t._M_insert_unique(std::move(__x));
        ^
reader.cpp:92:22: note: in instantiation of member function 'std::set<std::__cxx11::basic_string<char>, std::less<std::__cxx11::basic_string<char>>, std::allocator<std::__cxx11::basic_string<char>>>::insert' requested here
    m_keyStack.top().insert(stream.str());
                     ^
reader.cpp:36:5: note: in instantiation of member function 'MyHandler<rapidjson::FileStream, rapidjson::UTF16<char>, rapidjson::MemoryPoolAllocator<rapidjson::CrtAllocator>>::ProcessString' requested here
    ProcessString(ch, siz);
    ^
rapidjson/include/rapidjson/document.h:513:13: note: in instantiation of member function 'MyHandler<rapidjson::FileStream, rapidjson::UTF16<char>, rapidjson::MemoryPoolAllocator<rapidjson::CrtAllocator>>::String' requested here
    handler.String(m->name.data_.s.str, m->name.data_.s.length, false);
            ^
reader.cpp:150:8: note: in instantiation of function template specialization 'rapidjson::GenericValue<rapidjson::UTF8<char>, rapidjson::MemoryPoolAllocator<rapidjson::CrtAllocator>>::Accept<MyHandler<rapidjson::FileStream, rapidjson::UTF16<char>, rapidjson::MemoryPoolAllocator<rapidjson::CrtAllocator>>>' requested here
  docu.Accept(handler);
       ^
/usr/lib/gcc/x86_64-linux-gnu/7.5.0/../../../../include/c++/7.5.0/bits/stl_pair.h:260:17: note: candidate template ignored: substitution failure [with _U1 = std::_Rb_tree_iterator<std::__cxx11::basic_string<char>>, _U2 = bool]: non-type template argument is not a constant expression
      constexpr pair(const _T1& __a, const _T2& __b)
                ^
/usr/lib/gcc/x86_64-linux-gnu/7.5.0/../../../../include/c++/7.5.0/bits/stl_pair.h:269:26: note: candidate template ignored: substitution failure [with _U1 = std::_Rb_tree_iterator<std::__cxx11::basic_string<char>>, _U2 = bool]: non-type template argument is not a constant expression
      explicit constexpr pair(const _T1& __a, const _T2& __b)
                         ^
/usr/lib/gcc/x86_64-linux-gnu/7.5.0/../../../../include/c++/7.5.0/bits/stl_pair.h:311:18: note: candidate template ignored: substitution failure [with _U1 = std::_Rb_tree_iterator<std::__cxx11::basic_string<char>>]: non-type template argument is not a constant expression
       constexpr pair(_U1&& __x, const _T2& __y)
                 ^
/usr/lib/gcc/x86_64-linux-gnu/7.5.0/../../../../include/c++/7.5.0/bits/stl_pair.h:318:27: note: candidate template ignored: substitution failure [with _U1 = std::_Rb_tree_iterator<std::__cxx11::basic_string<char>>]: non-type template argument is not a constant expression
       explicit constexpr pair(_U1&& __x, const _T2& __y)
                          ^
/usr/lib/gcc/x86_64-linux-gnu/7.5.0/../../../../include/c++/7.5.0/bits/stl_pair.h:325:18: note: candidate template ignored: substitution failure [with _U2 = bool]: non-type template argument is not a constant expression
       constexpr pair(const _T1& __x, _U2&& __y)
                 ^
/usr/lib/gcc/x86_64-linux-gnu/7.5.0/../../../../include/c++/7.5.0/bits/stl_pair.h:332:17: note: candidate template ignored: substitution failure [with _U2 = bool]: non-type template argument is not a constant expression
       explicit pair(const _T1& __x, _U2&& __y)
                ^
/usr/lib/gcc/x86_64-linux-gnu/7.5.0/../../../../include/c++/7.5.0/bits/stl_pair.h:341:12: note: candidate template ignored: substitution failure [with _U1 = std::_Rb_tree_iterator<std::__cxx11::basic_string<char>>, _U2 = bool]: non-type template argument is not a constant expression
 constexpr pair(_U1&& __x, _U2&& __y)
           ^
/usr/lib/gcc/x86_64-linux-gnu/7.5.0/../../../../include/c++/7.5.0/bits/stl_pair.h:350:21: note: candidate template ignored: substitution failure [with _U1 = std::_Rb_tree_iterator<std::__cxx11::basic_string<char>>, _U2 = bool]: non-type template argument is not a constant expression
 explicit constexpr pair(_U1&& __x, _U2&& __y)
                    ^
/usr/lib/gcc/x86_64-linux-gnu/7.5.0/../../../../include/c++/7.5.0/bits/stl_pair.h:291:19: note: candidate constructor template not viable: requires single argument '__p', but 2 arguments were provided
        constexpr pair(const pair<_U1, _U2>& __p)
                  ^
/usr/lib/gcc/x86_64-linux-gnu/7.5.0/../../../../include/c++/7.5.0/bits/stl_pair.h:300:21: note: candidate constructor template not viable: requires single argument '__p', but 2 arguments were provided
 explicit constexpr pair(const pair<_U1, _U2>& __p)
                    ^
/usr/lib/gcc/x86_64-linux-gnu/7.5.0/../../../../include/c++/7.5.0/bits/stl_pair.h:303:17: note: candidate constructor not viable: requires 1 argument, but 2 were provided
      constexpr pair(const pair&) = default;
                ^
/usr/lib/gcc/x86_64-linux-gnu/7.5.0/../../../../include/c++/7.5.0/bits/stl_pair.h:304:17: note: candidate constructor not viable: requires 1 argument, but 2 were provided
      constexpr pair(pair&&) = default;
                ^
/usr/lib/gcc/x86_64-linux-gnu/7.5.0/../../../../include/c++/7.5.0/bits/stl_pair.h:360:12: note: candidate constructor template not viable: requires single argument '__p', but 2 arguments were provided
 constexpr pair(pair<_U1, _U2>&& __p)
           ^
/usr/lib/gcc/x86_64-linux-gnu/7.5.0/../../../../include/c++/7.5.0/bits/stl_pair.h:370:21: note: candidate constructor template not viable: requires single argument '__p', but 2 arguments were provided
 explicit constexpr pair(pair<_U1, _U2>&& __p)
                    ^
/usr/lib/gcc/x86_64-linux-gnu/7.5.0/../../../../include/c++/7.5.0/bits/stl_pair.h:375:9: note: candidate constructor template not viable: requires 3 arguments, but 2 were provided
        pair(piecewise_construct_t, tuple<_Args1...>, tuple<_Args2...>);
        ^
/usr/lib/gcc/x86_64-linux-gnu/7.5.0/../../../../include/c++/7.5.0/bits/stl_pair.h:243:17: note: candidate constructor template not viable: requires 0 arguments, but 2 were provided
      constexpr pair()
                ^
/usr/lib/gcc/x86_64-linux-gnu/7.5.0/../../../../include/c++/7.5.0/bits/stl_pair.h:256:26: note: candidate constructor template not viable: requires 0 arguments, but 2 were provided
      explicit constexpr pair()
                         ^
/usr/lib/gcc/x86_64-linux-gnu/7.5.0/../../../../include/c++/7.5.0/bits/stl_pair.h:451:9: note: candidate constructor template not viable: requires 4 arguments, but 2 were provided
        pair(tuple<_Args1...>&, tuple<_Args2...>&,
        ^
In file included from reader.cpp:3:
In file included from /usr/lib/gcc/x86_64-linux-gnu/7.5.0/../../../../include/c++/7.5.0/set:60:
/usr/lib/gcc/x86_64-linux-gnu/7.5.0/../../../../include/c++/7.5.0/bits/stl_tree.h:2271:14: error: no matching constructor for initialization of '_Res' (aka 'pair<_Rb_tree_iterator<std::__cxx11::basic_string<char>>, bool>')
      return _Res(iterator(__res.first), false);
             ^    ~~~~~~~~~~~~~~~~~~~~~~~~~~~~
/usr/lib/gcc/x86_64-linux-gnu/7.5.0/../../../../include/c++/7.5.0/bits/stl_pair.h:260:17: note: candidate template ignored: substitution failure [with _U1 = std::_Rb_tree_iterator<std::__cxx11::basic_string<char>>, _U2 = bool]: non-type template argument is not a constant expression
      constexpr pair(const _T1& __a, const _T2& __b)
                ^
/usr/lib/gcc/x86_64-linux-gnu/7.5.0/../../../../include/c++/7.5.0/bits/stl_pair.h:269:26: note: candidate template ignored: substitution failure [with _U1 = std::_Rb_tree_iterator<std::__cxx11::basic_string<char>>, _U2 = bool]: non-type template argument is not a constant expression
      explicit constexpr pair(const _T1& __a, const _T2& __b)
                         ^
/usr/lib/gcc/x86_64-linux-gnu/7.5.0/../../../../include/c++/7.5.0/bits/stl_pair.h:311:18: note: candidate template ignored: substitution failure [with _U1 = std::_Rb_tree_iterator<std::__cxx11::basic_string<char>>]: non-type template argument is not a constant expression
       constexpr pair(_U1&& __x, const _T2& __y)
                 ^
/usr/lib/gcc/x86_64-linux-gnu/7.5.0/../../../../include/c++/7.5.0/bits/stl_pair.h:318:27: note: candidate template ignored: substitution failure [with _U1 = std::_Rb_tree_iterator<std::__cxx11::basic_string<char>>]: non-type template argument is not a constant expression
       explicit constexpr pair(_U1&& __x, const _T2& __y)
                          ^
/usr/lib/gcc/x86_64-linux-gnu/7.5.0/../../../../include/c++/7.5.0/bits/stl_pair.h:325:18: note: candidate template ignored: substitution failure [with _U2 = bool]: non-type template argument is not a constant expression
       constexpr pair(const _T1& __x, _U2&& __y)
                 ^
/usr/lib/gcc/x86_64-linux-gnu/7.5.0/../../../../include/c++/7.5.0/bits/stl_pair.h:332:17: note: candidate template ignored: substitution failure [with _U2 = bool]: non-type template argument is not a constant expression
       explicit pair(const _T1& __x, _U2&& __y)
                ^
/usr/lib/gcc/x86_64-linux-gnu/7.5.0/../../../../include/c++/7.5.0/bits/stl_pair.h:341:12: note: candidate template ignored: substitution failure [with _U1 = std::_Rb_tree_iterator<std::__cxx11::basic_string<char>>, _U2 = bool]: non-type template argument is not a constant expression
 constexpr pair(_U1&& __x, _U2&& __y)
           ^
/usr/lib/gcc/x86_64-linux-gnu/7.5.0/../../../../include/c++/7.5.0/bits/stl_pair.h:350:21: note: candidate template ignored: substitution failure [with _U1 = std::_Rb_tree_iterator<std::__cxx11::basic_string<char>>, _U2 = bool]: non-type template argument is not a constant expression
 explicit constexpr pair(_U1&& __x, _U2&& __y)
                    ^
/usr/lib/gcc/x86_64-linux-gnu/7.5.0/../../../../include/c++/7.5.0/bits/stl_pair.h:291:19: note: candidate constructor template not viable: requires single argument '__p', but 2 arguments were provided
        constexpr pair(const pair<_U1, _U2>& __p)
                  ^
/usr/lib/gcc/x86_64-linux-gnu/7.5.0/../../../../include/c++/7.5.0/bits/stl_pair.h:300:21: note: candidate constructor template not viable: requires single argument '__p', but 2 arguments were provided
 explicit constexpr pair(const pair<_U1, _U2>& __p)
                    ^
/usr/lib/gcc/x86_64-linux-gnu/7.5.0/../../../../include/c++/7.5.0/bits/stl_pair.h:303:17: note: candidate constructor not viable: requires 1 argument, but 2 were provided
      constexpr pair(const pair&) = default;
                ^
/usr/lib/gcc/x86_64-linux-gnu/7.5.0/../../../../include/c++/7.5.0/bits/stl_pair.h:304:17: note: candidate constructor not viable: requires 1 argument, but 2 were provided
      constexpr pair(pair&&) = default;
                ^
/usr/lib/gcc/x86_64-linux-gnu/7.5.0/../../../../include/c++/7.5.0/bits/stl_pair.h:360:12: note: candidate constructor template not viable: requires single argument '__p', but 2 arguments were provided
 constexpr pair(pair<_U1, _U2>&& __p)
           ^
/usr/lib/gcc/x86_64-linux-gnu/7.5.0/../../../../include/c++/7.5.0/bits/stl_pair.h:370:21: note: candidate constructor template not viable: requires single argument '__p', but 2 arguments were provided
 explicit constexpr pair(pair<_U1, _U2>&& __p)
                    ^
/usr/lib/gcc/x86_64-linux-gnu/7.5.0/../../../../include/c++/7.5.0/bits/stl_pair.h:375:9: note: candidate constructor template not viable: requires 3 arguments, but 2 were provided
        pair(piecewise_construct_t, tuple<_Args1...>, tuple<_Args2...>);
        ^
/usr/lib/gcc/x86_64-linux-gnu/7.5.0/../../../../include/c++/7.5.0/bits/stl_pair.h:243:17: note: candidate constructor template not viable: requires 0 arguments, but 2 were provided
      constexpr pair()
                ^
/usr/lib/gcc/x86_64-linux-gnu/7.5.0/../../../../include/c++/7.5.0/bits/stl_pair.h:256:26: note: candidate constructor template not viable: requires 0 arguments, but 2 were provided
      explicit constexpr pair()
                         ^
/usr/lib/gcc/x86_64-linux-gnu/7.5.0/../../../../include/c++/7.5.0/bits/stl_pair.h:451:9: note: candidate constructor template not viable: requires 4 arguments, but 2 were provided
        pair(tuple<_Args1...>&, tuple<_Args2...>&,
        ^
In file included from reader.cpp:3:
In file included from /usr/lib/gcc/x86_64-linux-gnu/7.5.0/../../../../include/c++/7.5.0/set:60:
/usr/lib/gcc/x86_64-linux-gnu/7.5.0/../../../../include/c++/7.5.0/bits/stl_tree.h:2198:13: error: no matching constructor for initialization of '_Res' (aka 'pair<std::_Rb_tree_node_base *, std::_Rb_tree_node_base *>')
     return _Res(__x, __y);}
            ^    ~~~~~~~~
/usr/lib/gcc/x86_64-linux-gnu/7.5.0/../../../../include/c++/7.5.0/bits/stl_tree.h:2257:4: note: in instantiation of member function 'std::_Rb_tree<std::__cxx11::basic_string<char>, std::__cxx11::basic_string<char>, std::_Identity<std::__cxx11::basic_string<char>>, std::less<std::__cxx11::basic_string<char>>, std::allocator<std::__cxx11::basic_string<char>>>::_M_get_insert_unique_pos' requested here
 = _M_get_insert_unique_pos(_KeyOfValue()(__v));
   ^
/usr/lib/gcc/x86_64-linux-gnu/7.5.0/../../../../include/c++/7.5.0/bits/stl_set.h:511:9: note: in instantiation of function template specialization 'std::_Rb_tree<std::__cxx11::basic_string<char>, std::__cxx11::basic_string<char>, std::_Identity<std::__cxx11::basic_string<char>>, std::less<std::__cxx11::basic_string<char>>, std::allocator<std::__cxx11::basic_string<char>>>::_M_insert_unique<std::__cxx11::basic_string<char>>' requested here
   _M_t._M_insert_unique(std::move(__x));
        ^
reader.cpp:92:22: note: in instantiation of member function 'std::set<std::__cxx11::basic_string<char>, std::less<std::__cxx11::basic_string<char>>, std::allocator<std::__cxx11::basic_string<char>>>::insert' requested here
    m_keyStack.top().insert(stream.str());
                     ^
reader.cpp:36:5: note: in instantiation of member function 'MyHandler<rapidjson::FileStream, rapidjson::UTF16<char>, rapidjson::MemoryPoolAllocator<rapidjson::CrtAllocator>>::ProcessString' requested here
    ProcessString(ch, siz);
    ^
rapidjson/include/rapidjson/document.h:513:13: note: in instantiation of member function 'MyHandler<rapidjson::FileStream, rapidjson::UTF16<char>, rapidjson::MemoryPoolAllocator<rapidjson::CrtAllocator>>::String' requested here
    handler.String(m->name.data_.s.str, m->name.data_.s.length, false);
            ^
reader.cpp:150:8: note: in instantiation of function template specialization 'rapidjson::GenericValue<rapidjson::UTF8<char>, rapidjson::MemoryPoolAllocator<rapidjson::CrtAllocator>>::Accept<MyHandler<rapidjson::FileStream, rapidjson::UTF16<char>, rapidjson::MemoryPoolAllocator<rapidjson::CrtAllocator>>>' requested here
  docu.Accept(handler);
       ^
/usr/lib/gcc/x86_64-linux-gnu/7.5.0/../../../../include/c++/7.5.0/bits/stl_pair.h:260:17: note: candidate template ignored: substitution failure [with _U1 = std::_Rb_tree_node_base *, _U2 = std::_Rb_tree_node_base *]: non-type template argument is not a constant expression
      constexpr pair(const _T1& __a, const _T2& __b)
                ^
/usr/lib/gcc/x86_64-linux-gnu/7.5.0/../../../../include/c++/7.5.0/bits/stl_pair.h:269:26: note: candidate template ignored: substitution failure [with _U1 = std::_Rb_tree_node_base *, _U2 = std::_Rb_tree_node_base *]: non-type template argument is not a constant expression
      explicit constexpr pair(const _T1& __a, const _T2& __b)
                         ^
/usr/lib/gcc/x86_64-linux-gnu/7.5.0/../../../../include/c++/7.5.0/bits/stl_pair.h:311:18: note: candidate template ignored: substitution failure [with _U1 = std::_Rb_tree_node<std::__cxx11::basic_string<char>> *&]: non-type template argument is not a constant expression
       constexpr pair(_U1&& __x, const _T2& __y)
                 ^
/usr/lib/gcc/x86_64-linux-gnu/7.5.0/../../../../include/c++/7.5.0/bits/stl_pair.h:318:27: note: candidate template ignored: substitution failure [with _U1 = std::_Rb_tree_node<std::__cxx11::basic_string<char>> *&]: non-type template argument is not a constant expression
       explicit constexpr pair(_U1&& __x, const _T2& __y)
                          ^
/usr/lib/gcc/x86_64-linux-gnu/7.5.0/../../../../include/c++/7.5.0/bits/stl_pair.h:325:18: note: candidate template ignored: substitution failure [with _U2 = std::_Rb_tree_node_base *&]: non-type template argument is not a constant expression
       constexpr pair(const _T1& __x, _U2&& __y)
                 ^
/usr/lib/gcc/x86_64-linux-gnu/7.5.0/../../../../include/c++/7.5.0/bits/stl_pair.h:332:17: note: candidate template ignored: substitution failure [with _U2 = std::_Rb_tree_node_base *&]: non-type template argument is not a constant expression
       explicit pair(const _T1& __x, _U2&& __y)
                ^
/usr/lib/gcc/x86_64-linux-gnu/7.5.0/../../../../include/c++/7.5.0/bits/stl_pair.h:341:12: note: candidate template ignored: substitution failure [with _U1 = std::_Rb_tree_node<std::__cxx11::basic_string<char>> *&, _U2 = std::_Rb_tree_node_base *&]: non-type template argument is not a constant expression
 constexpr pair(_U1&& __x, _U2&& __y)
           ^
/usr/lib/gcc/x86_64-linux-gnu/7.5.0/../../../../include/c++/7.5.0/bits/stl_pair.h:350:21: note: candidate template ignored: substitution failure [with _U1 = std::_Rb_tree_node<std::__cxx11::basic_string<char>> *&, _U2 = std::_Rb_tree_node_base *&]: non-type template argument is not a constant expression
 explicit constexpr pair(_U1&& __x, _U2&& __y)
                    ^
/usr/lib/gcc/x86_64-linux-gnu/7.5.0/../../../../include/c++/7.5.0/bits/stl_pair.h:291:19: note: candidate constructor template not viable: requires single argument '__p', but 2 arguments were provided
        constexpr pair(const pair<_U1, _U2>& __p)
                  ^
/usr/lib/gcc/x86_64-linux-gnu/7.5.0/../../../../include/c++/7.5.0/bits/stl_pair.h:300:21: note: candidate constructor template not viable: requires single argument '__p', but 2 arguments were provided
 explicit constexpr pair(const pair<_U1, _U2>& __p)
                    ^
/usr/lib/gcc/x86_64-linux-gnu/7.5.0/../../../../include/c++/7.5.0/bits/stl_pair.h:303:17: note: candidate constructor not viable: requires 1 argument, but 2 were provided
      constexpr pair(const pair&) = default;
                ^
/usr/lib/gcc/x86_64-linux-gnu/7.5.0/../../../../include/c++/7.5.0/bits/stl_pair.h:304:17: note: candidate constructor not viable: requires 1 argument, but 2 were provided
      constexpr pair(pair&&) = default;
                ^
/usr/lib/gcc/x86_64-linux-gnu/7.5.0/../../../../include/c++/7.5.0/bits/stl_pair.h:360:12: note: candidate constructor template not viable: requires single argument '__p', but 2 arguments were provided
 constexpr pair(pair<_U1, _U2>&& __p)
           ^
/usr/lib/gcc/x86_64-linux-gnu/7.5.0/../../../../include/c++/7.5.0/bits/stl_pair.h:370:21: note: candidate constructor template not viable: requires single argument '__p', but 2 arguments were provided
 explicit constexpr pair(pair<_U1, _U2>&& __p)
                    ^
/usr/lib/gcc/x86_64-linux-gnu/7.5.0/../../../../include/c++/7.5.0/bits/stl_pair.h:375:9: note: candidate constructor template not viable: requires 3 arguments, but 2 were provided
        pair(piecewise_construct_t, tuple<_Args1...>, tuple<_Args2...>);
        ^
/usr/lib/gcc/x86_64-linux-gnu/7.5.0/../../../../include/c++/7.5.0/bits/stl_pair.h:243:17: note: candidate constructor template not viable: requires 0 arguments, but 2 were provided
      constexpr pair()
                ^
/usr/lib/gcc/x86_64-linux-gnu/7.5.0/../../../../include/c++/7.5.0/bits/stl_pair.h:256:26: note: candidate constructor template not viable: requires 0 arguments, but 2 were provided
      explicit constexpr pair()
                         ^
/usr/lib/gcc/x86_64-linux-gnu/7.5.0/../../../../include/c++/7.5.0/bits/stl_pair.h:451:9: note: candidate constructor template not viable: requires 4 arguments, but 2 were provided
        pair(tuple<_Args1...>&, tuple<_Args2...>&,
        ^
In file included from reader.cpp:3:
In file included from /usr/lib/gcc/x86_64-linux-gnu/7.5.0/../../../../include/c++/7.5.0/set:60:
/usr/lib/gcc/x86_64-linux-gnu/7.5.0/../../../../include/c++/7.5.0/bits/stl_tree.h:2206:9: error: no matching constructor for initialization of '_Res' (aka 'pair<std::_Rb_tree_node_base *, std::_Rb_tree_node_base *>')
 return _Res(__x, __y);}
        ^    ~~~~~~~~
/usr/lib/gcc/x86_64-linux-gnu/7.5.0/../../../../include/c++/7.5.0/bits/stl_pair.h:260:17: note: candidate template ignored: substitution failure [with _U1 = std::_Rb_tree_node_base *, _U2 = std::_Rb_tree_node_base *]: non-type template argument is not a constant expression
      constexpr pair(const _T1& __a, const _T2& __b)
                ^
/usr/lib/gcc/x86_64-linux-gnu/7.5.0/../../../../include/c++/7.5.0/bits/stl_pair.h:269:26: note: candidate template ignored: substitution failure [with _U1 = std::_Rb_tree_node_base *, _U2 = std::_Rb_tree_node_base *]: non-type template argument is not a constant expression
      explicit constexpr pair(const _T1& __a, const _T2& __b)
                         ^
/usr/lib/gcc/x86_64-linux-gnu/7.5.0/../../../../include/c++/7.5.0/bits/stl_pair.h:311:18: note: candidate template ignored: substitution failure [with _U1 = std::_Rb_tree_node<std::__cxx11::basic_string<char>> *&]: non-type template argument is not a constant expression
       constexpr pair(_U1&& __x, const _T2& __y)
                 ^
/usr/lib/gcc/x86_64-linux-gnu/7.5.0/../../../../include/c++/7.5.0/bits/stl_pair.h:318:27: note: candidate template ignored: substitution failure [with _U1 = std::_Rb_tree_node<std::__cxx11::basic_string<char>> *&]: non-type template argument is not a constant expression
       explicit constexpr pair(_U1&& __x, const _T2& __y)
                          ^
/usr/lib/gcc/x86_64-linux-gnu/7.5.0/../../../../include/c++/7.5.0/bits/stl_pair.h:325:18: note: candidate template ignored: substitution failure [with _U2 = std::_Rb_tree_node_base *&]: non-type template argument is not a constant expression
       constexpr pair(const _T1& __x, _U2&& __y)
                 ^
/usr/lib/gcc/x86_64-linux-gnu/7.5.0/../../../../include/c++/7.5.0/bits/stl_pair.h:332:17: note: candidate template ignored: substitution failure [with _U2 = std::_Rb_tree_node_base *&]: non-type template argument is not a constant expression
       explicit pair(const _T1& __x, _U2&& __y)
                ^
/usr/lib/gcc/x86_64-linux-gnu/7.5.0/../../../../include/c++/7.5.0/bits/stl_pair.h:341:12: note: candidate template ignored: substitution failure [with _U1 = std::_Rb_tree_node<std::__cxx11::basic_string<char>> *&, _U2 = std::_Rb_tree_node_base *&]: non-type template argument is not a constant expression
 constexpr pair(_U1&& __x, _U2&& __y)
           ^
/usr/lib/gcc/x86_64-linux-gnu/7.5.0/../../../../include/c++/7.5.0/bits/stl_pair.h:350:21: note: candidate template ignored: substitution failure [with _U1 = std::_Rb_tree_node<std::__cxx11::basic_string<char>> *&, _U2 = std::_Rb_tree_node_base *&]: non-type template argument is not a constant expression
 explicit constexpr pair(_U1&& __x, _U2&& __y)
                    ^
/usr/lib/gcc/x86_64-linux-gnu/7.5.0/../../../../include/c++/7.5.0/bits/stl_pair.h:291:19: note: candidate constructor template not viable: requires single argument '__p', but 2 arguments were provided
        constexpr pair(const pair<_U1, _U2>& __p)
                  ^
/usr/lib/gcc/x86_64-linux-gnu/7.5.0/../../../../include/c++/7.5.0/bits/stl_pair.h:300:21: note: candidate constructor template not viable: requires single argument '__p', but 2 arguments were provided
 explicit constexpr pair(const pair<_U1, _U2>& __p)
                    ^
/usr/lib/gcc/x86_64-linux-gnu/7.5.0/../../../../include/c++/7.5.0/bits/stl_pair.h:303:17: note: candidate constructor not viable: requires 1 argument, but 2 were provided
      constexpr pair(const pair&) = default;
                ^
/usr/lib/gcc/x86_64-linux-gnu/7.5.0/../../../../include/c++/7.5.0/bits/stl_pair.h:304:17: note: candidate constructor not viable: requires 1 argument, but 2 were provided
      constexpr pair(pair&&) = default;
                ^
/usr/lib/gcc/x86_64-linux-gnu/7.5.0/../../../../include/c++/7.5.0/bits/stl_pair.h:360:12: note: candidate constructor template not viable: requires single argument '__p', but 2 arguments were provided
 constexpr pair(pair<_U1, _U2>&& __p)
           ^
/usr/lib/gcc/x86_64-linux-gnu/7.5.0/../../../../include/c++/7.5.0/bits/stl_pair.h:370:21: note: candidate constructor template not viable: requires single argument '__p', but 2 arguments were provided
 explicit constexpr pair(pair<_U1, _U2>&& __p)
                    ^
/usr/lib/gcc/x86_64-linux-gnu/7.5.0/../../../../include/c++/7.5.0/bits/stl_pair.h:375:9: note: candidate constructor template not viable: requires 3 arguments, but 2 were provided
        pair(piecewise_construct_t, tuple<_Args1...>, tuple<_Args2...>);
        ^
/usr/lib/gcc/x86_64-linux-gnu/7.5.0/../../../../include/c++/7.5.0/bits/stl_pair.h:243:17: note: candidate constructor template not viable: requires 0 arguments, but 2 were provided
      constexpr pair()
                ^
/usr/lib/gcc/x86_64-linux-gnu/7.5.0/../../../../include/c++/7.5.0/bits/stl_pair.h:256:26: note: candidate constructor template not viable: requires 0 arguments, but 2 were provided
      explicit constexpr pair()
                         ^
/usr/lib/gcc/x86_64-linux-gnu/7.5.0/../../../../include/c++/7.5.0/bits/stl_pair.h:451:9: note: candidate constructor template not viable: requires 4 arguments, but 2 were provided
        pair(tuple<_Args1...>&, tuple<_Args2...>&,
        ^
In file included from reader.cpp:3:
In file included from /usr/lib/gcc/x86_64-linux-gnu/7.5.0/../../../../include/c++/7.5.0/set:60:
/usr/lib/gcc/x86_64-linux-gnu/7.5.0/../../../../include/c++/7.5.0/bits/stl_tree.h:2208:14: error: no matching constructor for initialization of '_Res' (aka 'pair<std::_Rb_tree_node_base *, std::_Rb_tree_node_base *>')
      return _Res(__j._M_node, 0);
             ^    ~~~~~~~~~~~~~~
/usr/lib/gcc/x86_64-linux-gnu/7.5.0/../../../../include/c++/7.5.0/bits/stl_pair.h:260:17: note: candidate template ignored: substitution failure [with _U1 = std::_Rb_tree_node_base *, _U2 = std::_Rb_tree_node_base *]: non-type template argument is not a constant expression
      constexpr pair(const _T1& __a, const _T2& __b)
                ^
/usr/lib/gcc/x86_64-linux-gnu/7.5.0/../../../../include/c++/7.5.0/bits/stl_pair.h:269:26: note: candidate template ignored: substitution failure [with _U1 = std::_Rb_tree_node_base *, _U2 = std::_Rb_tree_node_base *]: non-type template argument is not a constant expression
      explicit constexpr pair(const _T1& __a, const _T2& __b)
                         ^
/usr/lib/gcc/x86_64-linux-gnu/7.5.0/../../../../include/c++/7.5.0/bits/stl_pair.h:311:18: note: candidate template ignored: substitution failure [with _U1 = std::_Rb_tree_node_base *&]: non-type template argument is not a constant expression
       constexpr pair(_U1&& __x, const _T2& __y)
                 ^
/usr/lib/gcc/x86_64-linux-gnu/7.5.0/../../../../include/c++/7.5.0/bits/stl_pair.h:318:27: note: candidate template ignored: substitution failure [with _U1 = std::_Rb_tree_node_base *&]: non-type template argument is not a constant expression
       explicit constexpr pair(_U1&& __x, const _T2& __y)
                          ^
/usr/lib/gcc/x86_64-linux-gnu/7.5.0/../../../../include/c++/7.5.0/bits/stl_pair.h:325:18: note: candidate template ignored: substitution failure [with _U2 = int]: non-type template argument is not a constant expression
       constexpr pair(const _T1& __x, _U2&& __y)
                 ^
/usr/lib/gcc/x86_64-linux-gnu/7.5.0/../../../../include/c++/7.5.0/bits/stl_pair.h:332:17: note: candidate template ignored: substitution failure [with _U2 = int]: non-type template argument is not a constant expression
       explicit pair(const _T1& __x, _U2&& __y)
                ^
/usr/lib/gcc/x86_64-linux-gnu/7.5.0/../../../../include/c++/7.5.0/bits/stl_pair.h:341:12: note: candidate template ignored: substitution failure [with _U1 = std::_Rb_tree_node_base *&, _U2 = int]: non-type template argument is not a constant expression
 constexpr pair(_U1&& __x, _U2&& __y)
           ^
/usr/lib/gcc/x86_64-linux-gnu/7.5.0/../../../../include/c++/7.5.0/bits/stl_pair.h:350:21: note: candidate template ignored: substitution failure [with _U1 = std::_Rb_tree_node_base *&, _U2 = int]: non-type template argument is not a constant expression
 explicit constexpr pair(_U1&& __x, _U2&& __y)
                    ^
/usr/lib/gcc/x86_64-linux-gnu/7.5.0/../../../../include/c++/7.5.0/bits/stl_pair.h:291:19: note: candidate constructor template not viable: requires single argument '__p', but 2 arguments were provided
        constexpr pair(const pair<_U1, _U2>& __p)
                  ^
/usr/lib/gcc/x86_64-linux-gnu/7.5.0/../../../../include/c++/7.5.0/bits/stl_pair.h:300:21: note: candidate constructor template not viable: requires single argument '__p', but 2 arguments were provided
 explicit constexpr pair(const pair<_U1, _U2>& __p)
                    ^
/usr/lib/gcc/x86_64-linux-gnu/7.5.0/../../../../include/c++/7.5.0/bits/stl_pair.h:303:17: note: candidate constructor not viable: requires 1 argument, but 2 were provided
      constexpr pair(const pair&) = default;
                ^
/usr/lib/gcc/x86_64-linux-gnu/7.5.0/../../../../include/c++/7.5.0/bits/stl_pair.h:304:17: note: candidate constructor not viable: requires 1 argument, but 2 were provided
      constexpr pair(pair&&) = default;
                ^
/usr/lib/gcc/x86_64-linux-gnu/7.5.0/../../../../include/c++/7.5.0/bits/stl_pair.h:360:12: note: candidate constructor template not viable: requires single argument '__p', but 2 arguments were provided
 constexpr pair(pair<_U1, _U2>&& __p)
           ^
/usr/lib/gcc/x86_64-linux-gnu/7.5.0/../../../../include/c++/7.5.0/bits/stl_pair.h:370:21: note: candidate constructor template not viable: requires single argument '__p', but 2 arguments were provided
 explicit constexpr pair(pair<_U1, _U2>&& __p)
                    ^
/usr/lib/gcc/x86_64-linux-gnu/7.5.0/../../../../include/c++/7.5.0/bits/stl_pair.h:375:9: note: candidate constructor template not viable: requires 3 arguments, but 2 were provided
        pair(piecewise_construct_t, tuple<_Args1...>, tuple<_Args2...>);
        ^
/usr/lib/gcc/x86_64-linux-gnu/7.5.0/../../../../include/c++/7.5.0/bits/stl_pair.h:243:17: note: candidate constructor template not viable: requires 0 arguments, but 2 were provided
      constexpr pair()
                ^
/usr/lib/gcc/x86_64-linux-gnu/7.5.0/../../../../include/c++/7.5.0/bits/stl_pair.h:256:26: note: candidate constructor template not viable: requires 0 arguments, but 2 were provided
      explicit constexpr pair()
                         ^
/usr/lib/gcc/x86_64-linux-gnu/7.5.0/../../../../include/c++/7.5.0/bits/stl_pair.h:451:9: note: candidate constructor template not viable: requires 4 arguments, but 2 were provided
        pair(tuple<_Args1...>&, tuple<_Args2...>&,
        ^
1 warning and 8 errors generated.
wrap/pclang
['/root/project/prophet-gpl/wrap/g++', '-c', 'reader.cpp', '-I', 'rapidjson/include/rapidjson/', '-std=c++11', '-o', 'reader.o']
Invoking: clang++ -E reader.cpp -I rapidjson/include/rapidjson/ -std=c++11 -o /tmp/pclang_35419518.cpp
Invoking: clang++ -Xclang -load -Xclang /root/project/prophet-gpl/wrap/../src/.libs/libprofiler.so.0 -Xclang -plugin -Xclang err-profiler-gen -Xclang -plugin-arg-err-profiler-gen -Xclang /tmp/pclang_75070432.cpp -Xclang -plugin-arg-err-profiler-gen -Xclang /tmp/__index.loc -c reader.cpp -I rapidjson/include/rapidjson/ -std=c++11 -o reader.o
Invoking: clang++ -Xclang -load -Xclang /root/project/prophet-gpl/wrap/../src/.libs/libprofiler.so.0 -Xclang -plugin -Xclang err-profiler-rewrite  -Xclang -plugin-arg-err-profiler-rewrite -Xclang /tmp/pclang_75070432.cpp -Xclang -plugin-arg-err-profiler-rewrite -Xclang /tmp/pclang_34572676.cpp -c /tmp/pclang_35419518.cpp -I rapidjson/include/rapidjson/ -std=c++11 -o reader.o
invoking: clang++ -I/root/project/prophet-gpl/wrap/../include -c /tmp/pclang_34572676.cpp -I rapidjson/include/rapidjson/ -std=c++11 -o reader.o
Makefile:2: recipe for target 'prog' failed
make: *** [prog] Error 1
simple-build
Path env:  /root/project/prophet-gpl/wrap:/usr/local/sbin:/usr/local/bin:/usr/sbin:/usr/bin:/sbin:/bin
Build failed!
/root/project/prophet-gpl/wrap/g++ -c reader.cpp -I rapidjson/include/rapidjson/  -std=c++11 -o reader.o
reader.cpp:29:13: warning: binding reference member 'stream_' to stack allocated parameter 'str' [-Wdangling-field]
    stream_(str),
            ^~~
reader.cpp:118:46: note: in instantiation of member function 'MyHandler<rapidjson::FileStream, rapidjson::UTF16<char>, rapidjson::MemoryPoolAllocator<rapidjson::CrtAllocator>>::MyHandler' requested here
  MyHandler<rapidjson::FileStream, Encoding> handler(f);
                                             ^
reader.cpp:95:11: note: reference member declared here
  Stream& stream_;
          ^
1 warning generated.
wrap/tclang
/root/project/prophet-gpl/wrap/g++ -o prog  -std=c++11 reader.o
wrap/tclang
/root/project/prophet-gpl/wrap/g++ -c reader.cpp -I rapidjson/include/rapidjson/  -std=c++11 -o reader.o
reader.cpp:29:13: warning: binding reference member 'stream_' to stack allocated parameter 'str' [-Wdangling-field]
    stream_(str),
            ^~~
reader.cpp:118:46: note: in instantiation of member function 'MyHandler<rapidjson::FileStream, rapidjson::UTF16<char>, rapidjson::MemoryPoolAllocator<rapidjson::CrtAllocator>>::MyHandler' requested here
  MyHandler<rapidjson::FileStream, Encoding> handler(f);
                                             ^
reader.cpp:95:11: note: reference member declared here
  Stream& stream_;
          ^
1 warning generated.
wrap/tclang
/root/project/prophet-gpl/wrap/g++ -o prog  -std=c++11 reader.o
wrap/tclang
