make: 'prog' is up to date.
Path env:  /usr/local/sbin:/usr/local/bin:/usr/sbin:/usr/bin:/sbin:/bin:/root/.fzf/bin
tester_common.py!!!!!
out: /root/test/prophet/wrap/g++ -c bresenham.cpp -o bresenham.o
Putting child 0x55a9e606d410 (prog) PID 52087 on the chain.
Live child 0x55a9e606d410 (prog) PID 52087 
/root/test/prophet/build/tests/php-case-2adf58/php-2adf58-workdir/profile/conftest.c 10 1 /root/test/prophet/build/tests/php-case-2adf58/php-2adf58-workdir/profile/conftest.c 10 1
/root/test/prophet/build/tests/php-case-2adf58/php-2adf58-workdir/profile/conftest.c 10 3 /root/test/prophet/build/tests/php-case-2adf58/php-2adf58-workdir/profile/conftest.c 10 3
/root/test/prophet/build/tests/php-case-2adf58/php-2adf58-workdir/profile/conftest.c 6 1 /root/test/prophet/build/tests/php-case-2adf58/php-2adf58-workdir/profile/conftest.c 6 1
/root/test/prophet/build/tests/php-case-2adf58/php-2adf58-workdir/profile/conftest.c 6 3 /root/test/prophet/build/tests/php-case-2adf58/php-2adf58-workdir/profile/conftest.c 6 3
/usr/include/x86_64-linux-gnu/bits/uintn-identity.h 35 3 /usr/include/x86_64-linux-gnu/bits/uintn-identity.h 35 3
/usr/include/x86_64-linux-gnu/bits/uintn-identity.h 41 3 /usr/include/x86_64-linux-gnu/bits/uintn-identity.h 41 3
/usr/include/x86_64-linux-gnu/bits/uintn-identity.h 47 3 /usr/include/x86_64-linux-gnu/bits/uintn-identity.h 47 3
/usr/include/x86_64-linux-gnu/sys/sysmacros.h 79 1 /usr/include/x86_64-linux-gnu/bits/sysmacros.h 42 5
/usr/include/x86_64-linux-gnu/sys/sysmacros.h 79 1 /usr/include/x86_64-linux-gnu/bits/sysmacros.h 43 5
/usr/include/x86_64-linux-gnu/sys/sysmacros.h 79 1 /usr/include/x86_64-linux-gnu/bits/sysmacros.h 44 5
/usr/include/x86_64-linux-gnu/sys/sysmacros.h 79 1 /usr/include/x86_64-linux-gnu/bits/sysmacros.h 45 5
/usr/include/x86_64-linux-gnu/sys/sysmacros.h 80 1 /usr/include/x86_64-linux-gnu/bits/sysmacros.h 54 5
/usr/include/x86_64-linux-gnu/sys/sysmacros.h 80 1 /usr/include/x86_64-linux-gnu/bits/sysmacros.h 55 5
/usr/include/x86_64-linux-gnu/sys/sysmacros.h 80 1 /usr/include/x86_64-linux-gnu/bits/sysmacros.h 56 5
/usr/include/x86_64-linux-gnu/sys/sysmacros.h 80 1 /usr/include/x86_64-linux-gnu/bits/sysmacros.h 57 5
/usr/include/x86_64-linux-gnu/sys/sysmacros.h 81 1 /usr/include/x86_64-linux-gnu/bits/sysmacros.h 66 5
/usr/include/x86_64-linux-gnu/sys/sysmacros.h 81 1 /usr/include/x86_64-linux-gnu/bits/sysmacros.h 67 5
/usr/include/x86_64-linux-gnu/sys/sysmacros.h 81 1 /usr/include/x86_64-linux-gnu/bits/sysmacros.h 68 5
/usr/include/x86_64-linux-gnu/sys/sysmacros.h 81 1 /usr/include/x86_64-linux-gnu/bits/sysmacros.h 69 5
/usr/include/x86_64-linux-gnu/sys/sysmacros.h 81 1 /usr/include/x86_64-linux-gnu/bits/sysmacros.h 70 5
/usr/include/x86_64-linux-gnu/sys/sysmacros.h 81 1 /usr/include/x86_64-linux-gnu/bits/sysmacros.h 71 5
/root/test/prophet/build/tests/php-case-2adf58/php-2adf58-workdir/profile/conftest.c 7 1 /root/test/prophet/build/tests/php-case-2adf58/php-2adf58-workdir/profile/conftest.c 7 1
/root/test/prophet/build/tests/php-case-2adf58/php-2adf58-workdir/profile/conftest.c 7 3 /root/test/prophet/build/tests/php-case-2adf58/php-2adf58-workdir/profile/conftest.c 7 3
/usr/include/x86_64-linux-gnu/bits/stdio.h 38 3 /usr/include/x86_64-linux-gnu/bits/stdio.h 38 3
/usr/include/x86_64-linux-gnu/bits/stdio.h 46 3 /usr/include/x86_64-linux-gnu/bits/stdio.h 46 3
/usr/include/x86_64-linux-gnu/bits/stdio.h 55 3 /usr/include/x86_64-linux-gnu/bits/stdio.h 55 3
/usr/include/x86_64-linux-gnu/bits/stdio.h 65 3 /usr/include/x86_64-linux-gnu/bits/stdio.h 65 3
/usr/include/x86_64-linux-gnu/bits/stdio.h 72 3 /usr/include/x86_64-linux-gnu/bits/stdio.h 72 3
/usr/include/x86_64-linux-gnu/bits/stdio.h 81 3 /usr/include/x86_64-linux-gnu/bits/stdio.h 81 3
/usr/include/x86_64-linux-gnu/bits/stdio.h 90 3 /usr/include/x86_64-linux-gnu/bits/stdio.h 90 3
/usr/include/x86_64-linux-gnu/bits/stdio.h 100 3 /usr/include/x86_64-linux-gnu/bits/stdio.h 100 3
/usr/include/x86_64-linux-gnu/bits/stdio.h 107 3 /usr/include/x86_64-linux-gnu/bits/stdio.h 107 3
/usr/include/x86_64-linux-gnu/bits/stdio.h 117 3 /usr/include/x86_64-linux-gnu/bits/stdio.h 117 3
/usr/include/x86_64-linux-gnu/bits/stdio.h 127 3 /usr/include/x86_64-linux-gnu/bits/stdio.h 127 3
/usr/include/x86_64-linux-gnu/bits/stdio.h 134 3 /usr/include/x86_64-linux-gnu/bits/stdio.h 134 3
/root/test/prophet/build/tests/php-case-2adf58/php-2adf58-workdir/profile/conftest.c 8 1 /root/test/prophet/build/tests/php-case-2adf58/php-2adf58-workdir/profile/conftest.c 8 1
/root/test/prophet/build/tests/php-case-2adf58/php-2adf58-workdir/profile/conftest.c 9 1 /root/test/prophet/build/tests/php-case-2adf58/php-2adf58-workdir/profile/conftest.c 9 1
/root/test/prophet/build/tests/php-case-2adf58/php-2adf58-workdir/profile/conftest.c 9 3 /root/test/prophet/build/tests/php-case-2adf58/php-2adf58-workdir/profile/conftest.c 9 3
/root/test/prophet/build/tests/php-case-2adf58/php-2adf58-workdir/profile/conftest.c 6 16 /root/test/prophet/build/tests/php-case-2adf58/php-2adf58-workdir/profile/conftest.c 6 16
/root/test/prophet/build/tests/php-case-2adf58/php-2adf58-workdir/profile/conftest.c 6 15 /root/test/prophet/build/tests/php-case-2adf58/php-2adf58-workdir/profile/conftest.c 6 15
/root/test/prophet/build/tests/php-case-2adf58/php-2adf58-workdir/profile/conftest.c 5 1 /root/test/prophet/build/tests/php-case-2adf58/php-2adf58-workdir/profile/conftest.c 5 1
/usr/include/x86_64-linux-gnu/bits/socket.h 311 3 /usr/include/x86_64-linux-gnu/bits/socket.h 311 3
/usr/include/x86_64-linux-gnu/bits/socket.h 315 3 /usr/include/x86_64-linux-gnu/bits/socket.h 315 3
/usr/include/x86_64-linux-gnu/bits/socket.h 317 3 /usr/include/x86_64-linux-gnu/bits/socket.h 317 3
/usr/include/x86_64-linux-gnu/bits/socket.h 323 3 /usr/include/x86_64-linux-gnu/bits/socket.h 323 3
/usr/include/x86_64-linux-gnu/bits/socket.h 313 5 /usr/include/x86_64-linux-gnu/bits/socket.h 313 5
/usr/include/x86_64-linux-gnu/bits/socket.h 322 5 /usr/include/x86_64-linux-gnu/bits/socket.h 322 5
/root/test/prophet/build/tests/php-case-2adf58/php-2adf58-workdir/profile/conftest.c 11 1 /root/test/prophet/build/tests/php-case-2adf58/php-2adf58-workdir/profile/conftest.c 11 1
/root/test/prophet/build/tests/php-case-2adf58/php-2adf58-workdir/profile/conftest.c 11 3 /root/test/prophet/build/tests/php-case-2adf58/php-2adf58-workdir/profile/conftest.c 11 3
Library: /root/test/prophet/wrap/../src/.libs/libprofiler.so.0
Library: /root/test/prophet/wrap/../src/.libs/libprofiler.so.0
['/root/test/prophet/wrap/g++', '-c', 'bresenham.cpp', '-o', 'bresenham.o']
Invoking: clang++ -E bresenham.cpp -o /tmp/pclang_42870195.cpp
Invoking: clang++ -Xclang -load -Xclang /root/test/prophet/wrap/../src/.libs/libprofiler.so.0 -Xclang -plugin -Xclang err-profiler-gen -Xclang -plugin-arg-err-profiler-gen -Xclang /tmp/pclang_82460520.cpp -Xclang -plugin-arg-err-profiler-gen -Xclang /tmp/__index.loc -c bresenham.cpp -o bresenham.o
Invoking: clang++ -Xclang -load -Xclang /root/test/prophet/wrap/../src/.libs/libprofiler.so.0 -Xclang -plugin -Xclang err-profiler-rewrite  -Xclang -plugin-arg-err-profiler-rewrite -Xclang /tmp/pclang_82460520.cpp -Xclang -plugin-arg-err-profiler-rewrite -Xclang /tmp/pclang_04425775.cpp -c /tmp/pclang_42870195.cpp -o bresenham.o
invoking: clang++ -I/root/test/prophet/wrap/../include -c /tmp/pclang_04425775.cpp -o bresenham.o
Reaping winning child 0x55a9e606d410 PID 52087 
/root/test/prophet/wrap/g++ -o prog bresenham.o
Live child 0x55a9e606d410 (prog) PID 53742 
['/root/test/prophet/wrap/g++', '-o', 'prog', 'bresenham.o']
Reaping winning child 0x55a9e606d410 PID 53742 
Removing child 0x55a9e606d410 PID 53742 from chain.

/root/test/prophet/wrap/g++ -c bresenham.cpp -o bresenham.o
bresenham.cpp:63:3: error: invalid use of 'this' outside of a non-static member function
  this->_M_offset = 0;
  ^
1 error generated.
Makefile:2: recipe for target 'prog' failed
make: *** [prog] Error 1
/root/test/prophet/wrap/g++ -c bresenham.cpp -o bresenham.o
bresenham.cpp:63:3: error: invalid use of 'this' outside of a non-static member function
  this->_M_impl._M_start = std::vector<bool, type-parameter-0-0>::iterator(0, 0);
  ^
bresenham.cpp:63:46: error: use of undeclared identifier 'type'
  this->_M_impl._M_start = std::vector<bool, type-parameter-0-0>::iterator(0, 0);
                                             ^
bresenham.cpp:63:51: error: use of undeclared identifier 'parameter'
  this->_M_impl._M_start = std::vector<bool, type-parameter-0-0>::iterator(0, 0);
                                                  ^
3 errors generated.
Makefile:2: recipe for target 'prog' failed
make: *** [prog] Error 1
/root/test/prophet/wrap/g++ -c bresenham.cpp -o bresenham.o
bresenham.cpp:68:7: error: invalid use of 'this' outside of a non-static member function
  if (this->_M_offset++ == int(_S_word_bit) - 1) {
      ^
bresenham.cpp:68:32: error: use of undeclared identifier '_S_word_bit'; did you mean 'std::_S_word_bit'?
  if (this->_M_offset++ == int(_S_word_bit) - 1) {
                               ^~~~~~~~~~~
                               std::_S_word_bit
/usr/lib/gcc/x86_64-linux-gnu/7.5.0/../../../../include/c++/7.5.0/bits/stl_bvector.h:68:10: note: 'std::_S_word_bit' declared here
  enum { _S_word_bit = int(__CHAR_BIT__ * sizeof(_Bit_type)) };
         ^
bresenham.cpp:69:7: error: invalid use of 'this' outside of a non-static member function
      this->_M_offset = 0;
      ^
bresenham.cpp:70:9: error: invalid use of 'this' outside of a non-static member function
      ++this->_M_p;
        ^
bresenham.cpp:75:3: error: invalid use of 'this' outside of a non-static member function
  this->_M_offset = 0;
  ^
bresenham.cpp:79:3: error: invalid use of 'this' outside of a non-static member function
  this->_M_impl._M_start = std::vector<bool, type-parameter-0-0>::iterator(0, 0);
  ^
bresenham.cpp:79:46: error: use of undeclared identifier 'type'
  this->_M_impl._M_start = std::vector<bool, type-parameter-0-0>::iterator(0, 0);
                                             ^
bresenham.cpp:79:51: error: use of undeclared identifier 'parameter'
  this->_M_impl._M_start = std::vector<bool, type-parameter-0-0>::iterator(0, 0);
                                                  ^
bresenham.cpp:83:8: error: no matching function for call to '__is_neg'
  if (!__is_neg())
       ^~~~~~~~
bresenham.cpp:1:38: note: candidate function not viable: requires at least 1 argument, but 0 were provided
extern "C" { int __get_mutant(); int __is_neg(int, ...); int __abst_hole(); }
                                     ^
bresenham.cpp:87:5: error: invalid use of 'this' outside of a non-static member function
  ++this->current;
    ^
bresenham.cpp:91:5: error: invalid use of 'this' outside of a non-static member function
  --this->_M_p;
    ^
bresenham.cpp:95:5: error: invalid use of 'this' outside of a non-static member function
  --this->current;
    ^
bresenham.cpp:99:5: error: invalid use of 'this' outside of a non-static member function
  ++this->iter;
    ^
bresenham.cpp:103:5: error: invalid use of 'this' outside of a non-static member function
  --this->_M_current;
    ^
14 errors generated.
Makefile:2: recipe for target 'prog' failed
make: *** [prog] Error 1
/root/test/prophet/wrap/g++ -c bresenham.cpp -o bresenham.o
/root/test/prophet/wrap/g++ -o prog bresenham.o
/root/test/prophet/wrap/g++ -c bresenham.cpp -o bresenham.o
bresenham.cpp:64:7: error: invalid use of 'this' outside of a non-static member function
  if (this->_M_offset++ == int(_S_word_bit) - 1) {
      ^
bresenham.cpp:64:32: error: use of undeclared identifier '_S_word_bit'; did you mean 'std::_S_word_bit'?
  if (this->_M_offset++ == int(_S_word_bit) - 1) {
                               ^~~~~~~~~~~
                               std::_S_word_bit
/usr/lib/gcc/x86_64-linux-gnu/7.5.0/../../../../include/c++/7.5.0/bits/stl_bvector.h:68:10: note: 'std::_S_word_bit' declared here
  enum { _S_word_bit = int(__CHAR_BIT__ * sizeof(_Bit_type)) };
         ^
bresenham.cpp:65:7: error: invalid use of 'this' outside of a non-static member function
      this->_M_offset = 0;
      ^
bresenham.cpp:66:9: error: invalid use of 'this' outside of a non-static member function
      ++this->_M_p;
        ^
4 errors generated.
Makefile:2: recipe for target 'prog' failed
make: *** [prog] Error 1
/root/test/prophet/wrap/g++ -c bresenham.cpp -o bresenham.o
bresenham.cpp:64:3: error: invalid use of 'this' outside of a non-static member function
  this->_M_offset = 0;
  ^
1 error generated.
Makefile:2: recipe for target 'prog' failed
make: *** [prog] Error 1
/root/test/prophet/wrap/g++ -c bresenham.cpp -o bresenham.o
bresenham.cpp:64:3: error: invalid use of 'this' outside of a non-static member function
  this->_M_impl._M_start = std::vector<bool, type-parameter-0-0>::iterator(0, 0);
  ^
bresenham.cpp:64:46: error: use of undeclared identifier 'type'
  this->_M_impl._M_start = std::vector<bool, type-parameter-0-0>::iterator(0, 0);
                                             ^
bresenham.cpp:64:51: error: use of undeclared identifier 'parameter'
  this->_M_impl._M_start = std::vector<bool, type-parameter-0-0>::iterator(0, 0);
                                                  ^
3 errors generated.
Makefile:2: recipe for target 'prog' failed
make: *** [prog] Error 1
/root/test/prophet/wrap/g++ -c bresenham.cpp -o bresenham.o
bresenham.cpp:64:8: error: no matching function for call to '__is_neg'
  if (!__is_neg())
       ^~~~~~~~
bresenham.cpp:1:38: note: candidate function not viable: requires at least 1 argument, but 0 were provided
extern "C" { int __get_mutant(); int __is_neg(int, ...); int __abst_hole(); }
                                     ^
1 error generated.
Makefile:2: recipe for target 'prog' failed
make: *** [prog] Error 1
/root/test/prophet/wrap/g++ -c bresenham.cpp -o bresenham.o
bresenham.cpp:64:5: error: invalid use of 'this' outside of a non-static member function
  ++this->current;
    ^
1 error generated.
Makefile:2: recipe for target 'prog' failed
make: *** [prog] Error 1
/root/test/prophet/wrap/g++ -c bresenham.cpp -o bresenham.o
bresenham.cpp:64:5: error: invalid use of 'this' outside of a non-static member function
  --this->_M_p;
    ^
1 error generated.
Makefile:2: recipe for target 'prog' failed
make: *** [prog] Error 1
/root/test/prophet/wrap/g++ -c bresenham.cpp -o bresenham.o
bresenham.cpp:64:5: error: invalid use of 'this' outside of a non-static member function
  --this->current;
    ^
1 error generated.
Makefile:2: recipe for target 'prog' failed
make: *** [prog] Error 1
/root/test/prophet/wrap/g++ -c bresenham.cpp -o bresenham.o
bresenham.cpp:64:5: error: invalid use of 'this' outside of a non-static member function
  ++this->iter;
    ^
1 error generated.
Makefile:2: recipe for target 'prog' failed
make: *** [prog] Error 1
/root/test/prophet/wrap/g++ -c bresenham.cpp -o bresenham.o
bresenham.cpp:64:5: error: invalid use of 'this' outside of a non-static member function
  --this->_M_current;
    ^
1 error generated.
Makefile:2: recipe for target 'prog' failed
make: *** [prog] Error 1
/root/test/prophet/wrap/g++ -c bresenham.cpp -o bresenham.o
bresenham.cpp:65:5: error: invalid use of 'this' outside of a non-static member function
  ++this->_M_current;
    ^
bresenham.cpp:69:5: error: invalid use of 'this' outside of a non-static member function
  ++this->_M_p;
    ^
bresenham.cpp:77:5: error: invalid use of 'this' outside of a non-static member function
  --this->_M_impl._M_finish;
    ^
bresenham.cpp:81:5: error: invalid use of 'this' outside of a non-static member function
  ++this->_M_impl._M_finish;
    ^
bresenham.cpp:85:3: error: invalid use of 'this' outside of a non-static member function
  this->_M_deallocate(this->_M_impl._M_start, this->_M_impl._M_end_of_storage - this->_M_impl._M_start);
  ^
bresenham.cpp:85:23: error: invalid use of 'this' outside of a non-static member function
  this->_M_deallocate(this->_M_impl._M_start, this->_M_impl._M_end_of_storage - this->_M_impl._M_start);
                      ^
bresenham.cpp:85:47: error: invalid use of 'this' outside of a non-static member function
  this->_M_deallocate(this->_M_impl._M_start, this->_M_impl._M_end_of_storage - this->_M_impl._M_start);
                                              ^
bresenham.cpp:85:81: error: invalid use of 'this' outside of a non-static member function
  this->_M_deallocate(this->_M_impl._M_start, this->_M_impl._M_end_of_storage - this->_M_impl._M_start);
                                                                                ^
bresenham.cpp:89:3: error: invalid use of 'this' outside of a non-static member function
  this->clear();
  ^
bresenham.cpp:93:17: error: invalid use of 'this' outside of a non-static member function
  _M_deallocate(this->_M_impl._M_start, this->_M_impl._M_end_of_storage - this->_M_impl._M_start);
                ^
bresenham.cpp:93:41: error: invalid use of 'this' outside of a non-static member function
  _M_deallocate(this->_M_impl._M_start, this->_M_impl._M_end_of_storage - this->_M_impl._M_start);
                                        ^
bresenham.cpp:93:75: error: invalid use of 'this' outside of a non-static member function
  _M_deallocate(this->_M_impl._M_start, this->_M_impl._M_end_of_storage - this->_M_impl._M_start);
                                                                          ^
bresenham.cpp:97:17: error: invalid use of 'this' outside of a non-static member function
  std::_Destroy(this->_M_impl._M_start, this->_M_impl._M_finish, _M_get_Tp_allocator());
                ^
bresenham.cpp:97:41: error: invalid use of 'this' outside of a non-static member function
  std::_Destroy(this->_M_impl._M_start, this->_M_impl._M_finish, _M_get_Tp_allocator());
                                        ^
bresenham.cpp:97:66: error: use of undeclared identifier '_M_get_Tp_allocator'
  std::_Destroy(this->_M_impl._M_start, this->_M_impl._M_finish, _M_get_Tp_allocator());
                                                                 ^
bresenham.cpp:101:3: error: invalid use of 'this' outside of a non-static member function
  this->_M_deallocate();
  ^
16 errors generated.
Makefile:2: recipe for target 'prog' failed
make: *** [prog] Error 1
/root/test/prophet/wrap/g++ -c bresenham.cpp -o bresenham.o
bresenham.cpp:64:5: error: invalid use of 'this' outside of a non-static member function
  ++this->_M_current;
    ^
1 error generated.
Makefile:2: recipe for target 'prog' failed
make: *** [prog] Error 1
/root/test/prophet/wrap/g++ -c bresenham.cpp -o bresenham.o
bresenham.cpp:64:5: error: invalid use of 'this' outside of a non-static member function
  ++this->_M_p;
    ^
1 error generated.
Makefile:2: recipe for target 'prog' failed
make: *** [prog] Error 1
/root/test/prophet/wrap/g++ -c bresenham.cpp -o bresenham.o
/root/test/prophet/wrap/g++ -o prog bresenham.o
/root/test/prophet/wrap/g++ -c bresenham.cpp -o bresenham.o
bresenham.cpp:64:5: error: invalid use of 'this' outside of a non-static member function
  --this->_M_impl._M_finish;
    ^
1 error generated.
Makefile:2: recipe for target 'prog' failed
make: *** [prog] Error 1
/root/test/prophet/wrap/g++ -c bresenham.cpp -o bresenham.o
bresenham.cpp:64:5: error: invalid use of 'this' outside of a non-static member function
  ++this->_M_impl._M_finish;
    ^
1 error generated.
Makefile:2: recipe for target 'prog' failed
make: *** [prog] Error 1
/root/test/prophet/wrap/g++ -c bresenham.cpp -o bresenham.o
bresenham.cpp:64:3: error: invalid use of 'this' outside of a non-static member function
  this->_M_deallocate(this->_M_impl._M_start, this->_M_impl._M_end_of_storage - this->_M_impl._M_start);
  ^
bresenham.cpp:64:23: error: invalid use of 'this' outside of a non-static member function
  this->_M_deallocate(this->_M_impl._M_start, this->_M_impl._M_end_of_storage - this->_M_impl._M_start);
                      ^
bresenham.cpp:64:47: error: invalid use of 'this' outside of a non-static member function
  this->_M_deallocate(this->_M_impl._M_start, this->_M_impl._M_end_of_storage - this->_M_impl._M_start);
                                              ^
bresenham.cpp:64:81: error: invalid use of 'this' outside of a non-static member function
  this->_M_deallocate(this->_M_impl._M_start, this->_M_impl._M_end_of_storage - this->_M_impl._M_start);
                                                                                ^
4 errors generated.
Makefile:2: recipe for target 'prog' failed
make: *** [prog] Error 1
/root/test/prophet/wrap/g++ -c bresenham.cpp -o bresenham.o
bresenham.cpp:64:3: error: invalid use of 'this' outside of a non-static member function
  this->clear();
  ^
1 error generated.
Makefile:2: recipe for target 'prog' failed
make: *** [prog] Error 1
/root/test/prophet/wrap/g++ -c bresenham.cpp -o bresenham.o
bresenham.cpp:64:17: error: invalid use of 'this' outside of a non-static member function
  _M_deallocate(this->_M_impl._M_start, this->_M_impl._M_end_of_storage - this->_M_impl._M_start);
                ^
bresenham.cpp:64:41: error: invalid use of 'this' outside of a non-static member function
  _M_deallocate(this->_M_impl._M_start, this->_M_impl._M_end_of_storage - this->_M_impl._M_start);
                                        ^
bresenham.cpp:64:75: error: invalid use of 'this' outside of a non-static member function
  _M_deallocate(this->_M_impl._M_start, this->_M_impl._M_end_of_storage - this->_M_impl._M_start);
                                                                          ^
3 errors generated.
Makefile:2: recipe for target 'prog' failed
make: *** [prog] Error 1
/root/test/prophet/wrap/g++ -c bresenham.cpp -o bresenham.o
bresenham.cpp:64:17: error: invalid use of 'this' outside of a non-static member function
  std::_Destroy(this->_M_impl._M_start, this->_M_impl._M_finish, _M_get_Tp_allocator());
                ^
bresenham.cpp:64:41: error: invalid use of 'this' outside of a non-static member function
  std::_Destroy(this->_M_impl._M_start, this->_M_impl._M_finish, _M_get_Tp_allocator());
                                        ^
bresenham.cpp:64:66: error: use of undeclared identifier '_M_get_Tp_allocator'
  std::_Destroy(this->_M_impl._M_start, this->_M_impl._M_finish, _M_get_Tp_allocator());
                                                                 ^
3 errors generated.
Makefile:2: recipe for target 'prog' failed
make: *** [prog] Error 1
/root/test/prophet/wrap/g++ -c bresenham.cpp -o bresenham.o
bresenham.cpp:64:3: error: invalid use of 'this' outside of a non-static member function
  this->_M_deallocate();
  ^
1 error generated.
Makefile:2: recipe for target 'prog' failed
make: *** [prog] Error 1
/root/test/prophet/wrap/g++ -c bresenham.cpp -o bresenham.o
bresenham.cpp:65:3: error: use of undeclared identifier '_Alloc_traits'
  _Alloc_traits::destroy(this->_M_impl, this->_M_impl._M_finish);
  ^
bresenham.cpp:65:26: error: invalid use of 'this' outside of a non-static member function
  _Alloc_traits::destroy(this->_M_impl, this->_M_impl._M_finish);
                         ^
bresenham.cpp:65:41: error: invalid use of 'this' outside of a non-static member function
  _Alloc_traits::destroy(this->_M_impl, this->_M_impl._M_finish);
                                        ^
bresenham.cpp:69:3: error: invalid use of 'this' outside of a non-static member function
  this->_M_impl._M_start = std::_Bit_iterator();
  ^
bresenham.cpp:73:3: error: invalid use of 'this' outside of a non-static member function
  this->_M_impl._M_end_of_storage = std::_Bvector_base::_Bit_pointer();
  ^
bresenham.cpp:73:42: error: '_Bvector_base' is not a class, namespace, or enumeration
  this->_M_impl._M_end_of_storage = std::_Bvector_base::_Bit_pointer();
                                         ^
/usr/lib/gcc/x86_64-linux-gnu/7.5.0/../../../../include/c++/7.5.0/bits/stl_bvector.h:411:12: note: '_Bvector_base' declared here
    struct _Bvector_base
           ^
bresenham.cpp:77:3: error: invalid use of 'this' outside of a non-static member function
  this->_M_impl._M_finish = std::_Bit_iterator();
  ^
bresenham.cpp:81:3: error: invalid use of 'this' outside of a non-static member function
  this->_M_impl._M_start = nullptr;
  ^
bresenham.cpp:85:3: error: invalid use of 'this' outside of a non-static member function
  this->_M_impl._M_finish = this->_M_impl._M_start;
  ^
bresenham.cpp:85:29: error: invalid use of 'this' outside of a non-static member function
  this->_M_impl._M_finish = this->_M_impl._M_start;
                            ^
bresenham.cpp:89:3: error: invalid use of 'this' outside of a non-static member function
  this->_M_impl._M_end_of_storage = __q + _S_nword(__n);
  ^
bresenham.cpp:89:37: error: use of undeclared identifier '__q'
  this->_M_impl._M_end_of_storage = __q + _S_nword(__n);
                                    ^
bresenham.cpp:89:52: error: use of undeclared identifier '__n'
  this->_M_impl._M_end_of_storage = __q + _S_nword(__n);
                                                   ^
bresenham.cpp:93:3: error: invalid use of 'this' outside of a non-static member function
  this->_M_impl._M_end_of_storage = this->_M_impl._M_finish;
  ^
bresenham.cpp:93:37: error: invalid use of 'this' outside of a non-static member function
  this->_M_impl._M_end_of_storage = this->_M_impl._M_finish;
                                    ^
bresenham.cpp:97:3: error: invalid use of 'this' outside of a non-static member function
  this->_M_impl._M_finish = nullptr;
  ^
bresenham.cpp:101:3: error: invalid use of 'this' outside of a non-static member function
  this->_M_impl._M_finish = __tmp + __old_size;
  ^
bresenham.cpp:101:29: error: use of undeclared identifier '__tmp'
  this->_M_impl._M_finish = __tmp + __old_size;
                            ^
bresenham.cpp:101:37: error: use of undeclared identifier '__old_size'
  this->_M_impl._M_finish = __tmp + __old_size;
                                    ^
19 errors generated.
Makefile:2: recipe for target 'prog' failed
make: *** [prog] Error 1
/root/test/prophet/wrap/g++ -c bresenham.cpp -o bresenham.o
bresenham.cpp:64:3: error: use of undeclared identifier '_Alloc_traits'
  _Alloc_traits::destroy(this->_M_impl, this->_M_impl._M_finish);
  ^
bresenham.cpp:64:26: error: invalid use of 'this' outside of a non-static member function
  _Alloc_traits::destroy(this->_M_impl, this->_M_impl._M_finish);
                         ^
bresenham.cpp:64:41: error: invalid use of 'this' outside of a non-static member function
  _Alloc_traits::destroy(this->_M_impl, this->_M_impl._M_finish);
                                        ^
3 errors generated.
Makefile:2: recipe for target 'prog' failed
make: *** [prog] Error 1
/root/test/prophet/wrap/g++ -c bresenham.cpp -o bresenham.o
bresenham.cpp:64:3: error: invalid use of 'this' outside of a non-static member function
  this->_M_impl._M_start = std::_Bit_iterator();
  ^
1 error generated.
Makefile:2: recipe for target 'prog' failed
make: *** [prog] Error 1
/root/test/prophet/wrap/g++ -c bresenham.cpp -o bresenham.o
bresenham.cpp:64:3: error: invalid use of 'this' outside of a non-static member function
  this->_M_impl._M_end_of_storage = std::_Bvector_base::_Bit_pointer();
  ^
bresenham.cpp:64:42: error: '_Bvector_base' is not a class, namespace, or enumeration
  this->_M_impl._M_end_of_storage = std::_Bvector_base::_Bit_pointer();
                                         ^
/usr/lib/gcc/x86_64-linux-gnu/7.5.0/../../../../include/c++/7.5.0/bits/stl_bvector.h:411:12: note: '_Bvector_base' declared here
    struct _Bvector_base
           ^
2 errors generated.
Makefile:2: recipe for target 'prog' failed
make: *** [prog] Error 1
/root/test/prophet/wrap/g++ -c bresenham.cpp -o bresenham.o
bresenham.cpp:64:3: error: invalid use of 'this' outside of a non-static member function
  this->_M_impl._M_finish = std::_Bit_iterator();
  ^
1 error generated.
Makefile:2: recipe for target 'prog' failed
make: *** [prog] Error 1
/root/test/prophet/wrap/g++ -c bresenham.cpp -o bresenham.o
bresenham.cpp:64:3: error: invalid use of 'this' outside of a non-static member function
  this->_M_impl._M_start = nullptr;
  ^
1 error generated.
Makefile:2: recipe for target 'prog' failed
make: *** [prog] Error 1
/root/test/prophet/wrap/g++ -c bresenham.cpp -o bresenham.o
bresenham.cpp:64:3: error: invalid use of 'this' outside of a non-static member function
  this->_M_impl._M_finish = this->_M_impl._M_start;
  ^
bresenham.cpp:64:29: error: invalid use of 'this' outside of a non-static member function
  this->_M_impl._M_finish = this->_M_impl._M_start;
                            ^
2 errors generated.
Makefile:2: recipe for target 'prog' failed
make: *** [prog] Error 1
/root/test/prophet/wrap/g++ -c bresenham.cpp -o bresenham.o
bresenham.cpp:64:3: error: invalid use of 'this' outside of a non-static member function
  this->_M_impl._M_end_of_storage = __q + _S_nword(__n);
  ^
bresenham.cpp:64:37: error: use of undeclared identifier '__q'
  this->_M_impl._M_end_of_storage = __q + _S_nword(__n);
                                    ^
bresenham.cpp:64:52: error: use of undeclared identifier '__n'
  this->_M_impl._M_end_of_storage = __q + _S_nword(__n);
                                                   ^
3 errors generated.
Makefile:2: recipe for target 'prog' failed
make: *** [prog] Error 1
/root/test/prophet/wrap/g++ -c bresenham.cpp -o bresenham.o
bresenham.cpp:64:3: error: invalid use of 'this' outside of a non-static member function
  this->_M_impl._M_end_of_storage = this->_M_impl._M_finish;
  ^
bresenham.cpp:64:37: error: invalid use of 'this' outside of a non-static member function
  this->_M_impl._M_end_of_storage = this->_M_impl._M_finish;
                                    ^
2 errors generated.
Makefile:2: recipe for target 'prog' failed
make: *** [prog] Error 1
/root/test/prophet/wrap/g++ -c bresenham.cpp -o bresenham.o
bresenham.cpp:64:3: error: invalid use of 'this' outside of a non-static member function
  this->_M_impl._M_finish = nullptr;
  ^
1 error generated.
Makefile:2: recipe for target 'prog' failed
make: *** [prog] Error 1
/root/test/prophet/wrap/g++ -c bresenham.cpp -o bresenham.o
bresenham.cpp:64:3: error: invalid use of 'this' outside of a non-static member function
  this->_M_impl._M_finish = __tmp + __old_size;
  ^
bresenham.cpp:64:29: error: use of undeclared identifier '__tmp'
  this->_M_impl._M_finish = __tmp + __old_size;
                            ^
bresenham.cpp:64:37: error: use of undeclared identifier '__old_size'
  this->_M_impl._M_finish = __tmp + __old_size;
                                    ^
3 errors generated.
Makefile:2: recipe for target 'prog' failed
make: *** [prog] Error 1
/root/test/prophet/wrap/g++ -c bresenham.cpp -o bresenham.o
bresenham.cpp:65:3: error: invalid use of 'this' outside of a non-static member function
  this->_M_impl._M_end_of_storage = nullptr;
  ^
bresenham.cpp:69:3: error: invalid use of 'this' outside of a non-static member function
  this->_M_impl._M_end_of_storage = std::vector<bool, type-parameter-0-0>::_Bit_pointer();
  ^
bresenham.cpp:69:55: error: use of undeclared identifier 'type'
  this->_M_impl._M_end_of_storage = std::vector<bool, type-parameter-0-0>::_Bit_pointer();
                                                      ^
bresenham.cpp:69:60: error: use of undeclared identifier 'parameter'
  this->_M_impl._M_end_of_storage = std::vector<bool, type-parameter-0-0>::_Bit_pointer();
                                                           ^
bresenham.cpp:73:3: error: invalid use of 'this' outside of a non-static member function
  this->_M_impl._M_finish = std::__uninitialized_copy_a(__first, __last, this->_M_impl._M_start, _M_get_Tp_allocator());
  ^
bresenham.cpp:73:74: error: invalid use of 'this' outside of a non-static member function
  this->_M_impl._M_finish = std::__uninitialized_copy_a(__first, __last, this->_M_impl._M_start, _M_get_Tp_allocator());
                                                                         ^
bresenham.cpp:73:98: error: use of undeclared identifier '_M_get_Tp_allocator'
  this->_M_impl._M_finish = std::__uninitialized_copy_a(__first, __last, this->_M_impl._M_start, _M_get_Tp_allocator());
                                                                                                 ^
bresenham.cpp:73:57: error: use of undeclared identifier '__first'
  this->_M_impl._M_finish = std::__uninitialized_copy_a(__first, __last, this->_M_impl._M_start, _M_get_Tp_allocator());
                                                        ^
bresenham.cpp:73:66: error: use of undeclared identifier '__last'
  this->_M_impl._M_finish = std::__uninitialized_copy_a(__first, __last, this->_M_impl._M_start, _M_get_Tp_allocator());
                                                                 ^
bresenham.cpp:77:3: error: invalid use of 'this' outside of a non-static member function
  this->_M_impl._M_finish = std::__uninitialized_fill_n_a(this->_M_impl._M_start, __n, __value, _M_get_Tp_allocator());
  ^
bresenham.cpp:77:59: error: invalid use of 'this' outside of a non-static member function
  this->_M_impl._M_finish = std::__uninitialized_fill_n_a(this->_M_impl._M_start, __n, __value, _M_get_Tp_allocator());
                                                          ^
bresenham.cpp:77:97: error: use of undeclared identifier '_M_get_Tp_allocator'
  this->_M_impl._M_finish = std::__uninitialized_fill_n_a(this->_M_impl._M_start, __n, __value, _M_get_Tp_allocator());
                                                                                                ^
bresenham.cpp:77:83: error: use of undeclared identifier '__n'
  this->_M_impl._M_finish = std::__uninitialized_fill_n_a(this->_M_impl._M_start, __n, __value, _M_get_Tp_allocator());
                                                                                  ^
bresenham.cpp:77:88: error: use of undeclared identifier '__value'
  this->_M_impl._M_finish = std::__uninitialized_fill_n_a(this->_M_impl._M_start, __n, __value, _M_get_Tp_allocator());
                                                                                       ^
bresenham.cpp:81:3: error: invalid use of 'this' outside of a non-static member function
  this->_M_impl._M_finish = std::__uninitialized_move_a(__rv.begin(), __rv.end(), this->_M_impl._M_start, _M_get_Tp_allocator());
  ^
bresenham.cpp:81:83: error: invalid use of 'this' outside of a non-static member function
  this->_M_impl._M_finish = std::__uninitialized_move_a(__rv.begin(), __rv.end(), this->_M_impl._M_start, _M_get_Tp_allocator());
                                                                                  ^
bresenham.cpp:81:107: error: use of undeclared identifier '_M_get_Tp_allocator'
  this->_M_impl._M_finish = std::__uninitialized_move_a(__rv.begin(), __rv.end(), this->_M_impl._M_start, _M_get_Tp_allocator());
                                                                                                          ^
bresenham.cpp:81:57: error: use of undeclared identifier '__rv'
  this->_M_impl._M_finish = std::__uninitialized_move_a(__rv.begin(), __rv.end(), this->_M_impl._M_start, _M_get_Tp_allocator());
                                                        ^
bresenham.cpp:81:71: error: use of undeclared identifier '__rv'
  this->_M_impl._M_finish = std::__uninitialized_move_a(__rv.begin(), __rv.end(), this->_M_impl._M_start, _M_get_Tp_allocator());
                                                                      ^
fatal error: too many errors emitted, stopping now [-ferror-limit=]
20 errors generated.
Makefile:2: recipe for target 'prog' failed
make: *** [prog] Error 1
/root/test/prophet/wrap/g++ -c bresenham.cpp -o bresenham.o
bresenham.cpp:64:3: error: invalid use of 'this' outside of a non-static member function
  this->_M_impl._M_end_of_storage = nullptr;
  ^
1 error generated.
Makefile:2: recipe for target 'prog' failed
make: *** [prog] Error 1
/root/test/prophet/wrap/g++ -c bresenham.cpp -o bresenham.o
bresenham.cpp:64:3: error: invalid use of 'this' outside of a non-static member function
  this->_M_impl._M_end_of_storage = std::vector<bool, type-parameter-0-0>::_Bit_pointer();
  ^
bresenham.cpp:64:55: error: use of undeclared identifier 'type'
  this->_M_impl._M_end_of_storage = std::vector<bool, type-parameter-0-0>::_Bit_pointer();
                                                      ^
bresenham.cpp:64:60: error: use of undeclared identifier 'parameter'
  this->_M_impl._M_end_of_storage = std::vector<bool, type-parameter-0-0>::_Bit_pointer();
                                                           ^
3 errors generated.
Makefile:2: recipe for target 'prog' failed
make: *** [prog] Error 1
/root/test/prophet/wrap/g++ -c bresenham.cpp -o bresenham.o
bresenham.cpp:64:3: error: invalid use of 'this' outside of a non-static member function
  this->_M_impl._M_finish = std::__uninitialized_copy_a(__first, __last, this->_M_impl._M_start, _M_get_Tp_allocator());
  ^
bresenham.cpp:64:74: error: invalid use of 'this' outside of a non-static member function
  this->_M_impl._M_finish = std::__uninitialized_copy_a(__first, __last, this->_M_impl._M_start, _M_get_Tp_allocator());
                                                                         ^
bresenham.cpp:64:98: error: use of undeclared identifier '_M_get_Tp_allocator'
  this->_M_impl._M_finish = std::__uninitialized_copy_a(__first, __last, this->_M_impl._M_start, _M_get_Tp_allocator());
                                                                                                 ^
bresenham.cpp:64:57: error: use of undeclared identifier '__first'
  this->_M_impl._M_finish = std::__uninitialized_copy_a(__first, __last, this->_M_impl._M_start, _M_get_Tp_allocator());
                                                        ^
bresenham.cpp:64:66: error: use of undeclared identifier '__last'
  this->_M_impl._M_finish = std::__uninitialized_copy_a(__first, __last, this->_M_impl._M_start, _M_get_Tp_allocator());
                                                                 ^
5 errors generated.
Makefile:2: recipe for target 'prog' failed
make: *** [prog] Error 1
/root/test/prophet/wrap/g++ -c bresenham.cpp -o bresenham.o
bresenham.cpp:64:3: error: invalid use of 'this' outside of a non-static member function
  this->_M_impl._M_finish = std::__uninitialized_fill_n_a(this->_M_impl._M_start, __n, __value, _M_get_Tp_allocator());
  ^
bresenham.cpp:64:59: error: invalid use of 'this' outside of a non-static member function
  this->_M_impl._M_finish = std::__uninitialized_fill_n_a(this->_M_impl._M_start, __n, __value, _M_get_Tp_allocator());
                                                          ^
bresenham.cpp:64:97: error: use of undeclared identifier '_M_get_Tp_allocator'
  this->_M_impl._M_finish = std::__uninitialized_fill_n_a(this->_M_impl._M_start, __n, __value, _M_get_Tp_allocator());
                                                                                                ^
bresenham.cpp:64:83: error: use of undeclared identifier '__n'
  this->_M_impl._M_finish = std::__uninitialized_fill_n_a(this->_M_impl._M_start, __n, __value, _M_get_Tp_allocator());
                                                                                  ^
bresenham.cpp:64:88: error: use of undeclared identifier '__value'
  this->_M_impl._M_finish = std::__uninitialized_fill_n_a(this->_M_impl._M_start, __n, __value, _M_get_Tp_allocator());
                                                                                       ^
5 errors generated.
Makefile:2: recipe for target 'prog' failed
make: *** [prog] Error 1
/root/test/prophet/wrap/g++ -c bresenham.cpp -o bresenham.o
bresenham.cpp:64:3: error: invalid use of 'this' outside of a non-static member function
  this->_M_impl._M_finish = std::__uninitialized_move_a(__rv.begin(), __rv.end(), this->_M_impl._M_start, _M_get_Tp_allocator());
  ^
bresenham.cpp:64:83: error: invalid use of 'this' outside of a non-static member function
  this->_M_impl._M_finish = std::__uninitialized_move_a(__rv.begin(), __rv.end(), this->_M_impl._M_start, _M_get_Tp_allocator());
                                                                                  ^
bresenham.cpp:64:107: error: use of undeclared identifier '_M_get_Tp_allocator'
  this->_M_impl._M_finish = std::__uninitialized_move_a(__rv.begin(), __rv.end(), this->_M_impl._M_start, _M_get_Tp_allocator());
                                                                                                          ^
bresenham.cpp:64:57: error: use of undeclared identifier '__rv'
  this->_M_impl._M_finish = std::__uninitialized_move_a(__rv.begin(), __rv.end(), this->_M_impl._M_start, _M_get_Tp_allocator());
                                                        ^
bresenham.cpp:64:71: error: use of undeclared identifier '__rv'
  this->_M_impl._M_finish = std::__uninitialized_move_a(__rv.begin(), __rv.end(), this->_M_impl._M_start, _M_get_Tp_allocator());
                                                                      ^
5 errors generated.
Makefile:2: recipe for target 'prog' failed
make: *** [prog] Error 1
/root/test/prophet/wrap/g++ -c bresenham.cpp -o bresenham.o
bresenham.cpp:64:3: error: invalid use of 'this' outside of a non-static member function
  this->_M_impl._M_finish = std::__uninitialized_copy_a(__mid, __last, this->_M_impl._M_finish, _M_get_Tp_allocator());
  ^
bresenham.cpp:64:72: error: invalid use of 'this' outside of a non-static member function
  this->_M_impl._M_finish = std::__uninitialized_copy_a(__mid, __last, this->_M_impl._M_finish, _M_get_Tp_allocator());
                                                                       ^
bresenham.cpp:64:97: error: use of undeclared identifier '_M_get_Tp_allocator'
  this->_M_impl._M_finish = std::__uninitialized_copy_a(__mid, __last, this->_M_impl._M_finish, _M_get_Tp_allocator());
                                                                                                ^
bresenham.cpp:64:57: error: use of undeclared identifier '__mid'
  this->_M_impl._M_finish = std::__uninitialized_copy_a(__mid, __last, this->_M_impl._M_finish, _M_get_Tp_allocator());
                                                        ^
bresenham.cpp:64:64: error: use of undeclared identifier '__last'
  this->_M_impl._M_finish = std::__uninitialized_copy_a(__mid, __last, this->_M_impl._M_finish, _M_get_Tp_allocator());
                                                               ^
5 errors generated.
Makefile:2: recipe for target 'prog' failed
make: *** [prog] Error 1
/root/test/prophet/wrap/g++ -c bresenham.cpp -o bresenham.o
bresenham.cpp:64:3: error: invalid use of 'this' outside of a non-static member function
  this->_M_impl._M_finish = std::__uninitialized_copy_a(__x.begin(), __x.end(), this->_M_impl._M_start, _M_get_Tp_allocator());
  ^
bresenham.cpp:64:81: error: invalid use of 'this' outside of a non-static member function
  this->_M_impl._M_finish = std::__uninitialized_copy_a(__x.begin(), __x.end(), this->_M_impl._M_start, _M_get_Tp_allocator());
                                                                                ^
bresenham.cpp:64:105: error: use of undeclared identifier '_M_get_Tp_allocator'
  this->_M_impl._M_finish = std::__uninitialized_copy_a(__x.begin(), __x.end(), this->_M_impl._M_start, _M_get_Tp_allocator());
                                                                                                        ^
bresenham.cpp:64:57: error: use of undeclared identifier '__x'
  this->_M_impl._M_finish = std::__uninitialized_copy_a(__x.begin(), __x.end(), this->_M_impl._M_start, _M_get_Tp_allocator());
                                                        ^
bresenham.cpp:64:70: error: use of undeclared identifier '__x'
  this->_M_impl._M_finish = std::__uninitialized_copy_a(__x.begin(), __x.end(), this->_M_impl._M_start, _M_get_Tp_allocator());
                                                                     ^
5 errors generated.
Makefile:2: recipe for target 'prog' failed
make: *** [prog] Error 1
/root/test/prophet/wrap/g++ -c bresenham.cpp -o bresenham.o
bresenham.cpp:64:3: error: use of undeclared identifier '_Alloc_traits'
  _Alloc_traits::destroy(this->_M_this->_M_impl, this->_M_ptr());
  ^
bresenham.cpp:64:26: error: invalid use of 'this' outside of a non-static member function
  _Alloc_traits::destroy(this->_M_this->_M_impl, this->_M_ptr());
                         ^
bresenham.cpp:64:50: error: invalid use of 'this' outside of a non-static member function
  _Alloc_traits::destroy(this->_M_this->_M_impl, this->_M_ptr());
                                                 ^
3 errors generated.
Makefile:2: recipe for target 'prog' failed
make: *** [prog] Error 1
/root/test/prophet/wrap/g++ -c bresenham.cpp -o bresenham.o
bresenham.cpp:64:3: error: invalid use of 'this' outside of a non-static member function
  this->_M_reallocate(this->size());
  ^
bresenham.cpp:64:23: error: invalid use of 'this' outside of a non-static member function
  this->_M_reallocate(this->size());
                      ^
2 errors generated.
Makefile:2: recipe for target 'prog' failed
make: *** [prog] Error 1
/root/test/prophet/wrap/g++ -c bresenham.cpp -o bresenham.o
bresenham.cpp:64:3: error: invalid use of 'this' outside of a non-static member function
  this->_M_shrink_to_fit();
  ^
1 error generated.
Makefile:2: recipe for target 'prog' failed
make: *** [prog] Error 1
/root/test/prophet/wrap/g++ -c bresenham.cpp -o bresenham.o
/root/test/prophet/wrap/g++ -o prog bresenham.o
/root/test/prophet/wrap/g++ -c bresenham.cpp -o bresenham.o
bresenham.cpp:33:6: error: invalid use of 'this' outside of a non-static member function
     this->_M_offset = 0;
     ^
1 error generated.
Makefile:2: recipe for target 'prog' failed
make: *** [prog] Error 1
/root/test/prophet/wrap/g++ -c bresenham.cpp -o bresenham.o
bresenham.cpp:33:6: error: invalid use of 'this' outside of a non-static member function
     this->_M_impl._M_start = std::vector<bool, type-parameter-0-0>::iterator(0, 0);
     ^
bresenham.cpp:33:49: error: use of undeclared identifier 'type'
     this->_M_impl._M_start = std::vector<bool, type-parameter-0-0>::iterator(0, 0);
                                                ^
bresenham.cpp:33:54: error: use of undeclared identifier 'parameter'
     this->_M_impl._M_start = std::vector<bool, type-parameter-0-0>::iterator(0, 0);
                                                     ^
3 errors generated.
Makefile:2: recipe for target 'prog' failed
make: *** [prog] Error 1
/root/test/prophet/wrap/g++ -c bresenham.cpp -o bresenham.o
bresenham.cpp:65:3: error: invalid use of 'this' outside of a non-static member function
  this->_M_erase_at_end(begin());
  ^
bresenham.cpp:65:25: error: use of undeclared identifier 'begin'
  this->_M_erase_at_end(begin());
                        ^
bresenham.cpp:69:3: error: invalid use of 'this' outside of a non-static member function
  this->_M_erase_at_end(this->_M_impl._M_start);
  ^
bresenham.cpp:69:25: error: invalid use of 'this' outside of a non-static member function
  this->_M_erase_at_end(this->_M_impl._M_start);
                        ^
bresenham.cpp:73:3: error: invalid use of 'this' outside of a non-static member function
  this->_M_bump_down();
  ^
bresenham.cpp:77:3: error: invalid use of 'this' outside of a non-static member function
  this->_M_bump_up();
  ^
bresenham.cpp:81:7: error: invalid use of 'this' outside of a non-static member function
  if (this->capacity() - this->size() < int(_S_word_bit))
      ^
bresenham.cpp:81:26: error: invalid use of 'this' outside of a non-static member function
  if (this->capacity() - this->size() < int(_S_word_bit))
                         ^
bresenham.cpp:81:45: error: use of undeclared identifier '_S_word_bit'; did you mean 'std::_S_word_bit'?
  if (this->capacity() - this->size() < int(_S_word_bit))
                                            ^~~~~~~~~~~
                                            std::_S_word_bit
/usr/lib/gcc/x86_64-linux-gnu/7.5.0/../../../../include/c++/7.5.0/bits/stl_bvector.h:68:10: note: 'std::_S_word_bit' declared here
  enum { _S_word_bit = int(__CHAR_BIT__ * sizeof(_Bit_type)) };
         ^
bresenham.cpp:82:7: warning: bool literal returned from 'main' [-Wmain]
      return false;
      ^      ~~~~~
bresenham.cpp:86:7: error: invalid use of 'this' outside of a non-static member function
  if (this->capacity() == this->size())
      ^
bresenham.cpp:86:27: error: invalid use of 'this' outside of a non-static member function
  if (this->capacity() == this->size())
                          ^
bresenham.cpp:87:7: warning: bool literal returned from 'main' [-Wmain]
      return false;
      ^      ~~~~~
bresenham.cpp:91:3: error: invalid use of 'this' outside of a non-static member function
  this->_M_impl._M_finish = this->_M_copy_aligned(__x.begin(), __x.end(), begin());
  ^
bresenham.cpp:91:29: error: invalid use of 'this' outside of a non-static member function
  this->_M_impl._M_finish = this->_M_copy_aligned(__x.begin(), __x.end(), begin());
                            ^
bresenham.cpp:91:75: error: use of undeclared identifier 'begin'
  this->_M_impl._M_finish = this->_M_copy_aligned(__x.begin(), __x.end(), begin());
                                                                          ^
bresenham.cpp:91:51: error: use of undeclared identifier '__x'
  this->_M_impl._M_finish = this->_M_copy_aligned(__x.begin(), __x.end(), begin());
                                                  ^
bresenham.cpp:91:64: error: use of undeclared identifier '__x'
  this->_M_impl._M_finish = this->_M_copy_aligned(__x.begin(), __x.end(), begin());
                                                               ^
bresenham.cpp:95:3: error: invalid use of 'this' outside of a non-static member function
  this->_M_impl._M_finish = std::__uninitialized_fill_n_a(this->_M_impl._M_finish, __n - this->size(), __val, _M_get_Tp_allocator());
  ^
bresenham.cpp:95:59: error: invalid use of 'this' outside of a non-static member function
  this->_M_impl._M_finish = std::__uninitialized_fill_n_a(this->_M_impl._M_finish, __n - this->size(), __val, _M_get_Tp_allocator());
                                                          ^
bresenham.cpp:95:90: error: invalid use of 'this' outside of a non-static member function
  this->_M_impl._M_finish = std::__uninitialized_fill_n_a(this->_M_impl._M_finish, __n - this->size(), __val, _M_get_Tp_allocator());
                                                                                         ^
fatal error: too many errors emitted, stopping now [-ferror-limit=]
2 warnings and 20 errors generated.
Makefile:2: recipe for target 'prog' failed
make: *** [prog] Error 1
/root/test/prophet/wrap/g++ -c bresenham.cpp -o bresenham.o
bresenham.cpp:64:3: error: invalid use of 'this' outside of a non-static member function
  this->_M_erase_at_end(begin());
  ^
bresenham.cpp:64:25: error: use of undeclared identifier 'begin'
  this->_M_erase_at_end(begin());
                        ^
2 errors generated.
Makefile:2: recipe for target 'prog' failed
make: *** [prog] Error 1
/root/test/prophet/wrap/g++ -c bresenham.cpp -o bresenham.o
bresenham.cpp:64:3: error: invalid use of 'this' outside of a non-static member function
  this->_M_erase_at_end(this->_M_impl._M_start);
  ^
bresenham.cpp:64:25: error: invalid use of 'this' outside of a non-static member function
  this->_M_erase_at_end(this->_M_impl._M_start);
                        ^
2 errors generated.
Makefile:2: recipe for target 'prog' failed
make: *** [prog] Error 1
/root/test/prophet/wrap/g++ -c bresenham.cpp -o bresenham.o
bresenham.cpp:64:3: error: invalid use of 'this' outside of a non-static member function
  this->_M_bump_down();
  ^
1 error generated.
Makefile:2: recipe for target 'prog' failed
make: *** [prog] Error 1
/root/test/prophet/wrap/g++ -c bresenham.cpp -o bresenham.o
bresenham.cpp:64:3: error: invalid use of 'this' outside of a non-static member function
  this->_M_bump_up();
  ^
1 error generated.
Makefile:2: recipe for target 'prog' failed
make: *** [prog] Error 1
/root/test/prophet/wrap/g++ -c bresenham.cpp -o bresenham.o
bresenham.cpp:64:7: error: invalid use of 'this' outside of a non-static member function
  if (this->capacity() - this->size() < int(_S_word_bit))
      ^
bresenham.cpp:64:26: error: invalid use of 'this' outside of a non-static member function
  if (this->capacity() - this->size() < int(_S_word_bit))
                         ^
bresenham.cpp:64:45: error: use of undeclared identifier '_S_word_bit'; did you mean 'std::_S_word_bit'?
  if (this->capacity() - this->size() < int(_S_word_bit))
                                            ^~~~~~~~~~~
                                            std::_S_word_bit
/usr/lib/gcc/x86_64-linux-gnu/7.5.0/../../../../include/c++/7.5.0/bits/stl_bvector.h:68:10: note: 'std::_S_word_bit' declared here
  enum { _S_word_bit = int(__CHAR_BIT__ * sizeof(_Bit_type)) };
         ^
bresenham.cpp:65:7: warning: bool literal returned from 'main' [-Wmain]
      return false;
      ^      ~~~~~
1 warning and 3 errors generated.
Makefile:2: recipe for target 'prog' failed
make: *** [prog] Error 1
/root/test/prophet/wrap/g++ -c bresenham.cpp -o bresenham.o
bresenham.cpp:64:7: error: invalid use of 'this' outside of a non-static member function
  if (this->capacity() == this->size())
      ^
bresenham.cpp:64:27: error: invalid use of 'this' outside of a non-static member function
  if (this->capacity() == this->size())
                          ^
bresenham.cpp:65:7: warning: bool literal returned from 'main' [-Wmain]
      return false;
      ^      ~~~~~
1 warning and 2 errors generated.
Makefile:2: recipe for target 'prog' failed
make: *** [prog] Error 1
/root/test/prophet/wrap/g++ -c bresenham.cpp -o bresenham.o
bresenham.cpp:64:3: error: invalid use of 'this' outside of a non-static member function
  this->_M_impl._M_finish = this->_M_copy_aligned(__x.begin(), __x.end(), begin());
  ^
bresenham.cpp:64:29: error: invalid use of 'this' outside of a non-static member function
  this->_M_impl._M_finish = this->_M_copy_aligned(__x.begin(), __x.end(), begin());
                            ^
bresenham.cpp:64:75: error: use of undeclared identifier 'begin'
  this->_M_impl._M_finish = this->_M_copy_aligned(__x.begin(), __x.end(), begin());
                                                                          ^
bresenham.cpp:64:51: error: use of undeclared identifier '__x'
  this->_M_impl._M_finish = this->_M_copy_aligned(__x.begin(), __x.end(), begin());
                                                  ^
bresenham.cpp:64:64: error: use of undeclared identifier '__x'
  this->_M_impl._M_finish = this->_M_copy_aligned(__x.begin(), __x.end(), begin());
                                                               ^
5 errors generated.
Makefile:2: recipe for target 'prog' failed
make: *** [prog] Error 1
/root/test/prophet/wrap/g++ -c bresenham.cpp -o bresenham.o
bresenham.cpp:64:3: error: invalid use of 'this' outside of a non-static member function
  this->_M_impl._M_finish = std::__uninitialized_fill_n_a(this->_M_impl._M_finish, __n - this->size(), __val, _M_get_Tp_allocator());
  ^
bresenham.cpp:64:59: error: invalid use of 'this' outside of a non-static member function
  this->_M_impl._M_finish = std::__uninitialized_fill_n_a(this->_M_impl._M_finish, __n - this->size(), __val, _M_get_Tp_allocator());
                                                          ^
bresenham.cpp:64:90: error: invalid use of 'this' outside of a non-static member function
  this->_M_impl._M_finish = std::__uninitialized_fill_n_a(this->_M_impl._M_finish, __n - this->size(), __val, _M_get_Tp_allocator());
                                                                                         ^
bresenham.cpp:64:84: error: use of undeclared identifier '__n'
  this->_M_impl._M_finish = std::__uninitialized_fill_n_a(this->_M_impl._M_finish, __n - this->size(), __val, _M_get_Tp_allocator());
                                                                                   ^
bresenham.cpp:64:111: error: use of undeclared identifier '_M_get_Tp_allocator'
  this->_M_impl._M_finish = std::__uninitialized_fill_n_a(this->_M_impl._M_finish, __n - this->size(), __val, _M_get_Tp_allocator());
                                                                                                              ^
bresenham.cpp:64:104: error: use of undeclared identifier '__val'
  this->_M_impl._M_finish = std::__uninitialized_fill_n_a(this->_M_impl._M_finish, __n - this->size(), __val, _M_get_Tp_allocator());
                                                                                                       ^
6 errors generated.
Makefile:2: recipe for target 'prog' failed
make: *** [prog] Error 1
/root/test/prophet/wrap/g++ -c bresenham.cpp -o bresenham.o
/root/test/prophet/wrap/g++ -o prog bresenham.o
/root/test/prophet/wrap/g++ -c bresenham.cpp -o bresenham.o
/root/test/prophet/wrap/g++ -o prog bresenham.o
/root/test/prophet/wrap/g++ -c bresenham.cpp -o bresenham.o
bresenham.cpp:55:10: error: no matching function for call to '__is_neg'
           if (!__is_neg())
                ^~~~~~~~
bresenham.cpp:1:38: note: candidate function not viable: requires at least 1 argument, but 0 were provided
extern "C" { int __get_mutant(); int __is_neg(int, ...); int __abst_hole(); }
                                     ^
bresenham.cpp:59:5: error: invalid use of 'this' outside of a non-static member function
           this->_M_offset = 0;
           ^
bresenham.cpp:63:9: error: invalid use of 'this' outside of a non-static member function
           if (this->_M_offset++ == int(_S_word_bit) - 1) {
               ^
bresenham.cpp:63:34: error: use of undeclared identifier '_S_word_bit'; did you mean 'std::_S_word_bit'?
           if (this->_M_offset++ == int(_S_word_bit) - 1) {
                                        ^~~~~~~~~~~
                                        std::_S_word_bit
/usr/lib/gcc/x86_64-linux-gnu/7.5.0/../../../../include/c++/7.5.0/bits/stl_bvector.h:68:10: note: 'std::_S_word_bit' declared here
  enum { _S_word_bit = int(__CHAR_BIT__ * sizeof(_Bit_type)) };
         ^
bresenham.cpp:64:9: error: invalid use of 'this' outside of a non-static member function
               this->_M_offset = 0;
               ^
bresenham.cpp:65:11: error: invalid use of 'this' outside of a non-static member function
               ++this->_M_p;
                 ^
bresenham.cpp:70:5: error: invalid use of 'this' outside of a non-static member function
           this->_M_impl._M_start = std::vector<bool, type-parameter-0-0>::iterator(0, 0);
           ^
bresenham.cpp:70:48: error: use of undeclared identifier 'type'
           this->_M_impl._M_start = std::vector<bool, type-parameter-0-0>::iterator(0, 0);
                                                      ^
bresenham.cpp:70:53: error: use of undeclared identifier 'parameter'
           this->_M_impl._M_start = std::vector<bool, type-parameter-0-0>::iterator(0, 0);
                                                           ^
bresenham.cpp:96:7: error: invalid use of 'this' outside of a non-static member function
           ++this->_M_p;
             ^
bresenham.cpp:100:7: error: invalid use of 'this' outside of a non-static member function
           --this->_M_p;
             ^
11 errors generated.
Makefile:2: recipe for target 'prog' failed
make: *** [prog] Error 1
/root/test/prophet/wrap/g++ -c bresenham.cpp -o bresenham.o
/root/test/prophet/wrap/g++ -o prog bresenham.o
/root/test/prophet/wrap/g++ -c bresenham.cpp -o bresenham.o
bresenham.cpp:50:10: error: no matching function for call to '__is_neg'
           if (!__is_neg())
                ^~~~~~~~
bresenham.cpp:1:38: note: candidate function not viable: requires at least 1 argument, but 0 were provided
extern "C" { int __get_mutant(); int __is_neg(int, ...); int __abst_hole(); }
                                     ^
1 error generated.
Makefile:2: recipe for target 'prog' failed
make: *** [prog] Error 1
/root/test/prophet/wrap/g++ -c bresenham.cpp -o bresenham.o
bresenham.cpp:50:5: error: invalid use of 'this' outside of a non-static member function
           this->_M_offset = 0;
           ^
1 error generated.
Makefile:2: recipe for target 'prog' failed
make: *** [prog] Error 1
/root/test/prophet/wrap/g++ -c bresenham.cpp -o bresenham.o
bresenham.cpp:50:9: error: invalid use of 'this' outside of a non-static member function
           if (this->_M_offset++ == int(_S_word_bit) - 1) {
               ^
bresenham.cpp:50:34: error: use of undeclared identifier '_S_word_bit'; did you mean 'std::_S_word_bit'?
           if (this->_M_offset++ == int(_S_word_bit) - 1) {
                                        ^~~~~~~~~~~
                                        std::_S_word_bit
/usr/lib/gcc/x86_64-linux-gnu/7.5.0/../../../../include/c++/7.5.0/bits/stl_bvector.h:68:10: note: 'std::_S_word_bit' declared here
  enum { _S_word_bit = int(__CHAR_BIT__ * sizeof(_Bit_type)) };
         ^
bresenham.cpp:51:9: error: invalid use of 'this' outside of a non-static member function
               this->_M_offset = 0;
               ^
bresenham.cpp:52:11: error: invalid use of 'this' outside of a non-static member function
               ++this->_M_p;
                 ^
4 errors generated.
Makefile:2: recipe for target 'prog' failed
make: *** [prog] Error 1
/root/test/prophet/wrap/g++ -c bresenham.cpp -o bresenham.o
bresenham.cpp:50:5: error: invalid use of 'this' outside of a non-static member function
           this->_M_impl._M_start = std::vector<bool, type-parameter-0-0>::iterator(0, 0);
           ^
bresenham.cpp:50:48: error: use of undeclared identifier 'type'
           this->_M_impl._M_start = std::vector<bool, type-parameter-0-0>::iterator(0, 0);
                                                      ^
bresenham.cpp:50:53: error: use of undeclared identifier 'parameter'
           this->_M_impl._M_start = std::vector<bool, type-parameter-0-0>::iterator(0, 0);
                                                           ^
3 errors generated.
Makefile:2: recipe for target 'prog' failed
make: *** [prog] Error 1
/root/test/prophet/wrap/g++ -c bresenham.cpp -o bresenham.o
/root/test/prophet/wrap/g++ -o prog bresenham.o
/root/test/prophet/wrap/g++ -c bresenham.cpp -o bresenham.o
/root/test/prophet/wrap/g++ -o prog bresenham.o
/root/test/prophet/wrap/g++ -c bresenham.cpp -o bresenham.o
/root/test/prophet/wrap/g++ -o prog bresenham.o
/root/test/prophet/wrap/g++ -c bresenham.cpp -o bresenham.o
bresenham.cpp:50:7: error: invalid use of 'this' outside of a non-static member function
           ++this->_M_p;
             ^
1 error generated.
Makefile:2: recipe for target 'prog' failed
make: *** [prog] Error 1
/root/test/prophet/wrap/g++ -c bresenham.cpp -o bresenham.o
bresenham.cpp:50:7: error: invalid use of 'this' outside of a non-static member function
           --this->_M_p;
             ^
1 error generated.
Makefile:2: recipe for target 'prog' failed
make: *** [prog] Error 1
/root/test/prophet/wrap/g++ -c bresenham.cpp -o bresenham.o
bresenham.cpp:51:7: error: invalid use of 'this' outside of a non-static member function
           --this->current;
             ^
bresenham.cpp:55:7: error: invalid use of 'this' outside of a non-static member function
           ++this->current;
             ^
bresenham.cpp:59:7: error: invalid use of 'this' outside of a non-static member function
           ++this->iter;
             ^
bresenham.cpp:63:7: error: invalid use of 'this' outside of a non-static member function
           --this->_M_current;
             ^
bresenham.cpp:67:7: error: invalid use of 'this' outside of a non-static member function
           ++this->_M_current;
             ^
bresenham.cpp:75:7: error: invalid use of 'this' outside of a non-static member function
           --this->_M_impl._M_finish;
             ^
bresenham.cpp:79:7: error: invalid use of 'this' outside of a non-static member function
           ++this->_M_impl._M_finish;
             ^
bresenham.cpp:83:5: error: invalid use of 'this' outside of a non-static member function
           this->_M_deallocate(this->_M_impl._M_start, this->_M_impl._M_end_of_storage - this->_M_impl._M_start);
           ^
bresenham.cpp:83:25: error: invalid use of 'this' outside of a non-static member function
           this->_M_deallocate(this->_M_impl._M_start, this->_M_impl._M_end_of_storage - this->_M_impl._M_start);
                               ^
bresenham.cpp:83:49: error: invalid use of 'this' outside of a non-static member function
           this->_M_deallocate(this->_M_impl._M_start, this->_M_impl._M_end_of_storage - this->_M_impl._M_start);
                                                       ^
bresenham.cpp:83:83: error: invalid use of 'this' outside of a non-static member function
           this->_M_deallocate(this->_M_impl._M_start, this->_M_impl._M_end_of_storage - this->_M_impl._M_start);
                                                                                         ^
bresenham.cpp:87:5: error: invalid use of 'this' outside of a non-static member function
           this->clear();
           ^
12 errors generated.
Makefile:2: recipe for target 'prog' failed
make: *** [prog] Error 1
/root/test/prophet/wrap/g++ -c bresenham.cpp -o bresenham.o
bresenham.cpp:50:7: error: invalid use of 'this' outside of a non-static member function
           --this->current;
             ^
1 error generated.
Makefile:2: recipe for target 'prog' failed
make: *** [prog] Error 1
/root/test/prophet/wrap/g++ -c bresenham.cpp -o bresenham.o
bresenham.cpp:50:7: error: invalid use of 'this' outside of a non-static member function
           ++this->current;
             ^
1 error generated.
Makefile:2: recipe for target 'prog' failed
make: *** [prog] Error 1
/root/test/prophet/wrap/g++ -c bresenham.cpp -o bresenham.o
bresenham.cpp:50:7: error: invalid use of 'this' outside of a non-static member function
           ++this->iter;
             ^
1 error generated.
Makefile:2: recipe for target 'prog' failed
make: *** [prog] Error 1
/root/test/prophet/wrap/g++ -c bresenham.cpp -o bresenham.o
bresenham.cpp:50:7: error: invalid use of 'this' outside of a non-static member function
           --this->_M_current;
             ^
1 error generated.
Makefile:2: recipe for target 'prog' failed
make: *** [prog] Error 1
/root/test/prophet/wrap/g++ -c bresenham.cpp -o bresenham.o
bresenham.cpp:50:7: error: invalid use of 'this' outside of a non-static member function
           ++this->_M_current;
             ^
1 error generated.
Makefile:2: recipe for target 'prog' failed
make: *** [prog] Error 1
/root/test/prophet/wrap/g++ -c bresenham.cpp -o bresenham.o
/root/test/prophet/wrap/g++ -o prog bresenham.o
/root/test/prophet/wrap/g++ -c bresenham.cpp -o bresenham.o
bresenham.cpp:50:7: error: invalid use of 'this' outside of a non-static member function
           --this->_M_impl._M_finish;
             ^
1 error generated.
Makefile:2: recipe for target 'prog' failed
make: *** [prog] Error 1
/root/test/prophet/wrap/g++ -c bresenham.cpp -o bresenham.o
bresenham.cpp:50:7: error: invalid use of 'this' outside of a non-static member function
           ++this->_M_impl._M_finish;
             ^
1 error generated.
Makefile:2: recipe for target 'prog' failed
make: *** [prog] Error 1
/root/test/prophet/wrap/g++ -c bresenham.cpp -o bresenham.o
bresenham.cpp:50:5: error: invalid use of 'this' outside of a non-static member function
           this->_M_deallocate(this->_M_impl._M_start, this->_M_impl._M_end_of_storage - this->_M_impl._M_start);
           ^
bresenham.cpp:50:25: error: invalid use of 'this' outside of a non-static member function
           this->_M_deallocate(this->_M_impl._M_start, this->_M_impl._M_end_of_storage - this->_M_impl._M_start);
                               ^
bresenham.cpp:50:49: error: invalid use of 'this' outside of a non-static member function
           this->_M_deallocate(this->_M_impl._M_start, this->_M_impl._M_end_of_storage - this->_M_impl._M_start);
                                                       ^
bresenham.cpp:50:83: error: invalid use of 'this' outside of a non-static member function
           this->_M_deallocate(this->_M_impl._M_start, this->_M_impl._M_end_of_storage - this->_M_impl._M_start);
                                                                                         ^
4 errors generated.
Makefile:2: recipe for target 'prog' failed
make: *** [prog] Error 1
/root/test/prophet/wrap/g++ -c bresenham.cpp -o bresenham.o
bresenham.cpp:50:5: error: invalid use of 'this' outside of a non-static member function
           this->clear();
           ^
1 error generated.
Makefile:2: recipe for target 'prog' failed
make: *** [prog] Error 1
/root/test/prophet/wrap/g++ -c bresenham.cpp -o bresenham.o
bresenham.cpp:51:5: error: invalid use of 'this' outside of a non-static member function
           this->_M_deallocate();
           ^
bresenham.cpp:55:19: error: invalid use of 'this' outside of a non-static member function
           std::_Destroy(this->_M_impl._M_start, this->_M_impl._M_finish, _M_get_Tp_allocator());
                         ^
bresenham.cpp:55:43: error: invalid use of 'this' outside of a non-static member function
           std::_Destroy(this->_M_impl._M_start, this->_M_impl._M_finish, _M_get_Tp_allocator());
                                                 ^
bresenham.cpp:55:68: error: use of undeclared identifier '_M_get_Tp_allocator'
           std::_Destroy(this->_M_impl._M_start, this->_M_impl._M_finish, _M_get_Tp_allocator());
                                                                          ^
bresenham.cpp:59:5: error: use of undeclared identifier '_Alloc_traits'
           _Alloc_traits::destroy(this->_M_impl, this->_M_impl._M_finish);
           ^
bresenham.cpp:59:28: error: invalid use of 'this' outside of a non-static member function
           _Alloc_traits::destroy(this->_M_impl, this->_M_impl._M_finish);
                                  ^
bresenham.cpp:59:43: error: invalid use of 'this' outside of a non-static member function
           _Alloc_traits::destroy(this->_M_impl, this->_M_impl._M_finish);
                                                 ^
bresenham.cpp:63:19: error: invalid use of 'this' outside of a non-static member function
           _M_deallocate(this->_M_impl._M_start, this->_M_impl._M_end_of_storage - this->_M_impl._M_start);
                         ^
bresenham.cpp:63:43: error: invalid use of 'this' outside of a non-static member function
           _M_deallocate(this->_M_impl._M_start, this->_M_impl._M_end_of_storage - this->_M_impl._M_start);
                                                 ^
bresenham.cpp:63:77: error: invalid use of 'this' outside of a non-static member function
           _M_deallocate(this->_M_impl._M_start, this->_M_impl._M_end_of_storage - this->_M_impl._M_start);
                                                                                   ^
bresenham.cpp:67:5: error: invalid use of 'this' outside of a non-static member function
           this->_M_impl._M_finish = std::_Bit_iterator();
           ^
bresenham.cpp:71:5: error: invalid use of 'this' outside of a non-static member function
           this->_M_impl._M_start = std::_Bit_iterator();
           ^
bresenham.cpp:75:5: error: invalid use of 'this' outside of a non-static member function
           this->_M_impl._M_end_of_storage = std::_Bvector_base::_Bit_pointer();
           ^
bresenham.cpp:75:44: error: '_Bvector_base' is not a class, namespace, or enumeration
           this->_M_impl._M_end_of_storage = std::_Bvector_base::_Bit_pointer();
                                                  ^
/usr/lib/gcc/x86_64-linux-gnu/7.5.0/../../../../include/c++/7.5.0/bits/stl_bvector.h:411:12: note: '_Bvector_base' declared here
    struct _Bvector_base
           ^
bresenham.cpp:79:5: error: invalid use of 'this' outside of a non-static member function
           this->_M_impl._M_end_of_storage = this->_M_impl._M_finish;
           ^
bresenham.cpp:79:39: error: invalid use of 'this' outside of a non-static member function
           this->_M_impl._M_end_of_storage = this->_M_impl._M_finish;
                                             ^
bresenham.cpp:83:5: error: invalid use of 'this' outside of a non-static member function
           this->_M_impl._M_finish = __tmp + __old_size;
           ^
bresenham.cpp:83:31: error: use of undeclared identifier '__tmp'
           this->_M_impl._M_finish = __tmp + __old_size;
                                     ^
bresenham.cpp:83:39: error: use of undeclared identifier '__old_size'
           this->_M_impl._M_finish = __tmp + __old_size;
                                             ^
fatal error: too many errors emitted, stopping now [-ferror-limit=]
20 errors generated.
Makefile:2: recipe for target 'prog' failed
make: *** [prog] Error 1
/root/test/prophet/wrap/g++ -c bresenham.cpp -o bresenham.o
bresenham.cpp:50:5: error: invalid use of 'this' outside of a non-static member function
           this->_M_deallocate();
           ^
1 error generated.
Makefile:2: recipe for target 'prog' failed
make: *** [prog] Error 1
/root/test/prophet/wrap/g++ -c bresenham.cpp -o bresenham.o
bresenham.cpp:50:19: error: invalid use of 'this' outside of a non-static member function
           std::_Destroy(this->_M_impl._M_start, this->_M_impl._M_finish, _M_get_Tp_allocator());
                         ^
bresenham.cpp:50:43: error: invalid use of 'this' outside of a non-static member function
           std::_Destroy(this->_M_impl._M_start, this->_M_impl._M_finish, _M_get_Tp_allocator());
                                                 ^
bresenham.cpp:50:68: error: use of undeclared identifier '_M_get_Tp_allocator'
           std::_Destroy(this->_M_impl._M_start, this->_M_impl._M_finish, _M_get_Tp_allocator());
                                                                          ^
3 errors generated.
Makefile:2: recipe for target 'prog' failed
make: *** [prog] Error 1
/root/test/prophet/wrap/g++ -c bresenham.cpp -o bresenham.o
bresenham.cpp:50:5: error: use of undeclared identifier '_Alloc_traits'
           _Alloc_traits::destroy(this->_M_impl, this->_M_impl._M_finish);
           ^
bresenham.cpp:50:28: error: invalid use of 'this' outside of a non-static member function
           _Alloc_traits::destroy(this->_M_impl, this->_M_impl._M_finish);
                                  ^
bresenham.cpp:50:43: error: invalid use of 'this' outside of a non-static member function
           _Alloc_traits::destroy(this->_M_impl, this->_M_impl._M_finish);
                                                 ^
3 errors generated.
Makefile:2: recipe for target 'prog' failed
make: *** [prog] Error 1
/root/test/prophet/wrap/g++ -c bresenham.cpp -o bresenham.o
bresenham.cpp:50:19: error: invalid use of 'this' outside of a non-static member function
           _M_deallocate(this->_M_impl._M_start, this->_M_impl._M_end_of_storage - this->_M_impl._M_start);
                         ^
bresenham.cpp:50:43: error: invalid use of 'this' outside of a non-static member function
           _M_deallocate(this->_M_impl._M_start, this->_M_impl._M_end_of_storage - this->_M_impl._M_start);
                                                 ^
bresenham.cpp:50:77: error: invalid use of 'this' outside of a non-static member function
           _M_deallocate(this->_M_impl._M_start, this->_M_impl._M_end_of_storage - this->_M_impl._M_start);
                                                                                   ^
3 errors generated.
Makefile:2: recipe for target 'prog' failed
make: *** [prog] Error 1
/root/test/prophet/wrap/g++ -c bresenham.cpp -o bresenham.o
bresenham.cpp:50:5: error: invalid use of 'this' outside of a non-static member function
           this->_M_impl._M_finish = std::_Bit_iterator();
           ^
1 error generated.
Makefile:2: recipe for target 'prog' failed
make: *** [prog] Error 1
/root/test/prophet/wrap/g++ -c bresenham.cpp -o bresenham.o
bresenham.cpp:50:5: error: invalid use of 'this' outside of a non-static member function
           this->_M_impl._M_start = std::_Bit_iterator();
           ^
1 error generated.
Makefile:2: recipe for target 'prog' failed
make: *** [prog] Error 1
/root/test/prophet/wrap/g++ -c bresenham.cpp -o bresenham.o
bresenham.cpp:50:5: error: invalid use of 'this' outside of a non-static member function
           this->_M_impl._M_end_of_storage = std::_Bvector_base::_Bit_pointer();
           ^
bresenham.cpp:50:44: error: '_Bvector_base' is not a class, namespace, or enumeration
           this->_M_impl._M_end_of_storage = std::_Bvector_base::_Bit_pointer();
                                                  ^
/usr/lib/gcc/x86_64-linux-gnu/7.5.0/../../../../include/c++/7.5.0/bits/stl_bvector.h:411:12: note: '_Bvector_base' declared here
    struct _Bvector_base
           ^
2 errors generated.
Makefile:2: recipe for target 'prog' failed
make: *** [prog] Error 1
/root/test/prophet/wrap/g++ -c bresenham.cpp -o bresenham.o
bresenham.cpp:50:5: error: invalid use of 'this' outside of a non-static member function
           this->_M_impl._M_end_of_storage = this->_M_impl._M_finish;
           ^
bresenham.cpp:50:39: error: invalid use of 'this' outside of a non-static member function
           this->_M_impl._M_end_of_storage = this->_M_impl._M_finish;
                                             ^
2 errors generated.
Makefile:2: recipe for target 'prog' failed
make: *** [prog] Error 1
/root/test/prophet/wrap/g++ -c bresenham.cpp -o bresenham.o
bresenham.cpp:50:5: error: invalid use of 'this' outside of a non-static member function
           this->_M_impl._M_finish = __tmp + __old_size;
           ^
bresenham.cpp:50:31: error: use of undeclared identifier '__tmp'
           this->_M_impl._M_finish = __tmp + __old_size;
                                     ^
bresenham.cpp:50:39: error: use of undeclared identifier '__old_size'
           this->_M_impl._M_finish = __tmp + __old_size;
                                             ^
3 errors generated.
Makefile:2: recipe for target 'prog' failed
make: *** [prog] Error 1
/root/test/prophet/wrap/g++ -c bresenham.cpp -o bresenham.o
bresenham.cpp:50:5: error: invalid use of 'this' outside of a non-static member function
           this->_M_impl._M_finish = this->_M_impl._M_start;
           ^
bresenham.cpp:50:31: error: invalid use of 'this' outside of a non-static member function
           this->_M_impl._M_finish = this->_M_impl._M_start;
                                     ^
2 errors generated.
Makefile:2: recipe for target 'prog' failed
make: *** [prog] Error 1
/root/test/prophet/wrap/g++ -c bresenham.cpp -o bresenham.o
bresenham.cpp:51:5: error: invalid use of 'this' outside of a non-static member function
           this->_M_impl._M_start = nullptr;
           ^
bresenham.cpp:55:5: error: invalid use of 'this' outside of a non-static member function
           this->_M_impl._M_finish = nullptr;
           ^
bresenham.cpp:59:5: error: invalid use of 'this' outside of a non-static member function
           this->_M_impl._M_end_of_storage = __q + _S_nword(__n);
           ^
bresenham.cpp:59:39: error: use of undeclared identifier '__q'
           this->_M_impl._M_end_of_storage = __q + _S_nword(__n);
                                             ^
bresenham.cpp:59:54: error: use of undeclared identifier '__n'
           this->_M_impl._M_end_of_storage = __q + _S_nword(__n);
                                                            ^
bresenham.cpp:63:5: error: invalid use of 'this' outside of a non-static member function
           this->_M_impl._M_end_of_storage = nullptr;
           ^
bresenham.cpp:67:5: error: invalid use of 'this' outside of a non-static member function
           this->_M_impl._M_end_of_storage = std::vector<bool, type-parameter-0-0>::_Bit_pointer();
           ^
bresenham.cpp:67:57: error: use of undeclared identifier 'type'
           this->_M_impl._M_end_of_storage = std::vector<bool, type-parameter-0-0>::_Bit_pointer();
                                                               ^
bresenham.cpp:67:62: error: use of undeclared identifier 'parameter'
           this->_M_impl._M_end_of_storage = std::vector<bool, type-parameter-0-0>::_Bit_pointer();
                                                                    ^
bresenham.cpp:71:5: error: invalid use of 'this' outside of a non-static member function
           this->_M_impl._M_finish = std::__uninitialized_fill_n_a(this->_M_impl._M_start, __n, __value, _M_get_Tp_allocator());
           ^
bresenham.cpp:71:61: error: invalid use of 'this' outside of a non-static member function
           this->_M_impl._M_finish = std::__uninitialized_fill_n_a(this->_M_impl._M_start, __n, __value, _M_get_Tp_allocator());
                                                                   ^
bresenham.cpp:71:99: error: use of undeclared identifier '_M_get_Tp_allocator'
           this->_M_impl._M_finish = std::__uninitialized_fill_n_a(this->_M_impl._M_start, __n, __value, _M_get_Tp_allocator());
                                                                                                         ^
bresenham.cpp:71:85: error: use of undeclared identifier '__n'
           this->_M_impl._M_finish = std::__uninitialized_fill_n_a(this->_M_impl._M_start, __n, __value, _M_get_Tp_allocator());
                                                                                           ^
bresenham.cpp:71:90: error: use of undeclared identifier '__value'
           this->_M_impl._M_finish = std::__uninitialized_fill_n_a(this->_M_impl._M_start, __n, __value, _M_get_Tp_allocator());
                                                                                                ^
bresenham.cpp:75:5: error: invalid use of 'this' outside of a non-static member function
           this->_M_impl._M_finish = std::__uninitialized_move_a(__rv.begin(), __rv.end(), this->_M_impl._M_start, _M_get_Tp_allocator());
           ^
bresenham.cpp:75:85: error: invalid use of 'this' outside of a non-static member function
           this->_M_impl._M_finish = std::__uninitialized_move_a(__rv.begin(), __rv.end(), this->_M_impl._M_start, _M_get_Tp_allocator());
                                                                                           ^
bresenham.cpp:75:109: error: use of undeclared identifier '_M_get_Tp_allocator'
           this->_M_impl._M_finish = std::__uninitialized_move_a(__rv.begin(), __rv.end(), this->_M_impl._M_start, _M_get_Tp_allocator());
                                                                                                                   ^
bresenham.cpp:75:59: error: use of undeclared identifier '__rv'
           this->_M_impl._M_finish = std::__uninitialized_move_a(__rv.begin(), __rv.end(), this->_M_impl._M_start, _M_get_Tp_allocator());
                                                                 ^
bresenham.cpp:75:73: error: use of undeclared identifier '__rv'
           this->_M_impl._M_finish = std::__uninitialized_move_a(__rv.begin(), __rv.end(), this->_M_impl._M_start, _M_get_Tp_allocator());
                                                                               ^
fatal error: too many errors emitted, stopping now [-ferror-limit=]
20 errors generated.
Makefile:2: recipe for target 'prog' failed
make: *** [prog] Error 1
/root/test/prophet/wrap/g++ -c bresenham.cpp -o bresenham.o
bresenham.cpp:50:5: error: invalid use of 'this' outside of a non-static member function
           this->_M_impl._M_start = nullptr;
           ^
1 error generated.
Makefile:2: recipe for target 'prog' failed
make: *** [prog] Error 1
/root/test/prophet/wrap/g++ -c bresenham.cpp -o bresenham.o
bresenham.cpp:50:5: error: invalid use of 'this' outside of a non-static member function
           this->_M_impl._M_finish = nullptr;
           ^
1 error generated.
Makefile:2: recipe for target 'prog' failed
make: *** [prog] Error 1
/root/test/prophet/wrap/g++ -c bresenham.cpp -o bresenham.o
bresenham.cpp:50:5: error: invalid use of 'this' outside of a non-static member function
           this->_M_impl._M_end_of_storage = __q + _S_nword(__n);
           ^
bresenham.cpp:50:39: error: use of undeclared identifier '__q'
           this->_M_impl._M_end_of_storage = __q + _S_nword(__n);
                                             ^
bresenham.cpp:50:54: error: use of undeclared identifier '__n'
           this->_M_impl._M_end_of_storage = __q + _S_nword(__n);
                                                            ^
3 errors generated.
Makefile:2: recipe for target 'prog' failed
make: *** [prog] Error 1
/root/test/prophet/wrap/g++ -c bresenham.cpp -o bresenham.o
bresenham.cpp:50:5: error: invalid use of 'this' outside of a non-static member function
           this->_M_impl._M_end_of_storage = nullptr;
           ^
1 error generated.
Makefile:2: recipe for target 'prog' failed
make: *** [prog] Error 1
/root/test/prophet/wrap/g++ -c bresenham.cpp -o bresenham.o
bresenham.cpp:50:5: error: invalid use of 'this' outside of a non-static member function
           this->_M_impl._M_end_of_storage = std::vector<bool, type-parameter-0-0>::_Bit_pointer();
           ^
bresenham.cpp:50:57: error: use of undeclared identifier 'type'
           this->_M_impl._M_end_of_storage = std::vector<bool, type-parameter-0-0>::_Bit_pointer();
                                                               ^
bresenham.cpp:50:62: error: use of undeclared identifier 'parameter'
           this->_M_impl._M_end_of_storage = std::vector<bool, type-parameter-0-0>::_Bit_pointer();
                                                                    ^
3 errors generated.
Makefile:2: recipe for target 'prog' failed
make: *** [prog] Error 1
/root/test/prophet/wrap/g++ -c bresenham.cpp -o bresenham.o
bresenham.cpp:50:5: error: invalid use of 'this' outside of a non-static member function
           this->_M_impl._M_finish = std::__uninitialized_fill_n_a(this->_M_impl._M_start, __n, __value, _M_get_Tp_allocator());
           ^
bresenham.cpp:50:61: error: invalid use of 'this' outside of a non-static member function
           this->_M_impl._M_finish = std::__uninitialized_fill_n_a(this->_M_impl._M_start, __n, __value, _M_get_Tp_allocator());
                                                                   ^
bresenham.cpp:50:99: error: use of undeclared identifier '_M_get_Tp_allocator'
           this->_M_impl._M_finish = std::__uninitialized_fill_n_a(this->_M_impl._M_start, __n, __value, _M_get_Tp_allocator());
                                                                                                         ^
bresenham.cpp:50:85: error: use of undeclared identifier '__n'
           this->_M_impl._M_finish = std::__uninitialized_fill_n_a(this->_M_impl._M_start, __n, __value, _M_get_Tp_allocator());
                                                                                           ^
bresenham.cpp:50:90: error: use of undeclared identifier '__value'
           this->_M_impl._M_finish = std::__uninitialized_fill_n_a(this->_M_impl._M_start, __n, __value, _M_get_Tp_allocator());
                                                                                                ^
5 errors generated.
Makefile:2: recipe for target 'prog' failed
make: *** [prog] Error 1
/root/test/prophet/wrap/g++ -c bresenham.cpp -o bresenham.o
bresenham.cpp:50:5: error: invalid use of 'this' outside of a non-static member function
           this->_M_impl._M_finish = std::__uninitialized_move_a(__rv.begin(), __rv.end(), this->_M_impl._M_start, _M_get_Tp_allocator());
           ^
bresenham.cpp:50:85: error: invalid use of 'this' outside of a non-static member function
           this->_M_impl._M_finish = std::__uninitialized_move_a(__rv.begin(), __rv.end(), this->_M_impl._M_start, _M_get_Tp_allocator());
                                                                                           ^
bresenham.cpp:50:109: error: use of undeclared identifier '_M_get_Tp_allocator'
           this->_M_impl._M_finish = std::__uninitialized_move_a(__rv.begin(), __rv.end(), this->_M_impl._M_start, _M_get_Tp_allocator());
                                                                                                                   ^
bresenham.cpp:50:59: error: use of undeclared identifier '__rv'
           this->_M_impl._M_finish = std::__uninitialized_move_a(__rv.begin(), __rv.end(), this->_M_impl._M_start, _M_get_Tp_allocator());
                                                                 ^
bresenham.cpp:50:73: error: use of undeclared identifier '__rv'
           this->_M_impl._M_finish = std::__uninitialized_move_a(__rv.begin(), __rv.end(), this->_M_impl._M_start, _M_get_Tp_allocator());
                                                                               ^
5 errors generated.
Makefile:2: recipe for target 'prog' failed
make: *** [prog] Error 1
/root/test/prophet/wrap/g++ -c bresenham.cpp -o bresenham.o
bresenham.cpp:50:5: error: invalid use of 'this' outside of a non-static member function
           this->_M_impl._M_finish = std::__uninitialized_copy_a(__first, __last, this->_M_impl._M_start, _M_get_Tp_allocator());
           ^
bresenham.cpp:50:76: error: invalid use of 'this' outside of a non-static member function
           this->_M_impl._M_finish = std::__uninitialized_copy_a(__first, __last, this->_M_impl._M_start, _M_get_Tp_allocator());
                                                                                  ^
bresenham.cpp:50:100: error: use of undeclared identifier '_M_get_Tp_allocator'
           this->_M_impl._M_finish = std::__uninitialized_copy_a(__first, __last, this->_M_impl._M_start, _M_get_Tp_allocator());
                                                                                                          ^
bresenham.cpp:50:59: error: use of undeclared identifier '__first'
           this->_M_impl._M_finish = std::__uninitialized_copy_a(__first, __last, this->_M_impl._M_start, _M_get_Tp_allocator());
                                                                 ^
bresenham.cpp:50:68: error: use of undeclared identifier '__last'
           this->_M_impl._M_finish = std::__uninitialized_copy_a(__first, __last, this->_M_impl._M_start, _M_get_Tp_allocator());
                                                                          ^
5 errors generated.
Makefile:2: recipe for target 'prog' failed
make: *** [prog] Error 1
/root/test/prophet/wrap/g++ -c bresenham.cpp -o bresenham.o
bresenham.cpp:50:5: error: invalid use of 'this' outside of a non-static member function
           this->_M_impl._M_finish = std::__uninitialized_copy_a(__x.begin(), __x.end(), this->_M_impl._M_start, _M_get_Tp_allocator());
           ^
bresenham.cpp:50:83: error: invalid use of 'this' outside of a non-static member function
           this->_M_impl._M_finish = std::__uninitialized_copy_a(__x.begin(), __x.end(), this->_M_impl._M_start, _M_get_Tp_allocator());
                                                                                         ^
bresenham.cpp:50:107: error: use of undeclared identifier '_M_get_Tp_allocator'
           this->_M_impl._M_finish = std::__uninitialized_copy_a(__x.begin(), __x.end(), this->_M_impl._M_start, _M_get_Tp_allocator());
                                                                                                                 ^
bresenham.cpp:50:59: error: use of undeclared identifier '__x'
           this->_M_impl._M_finish = std::__uninitialized_copy_a(__x.begin(), __x.end(), this->_M_impl._M_start, _M_get_Tp_allocator());
                                                                 ^
bresenham.cpp:50:72: error: use of undeclared identifier '__x'
           this->_M_impl._M_finish = std::__uninitialized_copy_a(__x.begin(), __x.end(), this->_M_impl._M_start, _M_get_Tp_allocator());
                                                                              ^
5 errors generated.
Makefile:2: recipe for target 'prog' failed
make: *** [prog] Error 1
/root/test/prophet/wrap/g++ -c bresenham.cpp -o bresenham.o
bresenham.cpp:50:5: error: invalid use of 'this' outside of a non-static member function
           this->_M_impl._M_finish = std::__uninitialized_copy_a(__mid, __last, this->_M_impl._M_finish, _M_get_Tp_allocator());
           ^
bresenham.cpp:50:74: error: invalid use of 'this' outside of a non-static member function
           this->_M_impl._M_finish = std::__uninitialized_copy_a(__mid, __last, this->_M_impl._M_finish, _M_get_Tp_allocator());
                                                                                ^
bresenham.cpp:50:99: error: use of undeclared identifier '_M_get_Tp_allocator'
           this->_M_impl._M_finish = std::__uninitialized_copy_a(__mid, __last, this->_M_impl._M_finish, _M_get_Tp_allocator());
                                                                                                         ^
bresenham.cpp:50:59: error: use of undeclared identifier '__mid'
           this->_M_impl._M_finish = std::__uninitialized_copy_a(__mid, __last, this->_M_impl._M_finish, _M_get_Tp_allocator());
                                                                 ^
bresenham.cpp:50:66: error: use of undeclared identifier '__last'
           this->_M_impl._M_finish = std::__uninitialized_copy_a(__mid, __last, this->_M_impl._M_finish, _M_get_Tp_allocator());
                                                                        ^
5 errors generated.
Makefile:2: recipe for target 'prog' failed
make: *** [prog] Error 1
/root/test/prophet/wrap/g++ -c bresenham.cpp -o bresenham.o
bresenham.cpp:63:5: error: invalid use of 'this' outside of a non-static member function
  ++this->iter;
    ^
1 error generated.
Makefile:2: recipe for target 'prog' failed
make: *** [prog] Error 1
/root/test/prophet/wrap/g++ -c bresenham.cpp -o bresenham.o
bresenham.cpp:63:5: error: invalid use of 'this' outside of a non-static member function
  --this->_M_current;
    ^
1 error generated.
Makefile:2: recipe for target 'prog' failed
make: *** [prog] Error 1
/root/test/prophet/wrap/g++ -c bresenham.cpp -o bresenham.o
bresenham.cpp:63:5: error: invalid use of 'this' outside of a non-static member function
  --this->current;
    ^
1 error generated.
Makefile:2: recipe for target 'prog' failed
make: *** [prog] Error 1
/root/test/prophet/wrap/g++ -c bresenham.cpp -o bresenham.o
bresenham.cpp:63:5: error: invalid use of 'this' outside of a non-static member function
  --this->_M_p;
    ^
1 error generated.
Makefile:2: recipe for target 'prog' failed
make: *** [prog] Error 1
/root/test/prophet/wrap/g++ -c bresenham.cpp -o bresenham.o
bresenham.cpp:63:5: error: invalid use of 'this' outside of a non-static member function
  ++this->_M_current;
    ^
1 error generated.
Makefile:2: recipe for target 'prog' failed
make: *** [prog] Error 1
/root/test/prophet/wrap/g++ -c bresenham.cpp -o bresenham.o
bresenham.cpp:63:5: error: invalid use of 'this' outside of a non-static member function
  ++this->_M_p;
    ^
1 error generated.
Makefile:2: recipe for target 'prog' failed
make: *** [prog] Error 1
/root/test/prophet/wrap/g++ -c bresenham.cpp -o bresenham.o
bresenham.cpp:63:5: error: invalid use of 'this' outside of a non-static member function
  ++this->current;
    ^
1 error generated.
Makefile:2: recipe for target 'prog' failed
make: *** [prog] Error 1
/root/test/prophet/wrap/g++ -c bresenham.cpp -o bresenham.o
/root/test/prophet/wrap/g++ -o prog bresenham.o
/root/test/prophet/wrap/g++ -c bresenham.cpp -o bresenham.o
bresenham.cpp:63:5: error: invalid use of 'this' outside of a non-static member function
  --this->_M_impl._M_finish;
    ^
1 error generated.
Makefile:2: recipe for target 'prog' failed
make: *** [prog] Error 1
/root/test/prophet/wrap/g++ -c bresenham.cpp -o bresenham.o
bresenham.cpp:63:5: error: invalid use of 'this' outside of a non-static member function
  ++this->_M_impl._M_finish;
    ^
1 error generated.
Makefile:2: recipe for target 'prog' failed
make: *** [prog] Error 1
/root/test/prophet/wrap/g++ -c bresenham.cpp -o bresenham.o
bresenham.cpp:63:3: error: invalid use of 'this' outside of a non-static member function
  this->_M_deallocate(this->_M_impl._M_start, this->_M_impl._M_end_of_storage - this->_M_impl._M_start);
  ^
bresenham.cpp:63:23: error: invalid use of 'this' outside of a non-static member function
  this->_M_deallocate(this->_M_impl._M_start, this->_M_impl._M_end_of_storage - this->_M_impl._M_start);
                      ^
bresenham.cpp:63:47: error: invalid use of 'this' outside of a non-static member function
  this->_M_deallocate(this->_M_impl._M_start, this->_M_impl._M_end_of_storage - this->_M_impl._M_start);
                                              ^
bresenham.cpp:63:81: error: invalid use of 'this' outside of a non-static member function
  this->_M_deallocate(this->_M_impl._M_start, this->_M_impl._M_end_of_storage - this->_M_impl._M_start);
                                                                                ^
4 errors generated.
Makefile:2: recipe for target 'prog' failed
make: *** [prog] Error 1
/root/test/prophet/wrap/g++ -c bresenham.cpp -o bresenham.o
bresenham.cpp:63:3: error: invalid use of 'this' outside of a non-static member function
  this->clear();
  ^
1 error generated.
Makefile:2: recipe for target 'prog' failed
make: *** [prog] Error 1
/root/test/prophet/wrap/g++ -c bresenham.cpp -o bresenham.o
bresenham.cpp:63:3: error: invalid use of 'this' outside of a non-static member function
  this->_M_deallocate();
  ^
1 error generated.
Makefile:2: recipe for target 'prog' failed
make: *** [prog] Error 1
/root/test/prophet/wrap/g++ -c bresenham.cpp -o bresenham.o
bresenham.cpp:63:17: error: invalid use of 'this' outside of a non-static member function
  std::_Destroy(this->_M_impl._M_start, this->_M_impl._M_finish, _M_get_Tp_allocator());
                ^
bresenham.cpp:63:41: error: invalid use of 'this' outside of a non-static member function
  std::_Destroy(this->_M_impl._M_start, this->_M_impl._M_finish, _M_get_Tp_allocator());
                                        ^
bresenham.cpp:63:66: error: use of undeclared identifier '_M_get_Tp_allocator'
  std::_Destroy(this->_M_impl._M_start, this->_M_impl._M_finish, _M_get_Tp_allocator());
                                                                 ^
3 errors generated.
Makefile:2: recipe for target 'prog' failed
make: *** [prog] Error 1
/root/test/prophet/wrap/g++ -c bresenham.cpp -o bresenham.o
bresenham.cpp:63:17: error: invalid use of 'this' outside of a non-static member function
  _M_deallocate(this->_M_impl._M_start, this->_M_impl._M_end_of_storage - this->_M_impl._M_start);
                ^
bresenham.cpp:63:41: error: invalid use of 'this' outside of a non-static member function
  _M_deallocate(this->_M_impl._M_start, this->_M_impl._M_end_of_storage - this->_M_impl._M_start);
                                        ^
bresenham.cpp:63:75: error: invalid use of 'this' outside of a non-static member function
  _M_deallocate(this->_M_impl._M_start, this->_M_impl._M_end_of_storage - this->_M_impl._M_start);
                                                                          ^
3 errors generated.
Makefile:2: recipe for target 'prog' failed
make: *** [prog] Error 1
/root/test/prophet/wrap/g++ -c bresenham.cpp -o bresenham.o
bresenham.cpp:15:9: error: invalid use of 'this' outside of a non-static member function
    if (this->_M_offset++ == int(_S_word_bit) - 1) {
        ^
bresenham.cpp:15:34: error: use of undeclared identifier '_S_word_bit'; did you mean 'std::_S_word_bit'?
    if (this->_M_offset++ == int(_S_word_bit) - 1) {
                                 ^~~~~~~~~~~
                                 std::_S_word_bit
/usr/lib/gcc/x86_64-linux-gnu/7.5.0/../../../../include/c++/7.5.0/bits/stl_bvector.h:68:10: note: 'std::_S_word_bit' declared here
  enum { _S_word_bit = int(__CHAR_BIT__ * sizeof(_Bit_type)) };
         ^
bresenham.cpp:16:9: error: invalid use of 'this' outside of a non-static member function
        this->_M_offset = 0;
        ^
bresenham.cpp:17:11: error: invalid use of 'this' outside of a non-static member function
        ++this->_M_p;
          ^
bresenham.cpp:22:5: error: invalid use of 'this' outside of a non-static member function
    this->_M_offset = 0;
    ^
bresenham.cpp:26:5: error: invalid use of 'this' outside of a non-static member function
    this->_M_impl._M_start = std::vector<bool, type-parameter-0-0>::iterator(0, 0);
    ^
bresenham.cpp:26:48: error: use of undeclared identifier 'type'
    this->_M_impl._M_start = std::vector<bool, type-parameter-0-0>::iterator(0, 0);
                                               ^
bresenham.cpp:26:53: error: use of undeclared identifier 'parameter'
    this->_M_impl._M_start = std::vector<bool, type-parameter-0-0>::iterator(0, 0);
                                                    ^
bresenham.cpp:30:33: error: use of undeclared identifier 'y0'
    bool steep = abs((int)(y1 - y0)) > abs((int)(x1 - x0));
                                ^
bresenham.cpp:30:55: error: use of undeclared identifier 'x0'
    bool steep = abs((int)(y1 - y0)) > abs((int)(x1 - x0));
                                                      ^
bresenham.cpp:34:7: error: use of undeclared identifier 'x0'
         a = x0; x0 = y0; y0 = a;
             ^
bresenham.cpp:34:11: error: use of undeclared identifier 'x0'
         a = x0; x0 = y0; y0 = a;
                 ^
bresenham.cpp:34:16: error: use of undeclared identifier 'y0'
         a = x0; x0 = y0; y0 = a;
                      ^
bresenham.cpp:34:20: error: use of undeclared identifier 'y0'
         a = x0; x0 = y0; y0 = a;
                          ^
bresenham.cpp:37:10: error: use of undeclared identifier 'x0'
     if (x0 > x1)
         ^
bresenham.cpp:39:7: error: use of undeclared identifier 'x0'
         a = x0; x0 = x1; x1 = a;
             ^
bresenham.cpp:39:11: error: use of undeclared identifier 'x0'
         a = x0; x0 = x1; x1 = a;
                 ^
bresenham.cpp:40:7: error: use of undeclared identifier 'y0'
         a = y0; y0 = y1; y1 = a;
             ^
bresenham.cpp:40:11: error: use of undeclared identifier 'y0'
         a = y0; y0 = y1; y1 = a;
                 ^
fatal error: too many errors emitted, stopping now [-ferror-limit=]
20 errors generated.
Makefile:2: recipe for target 'prog' failed
make: *** [prog] Error 1
/root/test/prophet/wrap/g++ -c bresenham.cpp -o bresenham.o
bresenham.cpp:14:9: error: invalid use of 'this' outside of a non-static member function
    if (this->_M_offset++ == int(_S_word_bit) - 1) {
        ^
bresenham.cpp:14:34: error: use of undeclared identifier '_S_word_bit'; did you mean 'std::_S_word_bit'?
    if (this->_M_offset++ == int(_S_word_bit) - 1) {
                                 ^~~~~~~~~~~
                                 std::_S_word_bit
/usr/lib/gcc/x86_64-linux-gnu/7.5.0/../../../../include/c++/7.5.0/bits/stl_bvector.h:68:10: note: 'std::_S_word_bit' declared here
  enum { _S_word_bit = int(__CHAR_BIT__ * sizeof(_Bit_type)) };
         ^
bresenham.cpp:15:9: error: invalid use of 'this' outside of a non-static member function
        this->_M_offset = 0;
        ^
bresenham.cpp:16:11: error: invalid use of 'this' outside of a non-static member function
        ++this->_M_p;
          ^
4 errors generated.
Makefile:2: recipe for target 'prog' failed
make: *** [prog] Error 1
/root/test/prophet/wrap/g++ -c bresenham.cpp -o bresenham.o
bresenham.cpp:14:5: error: invalid use of 'this' outside of a non-static member function
    this->_M_offset = 0;
    ^
1 error generated.
Makefile:2: recipe for target 'prog' failed
make: *** [prog] Error 1
/root/test/prophet/wrap/g++ -c bresenham.cpp -o bresenham.o
bresenham.cpp:14:5: error: invalid use of 'this' outside of a non-static member function
    this->_M_impl._M_start = std::vector<bool, type-parameter-0-0>::iterator(0, 0);
    ^
bresenham.cpp:14:48: error: use of undeclared identifier 'type'
    this->_M_impl._M_start = std::vector<bool, type-parameter-0-0>::iterator(0, 0);
                                               ^
bresenham.cpp:14:53: error: use of undeclared identifier 'parameter'
    this->_M_impl._M_start = std::vector<bool, type-parameter-0-0>::iterator(0, 0);
                                                    ^
3 errors generated.
Makefile:2: recipe for target 'prog' failed
make: *** [prog] Error 1
/root/test/prophet/wrap/g++ -c bresenham.cpp -o bresenham.o
bresenham.cpp:20:5: error: invalid use of 'this' outside of a non-static member function
    this->_M_offset = 0;
    ^
bresenham.cpp:24:9: error: invalid use of 'this' outside of a non-static member function
    if (this->_M_offset++ == int(_S_word_bit) - 1) {
        ^
bresenham.cpp:24:34: error: use of undeclared identifier '_S_word_bit'; did you mean 'std::_S_word_bit'?
    if (this->_M_offset++ == int(_S_word_bit) - 1) {
                                 ^~~~~~~~~~~
                                 std::_S_word_bit
/usr/lib/gcc/x86_64-linux-gnu/7.5.0/../../../../include/c++/7.5.0/bits/stl_bvector.h:68:10: note: 'std::_S_word_bit' declared here
  enum { _S_word_bit = int(__CHAR_BIT__ * sizeof(_Bit_type)) };
         ^
bresenham.cpp:25:9: error: invalid use of 'this' outside of a non-static member function
        this->_M_offset = 0;
        ^
bresenham.cpp:26:11: error: invalid use of 'this' outside of a non-static member function
        ++this->_M_p;
          ^
bresenham.cpp:31:5: error: invalid use of 'this' outside of a non-static member function
    this->_M_impl._M_start = std::vector<bool, type-parameter-0-0>::iterator(0, 0);
    ^
bresenham.cpp:31:48: error: use of undeclared identifier 'type'
    this->_M_impl._M_start = std::vector<bool, type-parameter-0-0>::iterator(0, 0);
                                               ^
bresenham.cpp:31:53: error: use of undeclared identifier 'parameter'
    this->_M_impl._M_start = std::vector<bool, type-parameter-0-0>::iterator(0, 0);
                                                    ^
bresenham.cpp:35:10: error: use of undeclared identifier 'steep'
     if (steep)
         ^
bresenham.cpp:60:7: error: use of undeclared identifier 'steep'
         if (steep){
             ^
10 errors generated.
Makefile:2: recipe for target 'prog' failed
make: *** [prog] Error 1
/root/test/prophet/wrap/g++ -c bresenham.cpp -o bresenham.o
/root/test/prophet/wrap/g++ -o prog bresenham.o
/root/test/prophet/wrap/g++ -c bresenham.cpp -o bresenham.o
bresenham.cpp:16:5: error: invalid use of 'this' outside of a non-static member function
    this->_M_offset = 0;
    ^
1 error generated.
Makefile:2: recipe for target 'prog' failed
make: *** [prog] Error 1
/root/test/prophet/wrap/g++ -c bresenham.cpp -o bresenham.o
bresenham.cpp:16:9: error: invalid use of 'this' outside of a non-static member function
    if (this->_M_offset++ == int(_S_word_bit) - 1) {
        ^
bresenham.cpp:16:34: error: use of undeclared identifier '_S_word_bit'; did you mean 'std::_S_word_bit'?
    if (this->_M_offset++ == int(_S_word_bit) - 1) {
                                 ^~~~~~~~~~~
                                 std::_S_word_bit
/usr/lib/gcc/x86_64-linux-gnu/7.5.0/../../../../include/c++/7.5.0/bits/stl_bvector.h:68:10: note: 'std::_S_word_bit' declared here
  enum { _S_word_bit = int(__CHAR_BIT__ * sizeof(_Bit_type)) };
         ^
bresenham.cpp:17:9: error: invalid use of 'this' outside of a non-static member function
        this->_M_offset = 0;
        ^
bresenham.cpp:18:11: error: invalid use of 'this' outside of a non-static member function
        ++this->_M_p;
          ^
4 errors generated.
Makefile:2: recipe for target 'prog' failed
make: *** [prog] Error 1
/root/test/prophet/wrap/g++ -c bresenham.cpp -o bresenham.o
bresenham.cpp:16:5: error: invalid use of 'this' outside of a non-static member function
    this->_M_impl._M_start = std::vector<bool, type-parameter-0-0>::iterator(0, 0);
    ^
bresenham.cpp:16:48: error: use of undeclared identifier 'type'
    this->_M_impl._M_start = std::vector<bool, type-parameter-0-0>::iterator(0, 0);
                                               ^
bresenham.cpp:16:53: error: use of undeclared identifier 'parameter'
    this->_M_impl._M_start = std::vector<bool, type-parameter-0-0>::iterator(0, 0);
                                                    ^
3 errors generated.
Makefile:2: recipe for target 'prog' failed
make: *** [prog] Error 1
/root/test/prophet/wrap/g++ -c bresenham.cpp -o bresenham.o
bresenham.cpp:21:9: error: invalid use of 'this' outside of a non-static member function
    if (this->_M_offset++ == int(_S_word_bit) - 1) {
        ^
bresenham.cpp:21:34: error: use of undeclared identifier '_S_word_bit'; did you mean 'std::_S_word_bit'?
    if (this->_M_offset++ == int(_S_word_bit) - 1) {
                                 ^~~~~~~~~~~
                                 std::_S_word_bit
/usr/lib/gcc/x86_64-linux-gnu/7.5.0/../../../../include/c++/7.5.0/bits/stl_bvector.h:68:10: note: 'std::_S_word_bit' declared here
  enum { _S_word_bit = int(__CHAR_BIT__ * sizeof(_Bit_type)) };
         ^
bresenham.cpp:22:9: error: invalid use of 'this' outside of a non-static member function
        this->_M_offset = 0;
        ^
bresenham.cpp:23:11: error: invalid use of 'this' outside of a non-static member function
        ++this->_M_p;
          ^
bresenham.cpp:28:5: error: invalid use of 'this' outside of a non-static member function
    this->_M_offset = 0;
    ^
bresenham.cpp:32:5: error: invalid use of 'this' outside of a non-static member function
    this->_M_impl._M_start = std::vector<bool, type-parameter-0-0>::iterator(0, 0);
    ^
bresenham.cpp:32:48: error: use of undeclared identifier 'type'
    this->_M_impl._M_start = std::vector<bool, type-parameter-0-0>::iterator(0, 0);
                                               ^
bresenham.cpp:32:53: error: use of undeclared identifier 'parameter'
    this->_M_impl._M_start = std::vector<bool, type-parameter-0-0>::iterator(0, 0);
                                                    ^
bresenham.cpp:37:3: error: use of undeclared identifier 'a'
         a = x0; x0 = y0; y0 = a;
         ^
bresenham.cpp:37:25: error: use of undeclared identifier 'a'
         a = x0; x0 = y0; y0 = a;
                               ^
bresenham.cpp:38:3: error: use of undeclared identifier 'a'
         a = x1; x1 = y1; y1 = a;
         ^
bresenham.cpp:38:25: error: use of undeclared identifier 'a'
         a = x1; x1 = y1; y1 = a;
                               ^
bresenham.cpp:42:3: error: use of undeclared identifier 'a'
         a = x0; x0 = x1; x1 = a;
         ^
bresenham.cpp:42:25: error: use of undeclared identifier 'a'
         a = x0; x0 = x1; x1 = a;
                               ^
bresenham.cpp:43:3: error: use of undeclared identifier 'a'
         a = y0; y0 = y1; y1 = a;
         ^
bresenham.cpp:43:25: error: use of undeclared identifier 'a'
         a = y0; y0 = y1; y1 = a;
                               ^
16 errors generated.
Makefile:2: recipe for target 'prog' failed
make: *** [prog] Error 1
/root/test/prophet/wrap/g++ -c bresenham.cpp -o bresenham.o
/root/test/prophet/wrap/g++ -o prog bresenham.o
/root/test/prophet/wrap/g++ -c bresenham.cpp -o bresenham.o
bresenham.cpp:17:9: error: invalid use of 'this' outside of a non-static member function
    if (this->_M_offset++ == int(_S_word_bit) - 1) {
        ^
bresenham.cpp:17:34: error: use of undeclared identifier '_S_word_bit'; did you mean 'std::_S_word_bit'?
    if (this->_M_offset++ == int(_S_word_bit) - 1) {
                                 ^~~~~~~~~~~
                                 std::_S_word_bit
/usr/lib/gcc/x86_64-linux-gnu/7.5.0/../../../../include/c++/7.5.0/bits/stl_bvector.h:68:10: note: 'std::_S_word_bit' declared here
  enum { _S_word_bit = int(__CHAR_BIT__ * sizeof(_Bit_type)) };
         ^
bresenham.cpp:18:9: error: invalid use of 'this' outside of a non-static member function
        this->_M_offset = 0;
        ^
bresenham.cpp:19:11: error: invalid use of 'this' outside of a non-static member function
        ++this->_M_p;
          ^
4 errors generated.
Makefile:2: recipe for target 'prog' failed
make: *** [prog] Error 1
/root/test/prophet/wrap/g++ -c bresenham.cpp -o bresenham.o
bresenham.cpp:17:5: error: invalid use of 'this' outside of a non-static member function
    this->_M_offset = 0;
    ^
1 error generated.
Makefile:2: recipe for target 'prog' failed
make: *** [prog] Error 1
/root/test/prophet/wrap/g++ -c bresenham.cpp -o bresenham.o
bresenham.cpp:17:5: error: invalid use of 'this' outside of a non-static member function
    this->_M_impl._M_start = std::vector<bool, type-parameter-0-0>::iterator(0, 0);
    ^
bresenham.cpp:17:48: error: use of undeclared identifier 'type'
    this->_M_impl._M_start = std::vector<bool, type-parameter-0-0>::iterator(0, 0);
                                               ^
bresenham.cpp:17:53: error: use of undeclared identifier 'parameter'
    this->_M_impl._M_start = std::vector<bool, type-parameter-0-0>::iterator(0, 0);
                                                    ^
3 errors generated.
Makefile:2: recipe for target 'prog' failed
make: *** [prog] Error 1
/root/test/prophet/wrap/g++ -c bresenham.cpp -o bresenham.o
bresenham.cpp:19:21: error: no matching function for call to '__is_neg'
     if ((steep) || __is_neg()) {
                    ^~~~~~~~
bresenham.cpp:1:38: note: candidate function not viable: requires at least 1 argument, but 0 were provided
extern "C" { int __get_mutant(); int __is_neg(int, ...); int __abst_hole(); }
                                     ^
bresenham.cpp:29:22: error: no matching function for call to '__is_neg'
     if ((steep) && !__is_neg()) {
                     ^~~~~~~~
bresenham.cpp:1:38: note: candidate function not viable: requires at least 1 argument, but 0 were provided
extern "C" { int __get_mutant(); int __is_neg(int, ...); int __abst_hole(); }
                                     ^
bresenham.cpp:39:11: error: no matching function for call to '__is_neg'
     if (!__is_neg())
          ^~~~~~~~
bresenham.cpp:1:38: note: candidate function not viable: requires at least 1 argument, but 0 were provided
extern "C" { int __get_mutant(); int __is_neg(int, ...); int __abst_hole(); }
                                     ^
bresenham.cpp:50:6: error: invalid use of 'this' outside of a non-static member function
     this->_M_offset = 0;
     ^
bresenham.cpp:61:10: error: invalid use of 'this' outside of a non-static member function
     if (this->_M_offset++ == int(_S_word_bit) - 1) {
         ^
bresenham.cpp:61:35: error: use of undeclared identifier '_S_word_bit'; did you mean 'std::_S_word_bit'?
     if (this->_M_offset++ == int(_S_word_bit) - 1) {
                                  ^~~~~~~~~~~
                                  std::_S_word_bit
/usr/lib/gcc/x86_64-linux-gnu/7.5.0/../../../../include/c++/7.5.0/bits/stl_bvector.h:68:10: note: 'std::_S_word_bit' declared here
  enum { _S_word_bit = int(__CHAR_BIT__ * sizeof(_Bit_type)) };
         ^
bresenham.cpp:62:10: error: invalid use of 'this' outside of a non-static member function
         this->_M_offset = 0;
         ^
bresenham.cpp:63:12: error: invalid use of 'this' outside of a non-static member function
         ++this->_M_p;
           ^
bresenham.cpp:75:6: error: invalid use of 'this' outside of a non-static member function
     this->_M_impl._M_start = std::vector<bool, type-parameter-0-0>::iterator(0, 0);
     ^
bresenham.cpp:75:49: error: use of undeclared identifier 'type'
     this->_M_impl._M_start = std::vector<bool, type-parameter-0-0>::iterator(0, 0);
                                                ^
bresenham.cpp:75:54: error: use of undeclared identifier 'parameter'
     this->_M_impl._M_start = std::vector<bool, type-parameter-0-0>::iterator(0, 0);
                                                     ^
11 errors generated.
Makefile:2: recipe for target 'prog' failed
make: *** [prog] Error 1
/root/test/prophet/wrap/g++ -c bresenham.cpp -o bresenham.o
bresenham.cpp:18:21: error: no matching function for call to '__is_neg'
     if ((steep) || __is_neg()) {
                    ^~~~~~~~
bresenham.cpp:1:38: note: candidate function not viable: requires at least 1 argument, but 0 were provided
extern "C" { int __get_mutant(); int __is_neg(int, ...); int __abst_hole(); }
                                     ^
1 error generated.
Makefile:2: recipe for target 'prog' failed
make: *** [prog] Error 1
/root/test/prophet/wrap/g++ -c bresenham.cpp -o bresenham.o
bresenham.cpp:18:22: error: no matching function for call to '__is_neg'
     if ((steep) && !__is_neg()) {
                     ^~~~~~~~
bresenham.cpp:1:38: note: candidate function not viable: requires at least 1 argument, but 0 were provided
extern "C" { int __get_mutant(); int __is_neg(int, ...); int __abst_hole(); }
                                     ^
1 error generated.
Makefile:2: recipe for target 'prog' failed
make: *** [prog] Error 1
/root/test/prophet/wrap/g++ -c bresenham.cpp -o bresenham.o
bresenham.cpp:18:11: error: no matching function for call to '__is_neg'
     if (!__is_neg())
          ^~~~~~~~
bresenham.cpp:1:38: note: candidate function not viable: requires at least 1 argument, but 0 were provided
extern "C" { int __get_mutant(); int __is_neg(int, ...); int __abst_hole(); }
                                     ^
1 error generated.
Makefile:2: recipe for target 'prog' failed
make: *** [prog] Error 1
/root/test/prophet/wrap/g++ -c bresenham.cpp -o bresenham.o
bresenham.cpp:18:6: error: invalid use of 'this' outside of a non-static member function
     this->_M_offset = 0;
     ^
1 error generated.
Makefile:2: recipe for target 'prog' failed
make: *** [prog] Error 1
/root/test/prophet/wrap/g++ -c bresenham.cpp -o bresenham.o
bresenham.cpp:18:10: error: invalid use of 'this' outside of a non-static member function
     if (this->_M_offset++ == int(_S_word_bit) - 1) {
         ^
bresenham.cpp:18:35: error: use of undeclared identifier '_S_word_bit'; did you mean 'std::_S_word_bit'?
     if (this->_M_offset++ == int(_S_word_bit) - 1) {
                                  ^~~~~~~~~~~
                                  std::_S_word_bit
/usr/lib/gcc/x86_64-linux-gnu/7.5.0/../../../../include/c++/7.5.0/bits/stl_bvector.h:68:10: note: 'std::_S_word_bit' declared here
  enum { _S_word_bit = int(__CHAR_BIT__ * sizeof(_Bit_type)) };
         ^
bresenham.cpp:19:10: error: invalid use of 'this' outside of a non-static member function
         this->_M_offset = 0;
         ^
bresenham.cpp:20:12: error: invalid use of 'this' outside of a non-static member function
         ++this->_M_p;
           ^
4 errors generated.
Makefile:2: recipe for target 'prog' failed
make: *** [prog] Error 1
/root/test/prophet/wrap/g++ -c bresenham.cpp -o bresenham.o
bresenham.cpp:18:6: error: invalid use of 'this' outside of a non-static member function
     this->_M_impl._M_start = std::vector<bool, type-parameter-0-0>::iterator(0, 0);
     ^
bresenham.cpp:18:49: error: use of undeclared identifier 'type'
     this->_M_impl._M_start = std::vector<bool, type-parameter-0-0>::iterator(0, 0);
                                                ^
bresenham.cpp:18:54: error: use of undeclared identifier 'parameter'
     this->_M_impl._M_start = std::vector<bool, type-parameter-0-0>::iterator(0, 0);
                                                     ^
3 errors generated.
Makefile:2: recipe for target 'prog' failed
make: *** [prog] Error 1
/root/test/prophet/wrap/g++ -c bresenham.cpp -o bresenham.o
bresenham.cpp:24:24: error: no matching function for call to '__is_neg'
     if ((x0 > x1) && !__is_neg()) {
                       ^~~~~~~~
bresenham.cpp:1:38: note: candidate function not viable: requires at least 1 argument, but 0 were provided
extern "C" { int __get_mutant(); int __is_neg(int, ...); int __abst_hole(); }
                                     ^
bresenham.cpp:34:23: error: no matching function for call to '__is_neg'
     if ((x0 > x1) || __is_neg()) {
                      ^~~~~~~~
bresenham.cpp:1:38: note: candidate function not viable: requires at least 1 argument, but 0 were provided
extern "C" { int __get_mutant(); int __is_neg(int, ...); int __abst_hole(); }
                                     ^
bresenham.cpp:44:11: error: no matching function for call to '__is_neg'
     if (!__is_neg())
          ^~~~~~~~
bresenham.cpp:1:38: note: candidate function not viable: requires at least 1 argument, but 0 were provided
extern "C" { int __get_mutant(); int __is_neg(int, ...); int __abst_hole(); }
                                     ^
3 errors generated.
Makefile:2: recipe for target 'prog' failed
make: *** [prog] Error 1
/root/test/prophet/wrap/g++ -c bresenham.cpp -o bresenham.o
bresenham.cpp:23:24: error: no matching function for call to '__is_neg'
     if ((x0 > x1) && !__is_neg()) {
                       ^~~~~~~~
bresenham.cpp:1:38: note: candidate function not viable: requires at least 1 argument, but 0 were provided
extern "C" { int __get_mutant(); int __is_neg(int, ...); int __abst_hole(); }
                                     ^
1 error generated.
Makefile:2: recipe for target 'prog' failed
make: *** [prog] Error 1
/root/test/prophet/wrap/g++ -c bresenham.cpp -o bresenham.o
bresenham.cpp:23:23: error: no matching function for call to '__is_neg'
     if ((x0 > x1) || __is_neg()) {
                      ^~~~~~~~
bresenham.cpp:1:38: note: candidate function not viable: requires at least 1 argument, but 0 were provided
extern "C" { int __get_mutant(); int __is_neg(int, ...); int __abst_hole(); }
                                     ^
1 error generated.
Makefile:2: recipe for target 'prog' failed
make: *** [prog] Error 1
/root/test/prophet/wrap/g++ -c bresenham.cpp -o bresenham.o
bresenham.cpp:23:11: error: no matching function for call to '__is_neg'
     if (!__is_neg())
          ^~~~~~~~
bresenham.cpp:1:38: note: candidate function not viable: requires at least 1 argument, but 0 were provided
extern "C" { int __get_mutant(); int __is_neg(int, ...); int __abst_hole(); }
                                     ^
1 error generated.
Makefile:2: recipe for target 'prog' failed
make: *** [prog] Error 1
/root/test/prophet/wrap/g++ -c bresenham.cpp -o bresenham.o
bresenham.cpp:34:32: error: use of undeclared identifier 'deltax'; did you mean 'deltay'?
     float deltaerr = deltay / deltax;
                               ^~~~~~
                               deltay
bresenham.cpp:32:10: note: 'deltay' declared here
     int deltay = abs((int)(y1 - y0));
         ^
1 error generated.
Makefile:2: recipe for target 'prog' failed
make: *** [prog] Error 1
/root/test/prophet/wrap/g++ -c bresenham.cpp -o bresenham.o
/root/test/prophet/wrap/g++ -o prog bresenham.o
/root/test/prophet/wrap/g++ -c bresenham.cpp -o bresenham.o
bresenham.cpp:34:23: error: use of undeclared identifier 'deltay'; did you mean 'deltax'?
     float deltaerr = deltay / deltax;
                      ^~~~~~
                      deltax
bresenham.cpp:28:10: note: 'deltax' declared here
     int deltax = x1 - x0;
         ^
1 error generated.
Makefile:2: recipe for target 'prog' failed
make: *** [prog] Error 1
/root/test/prophet/wrap/g++ -c bresenham.cpp -o bresenham.o
/root/test/prophet/wrap/g++ -o prog bresenham.o
/root/test/prophet/wrap/g++ -c bresenham.cpp -o bresenham.o
bresenham.cpp:33:10: error: invalid use of 'this' outside of a non-static member function
     if (this->_M_offset++ == int(_S_word_bit) - 1) {
         ^
bresenham.cpp:33:35: error: use of undeclared identifier '_S_word_bit'; did you mean 'std::_S_word_bit'?
     if (this->_M_offset++ == int(_S_word_bit) - 1) {
                                  ^~~~~~~~~~~
                                  std::_S_word_bit
/usr/lib/gcc/x86_64-linux-gnu/7.5.0/../../../../include/c++/7.5.0/bits/stl_bvector.h:68:10: note: 'std::_S_word_bit' declared here
  enum { _S_word_bit = int(__CHAR_BIT__ * sizeof(_Bit_type)) };
         ^
bresenham.cpp:34:10: error: invalid use of 'this' outside of a non-static member function
         this->_M_offset = 0;
         ^
bresenham.cpp:35:12: error: invalid use of 'this' outside of a non-static member function
         ++this->_M_p;
           ^
bresenham.cpp:40:6: error: invalid use of 'this' outside of a non-static member function
     this->_M_offset = 0;
     ^
bresenham.cpp:44:6: error: invalid use of 'this' outside of a non-static member function
     this->_M_impl._M_start = std::vector<bool, type-parameter-0-0>::iterator(0, 0);
     ^
bresenham.cpp:44:49: error: use of undeclared identifier 'type'
     this->_M_impl._M_start = std::vector<bool, type-parameter-0-0>::iterator(0, 0);
                                                ^
bresenham.cpp:44:54: error: use of undeclared identifier 'parameter'
     this->_M_impl._M_start = std::vector<bool, type-parameter-0-0>::iterator(0, 0);
                                                     ^
bresenham.cpp:65:19: error: use of undeclared identifier 'deltaerr'
         error = error + deltaerr;
                         ^
9 errors generated.
Makefile:2: recipe for target 'prog' failed
make: *** [prog] Error 1
/root/test/prophet/wrap/g++ -c bresenham.cpp -o bresenham.o
bresenham.cpp:32:10: error: invalid use of 'this' outside of a non-static member function
     if (this->_M_offset++ == int(_S_word_bit) - 1) {
         ^
bresenham.cpp:32:35: error: use of undeclared identifier '_S_word_bit'; did you mean 'std::_S_word_bit'?
     if (this->_M_offset++ == int(_S_word_bit) - 1) {
                                  ^~~~~~~~~~~
                                  std::_S_word_bit
/usr/lib/gcc/x86_64-linux-gnu/7.5.0/../../../../include/c++/7.5.0/bits/stl_bvector.h:68:10: note: 'std::_S_word_bit' declared here
  enum { _S_word_bit = int(__CHAR_BIT__ * sizeof(_Bit_type)) };
         ^
bresenham.cpp:33:10: error: invalid use of 'this' outside of a non-static member function
         this->_M_offset = 0;
         ^
bresenham.cpp:34:12: error: invalid use of 'this' outside of a non-static member function
         ++this->_M_p;
           ^
4 errors generated.
Makefile:2: recipe for target 'prog' failed
make: *** [prog] Error 1
/root/test/prophet/wrap/g++ -c bresenham.cpp -o bresenham.o
bresenham.cpp:32:6: error: invalid use of 'this' outside of a non-static member function
     this->_M_offset = 0;
     ^
1 error generated.
Makefile:2: recipe for target 'prog' failed
make: *** [prog] Error 1
/root/test/prophet/wrap/g++ -c bresenham.cpp -o bresenham.o
bresenham.cpp:32:6: error: invalid use of 'this' outside of a non-static member function
     this->_M_impl._M_start = std::vector<bool, type-parameter-0-0>::iterator(0, 0);
     ^
bresenham.cpp:32:49: error: use of undeclared identifier 'type'
     this->_M_impl._M_start = std::vector<bool, type-parameter-0-0>::iterator(0, 0);
                                                ^
bresenham.cpp:32:54: error: use of undeclared identifier 'parameter'
     this->_M_impl._M_start = std::vector<bool, type-parameter-0-0>::iterator(0, 0);
                                                     ^
3 errors generated.
Makefile:2: recipe for target 'prog' failed
make: *** [prog] Error 1
/root/test/prophet/wrap/g++ -c bresenham.cpp -o bresenham.o
bresenham.cpp:37:10: error: invalid use of 'this' outside of a non-static member function
     if (this->_M_offset++ == int(_S_word_bit) - 1) {
         ^
bresenham.cpp:37:35: error: use of undeclared identifier '_S_word_bit'; did you mean 'std::_S_word_bit'?
     if (this->_M_offset++ == int(_S_word_bit) - 1) {
                                  ^~~~~~~~~~~
                                  std::_S_word_bit
/usr/lib/gcc/x86_64-linux-gnu/7.5.0/../../../../include/c++/7.5.0/bits/stl_bvector.h:68:10: note: 'std::_S_word_bit' declared here
  enum { _S_word_bit = int(__CHAR_BIT__ * sizeof(_Bit_type)) };
         ^
bresenham.cpp:38:10: error: invalid use of 'this' outside of a non-static member function
         this->_M_offset = 0;
         ^
bresenham.cpp:39:12: error: invalid use of 'this' outside of a non-static member function
         ++this->_M_p;
           ^
bresenham.cpp:44:8: error: use of undeclared identifier 'ystep'
       ystep = 1;
       ^
bresenham.cpp:46:8: error: use of undeclared identifier 'ystep'
       ystep = -1;
       ^
bresenham.cpp:63:12: error: use of undeclared identifier 'ystep'; did you mean 'steep'?
             y += ystep;
                  ^~~~~
                  steep
bresenham.cpp:15:10: note: 'steep' declared here
    bool steep = abs((int)(y1 - y0)) > abs((int)(x1 - x0));
         ^
7 errors generated.
Makefile:2: recipe for target 'prog' failed
make: *** [prog] Error 1
/root/test/prophet/wrap/g++ -c bresenham.cpp -o bresenham.o
/root/test/prophet/wrap/g++ -o prog bresenham.o
/root/test/prophet/wrap/g++ -c bresenham.cpp -o bresenham.o
bresenham.cpp:33:10: error: invalid use of 'this' outside of a non-static member function
     if (this->_M_offset++ == int(_S_word_bit) - 1) {
         ^
bresenham.cpp:33:35: error: use of undeclared identifier '_S_word_bit'; did you mean 'std::_S_word_bit'?
     if (this->_M_offset++ == int(_S_word_bit) - 1) {
                                  ^~~~~~~~~~~
                                  std::_S_word_bit
/usr/lib/gcc/x86_64-linux-gnu/7.5.0/../../../../include/c++/7.5.0/bits/stl_bvector.h:68:10: note: 'std::_S_word_bit' declared here
  enum { _S_word_bit = int(__CHAR_BIT__ * sizeof(_Bit_type)) };
         ^
bresenham.cpp:34:10: error: invalid use of 'this' outside of a non-static member function
         this->_M_offset = 0;
         ^
bresenham.cpp:35:12: error: invalid use of 'this' outside of a non-static member function
         ++this->_M_p;
           ^
4 errors generated.
Makefile:2: recipe for target 'prog' failed
make: *** [prog] Error 1
/root/test/prophet/wrap/g++ -c bresenham.cpp -o bresenham.o
bresenham.cpp:35:23: error: no matching function for call to '__is_neg'
     if ((y0 < y1) || __is_neg())
                      ^~~~~~~~
bresenham.cpp:1:38: note: candidate function not viable: requires at least 1 argument, but 0 were provided
extern "C" { int __get_mutant(); int __is_neg(int, ...); int __abst_hole(); }
                                     ^
bresenham.cpp:41:24: error: no matching function for call to '__is_neg'
     if ((y0 < y1) && !__is_neg())
                       ^~~~~~~~
bresenham.cpp:1:38: note: candidate function not viable: requires at least 1 argument, but 0 were provided
extern "C" { int __get_mutant(); int __is_neg(int, ...); int __abst_hole(); }
                                     ^
bresenham.cpp:47:11: error: no matching function for call to '__is_neg'
     if (!__is_neg())
          ^~~~~~~~
bresenham.cpp:1:38: note: candidate function not viable: requires at least 1 argument, but 0 were provided
extern "C" { int __get_mutant(); int __is_neg(int, ...); int __abst_hole(); }
                                     ^
bresenham.cpp:50:10: warning: add explicit braces to avoid dangling else [-Wdangling-else]
         else
         ^
1 warning and 3 errors generated.
Makefile:2: recipe for target 'prog' failed
make: *** [prog] Error 1
/root/test/prophet/wrap/g++ -c bresenham.cpp -o bresenham.o
bresenham.cpp:34:23: error: no matching function for call to '__is_neg'
     if ((y0 < y1) || __is_neg())
                      ^~~~~~~~
bresenham.cpp:1:38: note: candidate function not viable: requires at least 1 argument, but 0 were provided
extern "C" { int __get_mutant(); int __is_neg(int, ...); int __abst_hole(); }
                                     ^
1 error generated.
Makefile:2: recipe for target 'prog' failed
make: *** [prog] Error 1
/root/test/prophet/wrap/g++ -c bresenham.cpp -o bresenham.o
bresenham.cpp:34:24: error: no matching function for call to '__is_neg'
     if ((y0 < y1) && !__is_neg())
                       ^~~~~~~~
bresenham.cpp:1:38: note: candidate function not viable: requires at least 1 argument, but 0 were provided
extern "C" { int __get_mutant(); int __is_neg(int, ...); int __abst_hole(); }
                                     ^
1 error generated.
Makefile:2: recipe for target 'prog' failed
make: *** [prog] Error 1
/root/test/prophet/wrap/g++ -c bresenham.cpp -o bresenham.o
bresenham.cpp:34:11: error: no matching function for call to '__is_neg'
     if (!__is_neg())
          ^~~~~~~~
bresenham.cpp:1:38: note: candidate function not viable: requires at least 1 argument, but 0 were provided
extern "C" { int __get_mutant(); int __is_neg(int, ...); int __abst_hole(); }
                                     ^
bresenham.cpp:37:10: warning: add explicit braces to avoid dangling else [-Wdangling-else]
         else
         ^
1 warning and 1 error generated.
Makefile:2: recipe for target 'prog' failed
make: *** [prog] Error 1
/root/test/prophet/wrap/g++ -c bresenham.cpp -o bresenham.o
/root/test/prophet/wrap/g++ -o prog bresenham.o
/root/test/prophet/wrap/g++ -c bresenham.cpp -o bresenham.o
bresenham.cpp:44:17: error: no matching function for call to '__is_neg'
           if (!__is_neg())
                ^~~~~~~~
bresenham.cpp:1:38: note: candidate function not viable: requires at least 1 argument, but 0 were provided
extern "C" { int __get_mutant(); int __is_neg(int, ...); int __abst_hole(); }
                                     ^
bresenham.cpp:42:8: warning: add explicit braces to avoid dangling else [-Wdangling-else]
       else if (__get_mutant()==1) {
       ^
1 warning and 1 error generated.
Makefile:2: recipe for target 'prog' failed
make: *** [prog] Error 1
/root/test/prophet/wrap/g++ -c bresenham.cpp -o bresenham.o
/root/test/prophet/wrap/g++ -o prog bresenham.o
/root/test/prophet/wrap/g++ -c bresenham.cpp -o bresenham.o
bresenham.cpp:36:17: error: no matching function for call to '__is_neg'
           if (!__is_neg())
                ^~~~~~~~
bresenham.cpp:1:38: note: candidate function not viable: requires at least 1 argument, but 0 were provided
extern "C" { int __get_mutant(); int __is_neg(int, ...); int __abst_hole(); }
                                     ^
1 error generated.
Makefile:2: recipe for target 'prog' failed
make: *** [prog] Error 1
/root/test/prophet/wrap/g++ -c bresenham.cpp -o bresenham.o
bresenham.cpp:46:15: error: use of undeclared identifier 'y'
           var.first=y;
                     ^
bresenham.cpp:51:16: error: use of undeclared identifier 'y'
           var.second=y;
                      ^
bresenham.cpp:56:7: error: use of undeclared identifier 'y'
             y += ystep;
             ^
3 errors generated.
Makefile:2: recipe for target 'prog' failed
make: *** [prog] Error 1
/root/test/prophet/wrap/g++ -c bresenham.cpp -o bresenham.o
/root/test/prophet/wrap/g++ -o prog bresenham.o
/root/test/prophet/wrap/g++ -c bresenham.cpp -o bresenham.o
bresenham.cpp:48:5: error: use of undeclared identifier 'var'
           var.first=y;
           ^
bresenham.cpp:49:5: error: use of undeclared identifier 'var'
           var.second=x;
           ^
bresenham.cpp:50:20: error: use of undeclared identifier 'var'
           line.push_back(var);}
                          ^
bresenham.cpp:52:5: error: use of undeclared identifier 'var'
           var.first=x;
           ^
bresenham.cpp:53:5: error: use of undeclared identifier 'var'
           var.second=y;
           ^
bresenham.cpp:54:20: error: use of undeclared identifier 'var'
           line.push_back(var);}
                          ^
6 errors generated.
Makefile:2: recipe for target 'prog' failed
make: *** [prog] Error 1
/root/test/prophet/wrap/g++ -c bresenham.cpp -o bresenham.o
/root/test/prophet/wrap/g++ -o prog bresenham.o
/root/test/prophet/wrap/g++ -c bresenham.cpp -o bresenham.o
bresenham.cpp:62:11: error: no matching function for call to '__is_neg'
     if (!__is_neg())
          ^~~~~~~~
bresenham.cpp:1:38: note: candidate function not viable: requires at least 1 argument, but 0 were provided
extern "C" { int __get_mutant(); int __is_neg(int, ...); int __abst_hole(); }
                                     ^
1 error generated.
Makefile:2: recipe for target 'prog' failed
make: *** [prog] Error 1
/root/test/prophet/wrap/g++ -c bresenham.cpp -o bresenham.o
/root/test/prophet/wrap/g++ -o prog bresenham.o
/root/test/prophet/wrap/g++ -c bresenham.cpp -o bresenham.o
bresenham.cpp:41:11: error: no matching function for call to '__is_neg'
     if (!__is_neg())
          ^~~~~~~~
bresenham.cpp:1:38: note: candidate function not viable: requires at least 1 argument, but 0 were provided
extern "C" { int __get_mutant(); int __is_neg(int, ...); int __abst_hole(); }
                                     ^
1 error generated.
Makefile:2: recipe for target 'prog' failed
make: *** [prog] Error 1
/root/test/prophet/wrap/g++ -c bresenham.cpp -o bresenham.o
/root/test/prophet/wrap/g++ -o prog bresenham.o
/root/test/prophet/wrap/g++ -c bresenham.cpp -o bresenham.o
bresenham.cpp:44:19: error: no matching function for call to '__is_neg'
         if ((steep) && !__is_neg()) {
                         ^~~~~~~~
bresenham.cpp:1:38: note: candidate function not viable: requires at least 1 argument, but 0 were provided
extern "C" { int __get_mutant(); int __is_neg(int, ...); int __abst_hole(); }
                                     ^
bresenham.cpp:55:18: error: no matching function for call to '__is_neg'
         if ((steep) || __is_neg()) {
                        ^~~~~~~~
bresenham.cpp:1:38: note: candidate function not viable: requires at least 1 argument, but 0 were provided
extern "C" { int __get_mutant(); int __is_neg(int, ...); int __abst_hole(); }
                                     ^
bresenham.cpp:66:8: error: no matching function for call to '__is_neg'
         if (!__is_neg() && (steep)) {
              ^~~~~~~~
bresenham.cpp:1:38: note: candidate function not viable: requires at least 1 argument, but 0 were provided
extern "C" { int __get_mutant(); int __is_neg(int, ...); int __abst_hole(); }
                                     ^
bresenham.cpp:77:8: error: no matching function for call to '__is_neg'
         if (!__is_neg())
              ^~~~~~~~
bresenham.cpp:1:38: note: candidate function not viable: requires at least 1 argument, but 0 were provided
extern "C" { int __get_mutant(); int __is_neg(int, ...); int __abst_hole(); }
                                     ^
bresenham.cpp:82:9: warning: add explicit braces to avoid dangling else [-Wdangling-else]
             } else {
               ^
1 warning and 4 errors generated.
Makefile:2: recipe for target 'prog' failed
make: *** [prog] Error 1
/root/test/prophet/wrap/g++ -c bresenham.cpp -o bresenham.o
bresenham.cpp:43:19: error: no matching function for call to '__is_neg'
         if ((steep) && !__is_neg()) {
                         ^~~~~~~~
bresenham.cpp:1:38: note: candidate function not viable: requires at least 1 argument, but 0 were provided
extern "C" { int __get_mutant(); int __is_neg(int, ...); int __abst_hole(); }
                                     ^
1 error generated.
Makefile:2: recipe for target 'prog' failed
make: *** [prog] Error 1
/root/test/prophet/wrap/g++ -c bresenham.cpp -o bresenham.o
bresenham.cpp:43:18: error: no matching function for call to '__is_neg'
         if ((steep) || __is_neg()) {
                        ^~~~~~~~
bresenham.cpp:1:38: note: candidate function not viable: requires at least 1 argument, but 0 were provided
extern "C" { int __get_mutant(); int __is_neg(int, ...); int __abst_hole(); }
                                     ^
1 error generated.
Makefile:2: recipe for target 'prog' failed
make: *** [prog] Error 1
/root/test/prophet/wrap/g++ -c bresenham.cpp -o bresenham.o
bresenham.cpp:43:8: error: no matching function for call to '__is_neg'
         if (!__is_neg() && (steep)) {
              ^~~~~~~~
bresenham.cpp:1:38: note: candidate function not viable: requires at least 1 argument, but 0 were provided
extern "C" { int __get_mutant(); int __is_neg(int, ...); int __abst_hole(); }
                                     ^
1 error generated.
Makefile:2: recipe for target 'prog' failed
make: *** [prog] Error 1
/root/test/prophet/wrap/g++ -c bresenham.cpp -o bresenham.o
bresenham.cpp:43:8: error: no matching function for call to '__is_neg'
         if (!__is_neg())
              ^~~~~~~~
bresenham.cpp:1:38: note: candidate function not viable: requires at least 1 argument, but 0 were provided
extern "C" { int __get_mutant(); int __is_neg(int, ...); int __abst_hole(); }
                                     ^
bresenham.cpp:48:9: warning: add explicit braces to avoid dangling else [-Wdangling-else]
             } else {
               ^
1 warning and 1 error generated.
Makefile:2: recipe for target 'prog' failed
make: *** [prog] Error 1
/root/test/prophet/wrap/g++ -c bresenham.cpp -o bresenham.o
/root/test/prophet/wrap/g++ -o prog bresenham.o
/root/test/prophet/wrap/g++ -c bresenham.cpp -o bresenham.o
/root/test/prophet/wrap/g++ -o prog bresenham.o
/root/test/prophet/wrap/g++ -c bresenham.cpp -o bresenham.o
/root/test/prophet/wrap/g++ -o prog bresenham.o
/root/test/prophet/wrap/g++ -c bresenham.cpp -o bresenham.o
/root/test/prophet/wrap/g++ -o prog bresenham.o
/root/test/prophet/wrap/g++ -c bresenham.cpp -o bresenham.o
bresenham.cpp:49:10: error: no matching function for call to '__is_neg'
           if (!__is_neg())
                ^~~~~~~~
bresenham.cpp:1:38: note: candidate function not viable: requires at least 1 argument, but 0 were provided
extern "C" { int __get_mutant(); int __is_neg(int, ...); int __abst_hole(); }
                                     ^
bresenham.cpp:63:5: error: invalid use of 'this' outside of a non-static member function
           this->_M_offset = 0;
           ^
bresenham.cpp:67:9: error: invalid use of 'this' outside of a non-static member function
           if (this->_M_offset++ == int(_S_word_bit) - 1) {
               ^
bresenham.cpp:67:34: error: use of undeclared identifier '_S_word_bit'; did you mean 'std::_S_word_bit'?
           if (this->_M_offset++ == int(_S_word_bit) - 1) {
                                        ^~~~~~~~~~~
                                        std::_S_word_bit
/usr/lib/gcc/x86_64-linux-gnu/7.5.0/../../../../include/c++/7.5.0/bits/stl_bvector.h:68:10: note: 'std::_S_word_bit' declared here
  enum { _S_word_bit = int(__CHAR_BIT__ * sizeof(_Bit_type)) };
         ^
bresenham.cpp:68:9: error: invalid use of 'this' outside of a non-static member function
               this->_M_offset = 0;
               ^
bresenham.cpp:69:11: error: invalid use of 'this' outside of a non-static member function
               ++this->_M_p;
                 ^
bresenham.cpp:74:5: error: invalid use of 'this' outside of a non-static member function
           this->_M_impl._M_start = std::vector<bool, type-parameter-0-0>::iterator(0, 0);
           ^
bresenham.cpp:74:48: error: use of undeclared identifier 'type'
           this->_M_impl._M_start = std::vector<bool, type-parameter-0-0>::iterator(0, 0);
                                                      ^
bresenham.cpp:74:53: error: use of undeclared identifier 'parameter'
           this->_M_impl._M_start = std::vector<bool, type-parameter-0-0>::iterator(0, 0);
                                                           ^
9 errors generated.
Makefile:2: recipe for target 'prog' failed
make: *** [prog] Error 1
/root/test/prophet/wrap/g++ -c bresenham.cpp -o bresenham.o
bresenham.cpp:48:10: error: no matching function for call to '__is_neg'
           if (!__is_neg())
                ^~~~~~~~
bresenham.cpp:1:38: note: candidate function not viable: requires at least 1 argument, but 0 were provided
extern "C" { int __get_mutant(); int __is_neg(int, ...); int __abst_hole(); }
                                     ^
1 error generated.
Makefile:2: recipe for target 'prog' failed
make: *** [prog] Error 1
/root/test/prophet/wrap/g++ -c bresenham.cpp -o bresenham.o
/root/test/prophet/wrap/g++ -o prog bresenham.o
/root/test/prophet/wrap/g++ -c bresenham.cpp -o bresenham.o
/root/test/prophet/wrap/g++ -o prog bresenham.o
/root/test/prophet/wrap/g++ -c bresenham.cpp -o bresenham.o
bresenham.cpp:48:5: error: invalid use of 'this' outside of a non-static member function
           this->_M_offset = 0;
           ^
1 error generated.
Makefile:2: recipe for target 'prog' failed
make: *** [prog] Error 1
/root/test/prophet/wrap/g++ -c bresenham.cpp -o bresenham.o
bresenham.cpp:48:9: error: invalid use of 'this' outside of a non-static member function
           if (this->_M_offset++ == int(_S_word_bit) - 1) {
               ^
bresenham.cpp:48:34: error: use of undeclared identifier '_S_word_bit'; did you mean 'std::_S_word_bit'?
           if (this->_M_offset++ == int(_S_word_bit) - 1) {
                                        ^~~~~~~~~~~
                                        std::_S_word_bit
/usr/lib/gcc/x86_64-linux-gnu/7.5.0/../../../../include/c++/7.5.0/bits/stl_bvector.h:68:10: note: 'std::_S_word_bit' declared here
  enum { _S_word_bit = int(__CHAR_BIT__ * sizeof(_Bit_type)) };
         ^
bresenham.cpp:49:9: error: invalid use of 'this' outside of a non-static member function
               this->_M_offset = 0;
               ^
bresenham.cpp:50:11: error: invalid use of 'this' outside of a non-static member function
               ++this->_M_p;
                 ^
4 errors generated.
Makefile:2: recipe for target 'prog' failed
make: *** [prog] Error 1
/root/test/prophet/wrap/g++ -c bresenham.cpp -o bresenham.o
bresenham.cpp:48:5: error: invalid use of 'this' outside of a non-static member function
           this->_M_impl._M_start = std::vector<bool, type-parameter-0-0>::iterator(0, 0);
           ^
bresenham.cpp:48:48: error: use of undeclared identifier 'type'
           this->_M_impl._M_start = std::vector<bool, type-parameter-0-0>::iterator(0, 0);
                                                      ^
bresenham.cpp:48:53: error: use of undeclared identifier 'parameter'
           this->_M_impl._M_start = std::vector<bool, type-parameter-0-0>::iterator(0, 0);
                                                           ^
3 errors generated.
Makefile:2: recipe for target 'prog' failed
make: *** [prog] Error 1
/root/test/prophet/wrap/g++ -c bresenham.cpp -o bresenham.o
/root/test/prophet/wrap/g++ -o prog bresenham.o
/root/test/prophet/wrap/g++ -c bresenham.cpp -o bresenham.o
bresenham.cpp:50:10: error: no matching function for call to '__is_neg'
           if (!__is_neg())
                ^~~~~~~~
bresenham.cpp:1:38: note: candidate function not viable: requires at least 1 argument, but 0 were provided
extern "C" { int __get_mutant(); int __is_neg(int, ...); int __abst_hole(); }
                                     ^
bresenham.cpp:80:5: error: invalid use of 'this' outside of a non-static member function
           this->_M_offset = 0;
           ^
bresenham.cpp:84:9: error: invalid use of 'this' outside of a non-static member function
           if (this->_M_offset++ == int(_S_word_bit) - 1) {
               ^
bresenham.cpp:84:34: error: use of undeclared identifier '_S_word_bit'; did you mean 'std::_S_word_bit'?
           if (this->_M_offset++ == int(_S_word_bit) - 1) {
                                        ^~~~~~~~~~~
                                        std::_S_word_bit
/usr/lib/gcc/x86_64-linux-gnu/7.5.0/../../../../include/c++/7.5.0/bits/stl_bvector.h:68:10: note: 'std::_S_word_bit' declared here
  enum { _S_word_bit = int(__CHAR_BIT__ * sizeof(_Bit_type)) };
         ^
bresenham.cpp:85:9: error: invalid use of 'this' outside of a non-static member function
               this->_M_offset = 0;
               ^
bresenham.cpp:86:11: error: invalid use of 'this' outside of a non-static member function
               ++this->_M_p;
                 ^
bresenham.cpp:91:5: error: invalid use of 'this' outside of a non-static member function
           this->_M_impl._M_start = std::vector<bool, type-parameter-0-0>::iterator(0, 0);
           ^
bresenham.cpp:91:48: error: use of undeclared identifier 'type'
           this->_M_impl._M_start = std::vector<bool, type-parameter-0-0>::iterator(0, 0);
                                                      ^
bresenham.cpp:91:53: error: use of undeclared identifier 'parameter'
           this->_M_impl._M_start = std::vector<bool, type-parameter-0-0>::iterator(0, 0);
                                                           ^
9 errors generated.
Makefile:2: recipe for target 'prog' failed
make: *** [prog] Error 1
/root/test/prophet/wrap/g++ -c bresenham.cpp -o bresenham.o
bresenham.cpp:49:10: error: no matching function for call to '__is_neg'
           if (!__is_neg())
                ^~~~~~~~
bresenham.cpp:1:38: note: candidate function not viable: requires at least 1 argument, but 0 were provided
extern "C" { int __get_mutant(); int __is_neg(int, ...); int __abst_hole(); }
                                     ^
1 error generated.
Makefile:2: recipe for target 'prog' failed
make: *** [prog] Error 1
/root/test/prophet/wrap/g++ -c bresenham.cpp -o bresenham.o
/root/test/prophet/wrap/g++ -o prog bresenham.o
/root/test/prophet/wrap/g++ -c bresenham.cpp -o bresenham.o
/root/test/prophet/wrap/g++ -o prog bresenham.o
/root/test/prophet/wrap/g++ -c bresenham.cpp -o bresenham.o
/root/test/prophet/wrap/g++ -o prog bresenham.o
/root/test/prophet/wrap/g++ -c bresenham.cpp -o bresenham.o
/root/test/prophet/wrap/g++ -o prog bresenham.o
/root/test/prophet/wrap/g++ -c bresenham.cpp -o bresenham.o
bresenham.cpp:49:5: error: invalid use of 'this' outside of a non-static member function
           this->_M_offset = 0;
           ^
1 error generated.
Makefile:2: recipe for target 'prog' failed
make: *** [prog] Error 1
/root/test/prophet/wrap/g++ -c bresenham.cpp -o bresenham.o
bresenham.cpp:49:9: error: invalid use of 'this' outside of a non-static member function
           if (this->_M_offset++ == int(_S_word_bit) - 1) {
               ^
bresenham.cpp:49:34: error: use of undeclared identifier '_S_word_bit'; did you mean 'std::_S_word_bit'?
           if (this->_M_offset++ == int(_S_word_bit) - 1) {
                                        ^~~~~~~~~~~
                                        std::_S_word_bit
/usr/lib/gcc/x86_64-linux-gnu/7.5.0/../../../../include/c++/7.5.0/bits/stl_bvector.h:68:10: note: 'std::_S_word_bit' declared here
  enum { _S_word_bit = int(__CHAR_BIT__ * sizeof(_Bit_type)) };
         ^
bresenham.cpp:50:9: error: invalid use of 'this' outside of a non-static member function
               this->_M_offset = 0;
               ^
bresenham.cpp:51:11: error: invalid use of 'this' outside of a non-static member function
               ++this->_M_p;
                 ^
4 errors generated.
Makefile:2: recipe for target 'prog' failed
make: *** [prog] Error 1
/root/test/prophet/wrap/g++ -c bresenham.cpp -o bresenham.o
bresenham.cpp:49:5: error: invalid use of 'this' outside of a non-static member function
           this->_M_impl._M_start = std::vector<bool, type-parameter-0-0>::iterator(0, 0);
           ^
bresenham.cpp:49:48: error: use of undeclared identifier 'type'
           this->_M_impl._M_start = std::vector<bool, type-parameter-0-0>::iterator(0, 0);
                                                      ^
bresenham.cpp:49:53: error: use of undeclared identifier 'parameter'
           this->_M_impl._M_start = std::vector<bool, type-parameter-0-0>::iterator(0, 0);
                                                           ^
3 errors generated.
Makefile:2: recipe for target 'prog' failed
make: *** [prog] Error 1
/root/test/prophet/wrap/g++ -c bresenham.cpp -o bresenham.o
bresenham.cpp:52:8: error: no matching function for call to '__is_neg'
         if (!__is_neg())
              ^~~~~~~~
bresenham.cpp:1:38: note: candidate function not viable: requires at least 1 argument, but 0 were provided
extern "C" { int __get_mutant(); int __is_neg(int, ...); int __abst_hole(); }
                                     ^
1 error generated.
Makefile:2: recipe for target 'prog' failed
make: *** [prog] Error 1
/root/test/prophet/wrap/g++ -c bresenham.cpp -o bresenham.o
bresenham.cpp:51:8: error: no matching function for call to '__is_neg'
         if (!__is_neg())
              ^~~~~~~~
bresenham.cpp:1:38: note: candidate function not viable: requires at least 1 argument, but 0 were provided
extern "C" { int __get_mutant(); int __is_neg(int, ...); int __abst_hole(); }
                                     ^
1 error generated.
Makefile:2: recipe for target 'prog' failed
make: *** [prog] Error 1
/root/test/prophet/wrap/g++ -c bresenham.cpp -o bresenham.o
bresenham.cpp:53:26: error: no matching function for call to '__is_neg'
         if ((error >= 0.5) && !__is_neg()) {
                                ^~~~~~~~
bresenham.cpp:1:38: note: candidate function not viable: requires at least 1 argument, but 0 were provided
extern "C" { int __get_mutant(); int __is_neg(int, ...); int __abst_hole(); }
                                     ^
bresenham.cpp:59:25: error: no matching function for call to '__is_neg'
         if ((error >= 0.5) || __is_neg()) {
                               ^~~~~~~~
bresenham.cpp:1:38: note: candidate function not viable: requires at least 1 argument, but 0 were provided
extern "C" { int __get_mutant(); int __is_neg(int, ...); int __abst_hole(); }
                                     ^
2 errors generated.
Makefile:2: recipe for target 'prog' failed
make: *** [prog] Error 1
/root/test/prophet/wrap/g++ -c bresenham.cpp -o bresenham.o
bresenham.cpp:52:26: error: no matching function for call to '__is_neg'
         if ((error >= 0.5) && !__is_neg()) {
                                ^~~~~~~~
bresenham.cpp:1:38: note: candidate function not viable: requires at least 1 argument, but 0 were provided
extern "C" { int __get_mutant(); int __is_neg(int, ...); int __abst_hole(); }
                                     ^
1 error generated.
Makefile:2: recipe for target 'prog' failed
make: *** [prog] Error 1
/root/test/prophet/wrap/g++ -c bresenham.cpp -o bresenham.o
bresenham.cpp:52:25: error: no matching function for call to '__is_neg'
         if ((error >= 0.5) || __is_neg()) {
                               ^~~~~~~~
bresenham.cpp:1:38: note: candidate function not viable: requires at least 1 argument, but 0 were provided
extern "C" { int __get_mutant(); int __is_neg(int, ...); int __abst_hole(); }
                                     ^
1 error generated.
Makefile:2: recipe for target 'prog' failed
make: *** [prog] Error 1
/root/test/prophet/wrap/g++ -c bresenham.cpp -o bresenham.o
bresenham.cpp:63:3: error: invalid use of 'this' outside of a non-static member function
  this->_M_offset = 0;
  ^
bresenham.cpp:67:7: error: invalid use of 'this' outside of a non-static member function
  if (this->_M_offset++ == int(_S_word_bit) - 1) {
      ^
bresenham.cpp:67:32: error: use of undeclared identifier '_S_word_bit'; did you mean 'std::_S_word_bit'?
  if (this->_M_offset++ == int(_S_word_bit) - 1) {
                               ^~~~~~~~~~~
                               std::_S_word_bit
/usr/lib/gcc/x86_64-linux-gnu/7.5.0/../../../../include/c++/7.5.0/bits/stl_bvector.h:68:10: note: 'std::_S_word_bit' declared here
  enum { _S_word_bit = int(__CHAR_BIT__ * sizeof(_Bit_type)) };
         ^
bresenham.cpp:68:7: error: invalid use of 'this' outside of a non-static member function
      this->_M_offset = 0;
      ^
bresenham.cpp:69:9: error: invalid use of 'this' outside of a non-static member function
      ++this->_M_p;
        ^
bresenham.cpp:74:3: error: invalid use of 'this' outside of a non-static member function
  this->_M_impl._M_start = std::vector<bool, type-parameter-0-0>::iterator(0, 0);
  ^
bresenham.cpp:74:46: error: use of undeclared identifier 'type'
  this->_M_impl._M_start = std::vector<bool, type-parameter-0-0>::iterator(0, 0);
                                             ^
bresenham.cpp:74:51: error: use of undeclared identifier 'parameter'
  this->_M_impl._M_start = std::vector<bool, type-parameter-0-0>::iterator(0, 0);
                                                  ^
bresenham.cpp:78:10: error: use of undeclared identifier 'f'
  fscanf(f, "%d %d\n", &x, &y);
         ^
bresenham.cpp:79:10: error: use of undeclared identifier 'f'
  fclose(f);
         ^
10 errors generated.
Makefile:2: recipe for target 'prog' failed
make: *** [prog] Error 1
/root/test/prophet/wrap/g++ -c bresenham.cpp -o bresenham.o
bresenham.cpp:62:3: error: invalid use of 'this' outside of a non-static member function
  this->_M_offset = 0;
  ^
1 error generated.
Makefile:2: recipe for target 'prog' failed
make: *** [prog] Error 1
/root/test/prophet/wrap/g++ -c bresenham.cpp -o bresenham.o
bresenham.cpp:62:7: error: invalid use of 'this' outside of a non-static member function
  if (this->_M_offset++ == int(_S_word_bit) - 1) {
      ^
bresenham.cpp:62:32: error: use of undeclared identifier '_S_word_bit'; did you mean 'std::_S_word_bit'?
  if (this->_M_offset++ == int(_S_word_bit) - 1) {
                               ^~~~~~~~~~~
                               std::_S_word_bit
/usr/lib/gcc/x86_64-linux-gnu/7.5.0/../../../../include/c++/7.5.0/bits/stl_bvector.h:68:10: note: 'std::_S_word_bit' declared here
  enum { _S_word_bit = int(__CHAR_BIT__ * sizeof(_Bit_type)) };
         ^
bresenham.cpp:63:7: error: invalid use of 'this' outside of a non-static member function
      this->_M_offset = 0;
      ^
bresenham.cpp:64:9: error: invalid use of 'this' outside of a non-static member function
      ++this->_M_p;
        ^
4 errors generated.
Makefile:2: recipe for target 'prog' failed
make: *** [prog] Error 1
/root/test/prophet/wrap/g++ -c bresenham.cpp -o bresenham.o
bresenham.cpp:62:3: error: invalid use of 'this' outside of a non-static member function
  this->_M_impl._M_start = std::vector<bool, type-parameter-0-0>::iterator(0, 0);
  ^
bresenham.cpp:62:46: error: use of undeclared identifier 'type'
  this->_M_impl._M_start = std::vector<bool, type-parameter-0-0>::iterator(0, 0);
                                             ^
bresenham.cpp:62:51: error: use of undeclared identifier 'parameter'
  this->_M_impl._M_start = std::vector<bool, type-parameter-0-0>::iterator(0, 0);
                                                  ^
3 errors generated.
Makefile:2: recipe for target 'prog' failed
make: *** [prog] Error 1
/root/test/prophet/wrap/g++ -c bresenham.cpp -o bresenham.o
bresenham.cpp:64:7: error: invalid use of 'this' outside of a non-static member function
  if (this->_M_offset++ == int(_S_word_bit) - 1) {
      ^
bresenham.cpp:64:32: error: use of undeclared identifier '_S_word_bit'; did you mean 'std::_S_word_bit'?
  if (this->_M_offset++ == int(_S_word_bit) - 1) {
                               ^~~~~~~~~~~
                               std::_S_word_bit
/usr/lib/gcc/x86_64-linux-gnu/7.5.0/../../../../include/c++/7.5.0/bits/stl_bvector.h:68:10: note: 'std::_S_word_bit' declared here
  enum { _S_word_bit = int(__CHAR_BIT__ * sizeof(_Bit_type)) };
         ^
bresenham.cpp:65:7: error: invalid use of 'this' outside of a non-static member function
      this->_M_offset = 0;
      ^
bresenham.cpp:66:9: error: invalid use of 'this' outside of a non-static member function
      ++this->_M_p;
        ^
bresenham.cpp:70:25: error: use of undeclared identifier 'x'
  fscanf(f, "%d %d\n", &x, &y);
                        ^
bresenham.cpp:70:29: error: use of undeclared identifier 'y'
  fscanf(f, "%d %d\n", &x, &y);
                            ^
bresenham.cpp:73:9: error: use of undeclared identifier 'x'
  buggy(x, y, line);
        ^
bresenham.cpp:73:12: error: use of undeclared identifier 'y'
  buggy(x, y, line);
           ^
8 errors generated.
Makefile:2: recipe for target 'prog' failed
make: *** [prog] Error 1
/root/test/prophet/wrap/g++ -c bresenham.cpp -o bresenham.o
bresenham.cpp:63:7: error: invalid use of 'this' outside of a non-static member function
  if (this->_M_offset++ == int(_S_word_bit) - 1) {
      ^
bresenham.cpp:63:32: error: use of undeclared identifier '_S_word_bit'; did you mean 'std::_S_word_bit'?
  if (this->_M_offset++ == int(_S_word_bit) - 1) {
                               ^~~~~~~~~~~
                               std::_S_word_bit
/usr/lib/gcc/x86_64-linux-gnu/7.5.0/../../../../include/c++/7.5.0/bits/stl_bvector.h:68:10: note: 'std::_S_word_bit' declared here
  enum { _S_word_bit = int(__CHAR_BIT__ * sizeof(_Bit_type)) };
         ^
bresenham.cpp:64:7: error: invalid use of 'this' outside of a non-static member function
      this->_M_offset = 0;
      ^
bresenham.cpp:65:9: error: invalid use of 'this' outside of a non-static member function
      ++this->_M_p;
        ^
4 errors generated.
Makefile:2: recipe for target 'prog' failed
make: *** [prog] Error 1
/root/test/prophet/wrap/g++ -c bresenham.cpp -o bresenham.o
bresenham.cpp:66:8: error: no matching function for call to '__is_neg'
  if (!__is_neg())
       ^~~~~~~~
bresenham.cpp:1:38: note: candidate function not viable: requires at least 1 argument, but 0 were provided
extern "C" { int __get_mutant(); int __is_neg(int, ...); int __abst_hole(); }
                                     ^
bresenham.cpp:73:3: error: invalid use of 'this' outside of a non-static member function
  this->_M_offset = 0;
  ^
bresenham.cpp:77:7: error: invalid use of 'this' outside of a non-static member function
  if (this->_M_offset++ == int(_S_word_bit) - 1) {
      ^
bresenham.cpp:77:32: error: use of undeclared identifier '_S_word_bit'; did you mean 'std::_S_word_bit'?
  if (this->_M_offset++ == int(_S_word_bit) - 1) {
                               ^~~~~~~~~~~
                               std::_S_word_bit
/usr/lib/gcc/x86_64-linux-gnu/7.5.0/../../../../include/c++/7.5.0/bits/stl_bvector.h:68:10: note: 'std::_S_word_bit' declared here
  enum { _S_word_bit = int(__CHAR_BIT__ * sizeof(_Bit_type)) };
         ^
bresenham.cpp:78:7: error: invalid use of 'this' outside of a non-static member function
      this->_M_offset = 0;
      ^
bresenham.cpp:79:9: error: invalid use of 'this' outside of a non-static member function
      ++this->_M_p;
        ^
bresenham.cpp:84:3: error: invalid use of 'this' outside of a non-static member function
  this->_M_impl._M_start = std::vector<bool, type-parameter-0-0>::iterator(0, 0);
  ^
bresenham.cpp:84:46: error: use of undeclared identifier 'type'
  this->_M_impl._M_start = std::vector<bool, type-parameter-0-0>::iterator(0, 0);
                                             ^
bresenham.cpp:84:51: error: use of undeclared identifier 'parameter'
  this->_M_impl._M_start = std::vector<bool, type-parameter-0-0>::iterator(0, 0);
                                                  ^
9 errors generated.
Makefile:2: recipe for target 'prog' failed
make: *** [prog] Error 1
/root/test/prophet/wrap/g++ -c bresenham.cpp -o bresenham.o
bresenham.cpp:65:8: error: no matching function for call to '__is_neg'
  if (!__is_neg())
       ^~~~~~~~
bresenham.cpp:1:38: note: candidate function not viable: requires at least 1 argument, but 0 were provided
extern "C" { int __get_mutant(); int __is_neg(int, ...); int __abst_hole(); }
                                     ^
1 error generated.
Makefile:2: recipe for target 'prog' failed
make: *** [prog] Error 1
/root/test/prophet/wrap/g++ -c bresenham.cpp -o bresenham.o
/root/test/prophet/wrap/g++ -o prog bresenham.o
/root/test/prophet/wrap/g++ -c bresenham.cpp -o bresenham.o
bresenham.cpp:65:3: error: invalid use of 'this' outside of a non-static member function
  this->_M_offset = 0;
  ^
1 error generated.
Makefile:2: recipe for target 'prog' failed
make: *** [prog] Error 1
/root/test/prophet/wrap/g++ -c bresenham.cpp -o bresenham.o
bresenham.cpp:65:7: error: invalid use of 'this' outside of a non-static member function
  if (this->_M_offset++ == int(_S_word_bit) - 1) {
      ^
bresenham.cpp:65:32: error: use of undeclared identifier '_S_word_bit'; did you mean 'std::_S_word_bit'?
  if (this->_M_offset++ == int(_S_word_bit) - 1) {
                               ^~~~~~~~~~~
                               std::_S_word_bit
/usr/lib/gcc/x86_64-linux-gnu/7.5.0/../../../../include/c++/7.5.0/bits/stl_bvector.h:68:10: note: 'std::_S_word_bit' declared here
  enum { _S_word_bit = int(__CHAR_BIT__ * sizeof(_Bit_type)) };
         ^
bresenham.cpp:66:7: error: invalid use of 'this' outside of a non-static member function
      this->_M_offset = 0;
      ^
bresenham.cpp:67:9: error: invalid use of 'this' outside of a non-static member function
      ++this->_M_p;
        ^
4 errors generated.
Makefile:2: recipe for target 'prog' failed
make: *** [prog] Error 1
/root/test/prophet/wrap/g++ -c bresenham.cpp -o bresenham.o
bresenham.cpp:65:3: error: invalid use of 'this' outside of a non-static member function
  this->_M_impl._M_start = std::vector<bool, type-parameter-0-0>::iterator(0, 0);
  ^
bresenham.cpp:65:46: error: use of undeclared identifier 'type'
  this->_M_impl._M_start = std::vector<bool, type-parameter-0-0>::iterator(0, 0);
                                             ^
bresenham.cpp:65:51: error: use of undeclared identifier 'parameter'
  this->_M_impl._M_start = std::vector<bool, type-parameter-0-0>::iterator(0, 0);
                                                  ^
3 errors generated.
Makefile:2: recipe for target 'prog' failed
make: *** [prog] Error 1
/root/test/prophet/wrap/g++ -c bresenham.cpp -o bresenham.o
/root/test/prophet/wrap/g++ -o prog bresenham.o
/root/test/prophet/wrap/g++ -c bresenham.cpp -o bresenham.o
bresenham.cpp:67:3: error: invalid use of 'this' outside of a non-static member function
  this->_M_offset = 0;
  ^
bresenham.cpp:71:7: error: invalid use of 'this' outside of a non-static member function
  if (this->_M_offset++ == int(_S_word_bit) - 1) {
      ^
bresenham.cpp:71:32: error: use of undeclared identifier '_S_word_bit'; did you mean 'std::_S_word_bit'?
  if (this->_M_offset++ == int(_S_word_bit) - 1) {
                               ^~~~~~~~~~~
                               std::_S_word_bit
/usr/lib/gcc/x86_64-linux-gnu/7.5.0/../../../../include/c++/7.5.0/bits/stl_bvector.h:68:10: note: 'std::_S_word_bit' declared here
  enum { _S_word_bit = int(__CHAR_BIT__ * sizeof(_Bit_type)) };
         ^
bresenham.cpp:72:7: error: invalid use of 'this' outside of a non-static member function
      this->_M_offset = 0;
      ^
bresenham.cpp:73:9: error: invalid use of 'this' outside of a non-static member function
      ++this->_M_p;
        ^
bresenham.cpp:78:3: error: invalid use of 'this' outside of a non-static member function
  this->_M_impl._M_start = std::vector<bool, type-parameter-0-0>::iterator(0, 0);
  ^
bresenham.cpp:78:46: error: use of undeclared identifier 'type'
  this->_M_impl._M_start = std::vector<bool, type-parameter-0-0>::iterator(0, 0);
                                             ^
bresenham.cpp:78:51: error: use of undeclared identifier 'parameter'
  this->_M_impl._M_start = std::vector<bool, type-parameter-0-0>::iterator(0, 0);
                                                  ^
bresenham.cpp:81:15: error: use of undeclared identifier 'line'
  buggy(x, y, line);
              ^
bresenham.cpp:83:30: error: use of undeclared identifier 'line'
  for (unsigned i = 0, end = line.size(); i != line.size(); i++)
                             ^
bresenham.cpp:83:48: error: use of undeclared identifier 'line'
  for (unsigned i = 0, end = line.size(); i != line.size(); i++)
                                               ^
bresenham.cpp:84:23: error: use of undeclared identifier 'line'
    printf("%d %d\n", line[i].first, line[i].second);
                      ^
bresenham.cpp:84:38: error: use of undeclared identifier 'line'
    printf("%d %d\n", line[i].first, line[i].second);
                                     ^
13 errors generated.
Makefile:2: recipe for target 'prog' failed
make: *** [prog] Error 1
/root/test/prophet/wrap/g++ -c bresenham.cpp -o bresenham.o
bresenham.cpp:66:3: error: invalid use of 'this' outside of a non-static member function
  this->_M_offset = 0;
  ^
1 error generated.
Makefile:2: recipe for target 'prog' failed
make: *** [prog] Error 1
/root/test/prophet/wrap/g++ -c bresenham.cpp -o bresenham.o
bresenham.cpp:66:7: error: invalid use of 'this' outside of a non-static member function
  if (this->_M_offset++ == int(_S_word_bit) - 1) {
      ^
bresenham.cpp:66:32: error: use of undeclared identifier '_S_word_bit'; did you mean 'std::_S_word_bit'?
  if (this->_M_offset++ == int(_S_word_bit) - 1) {
                               ^~~~~~~~~~~
                               std::_S_word_bit
/usr/lib/gcc/x86_64-linux-gnu/7.5.0/../../../../include/c++/7.5.0/bits/stl_bvector.h:68:10: note: 'std::_S_word_bit' declared here
  enum { _S_word_bit = int(__CHAR_BIT__ * sizeof(_Bit_type)) };
         ^
bresenham.cpp:67:7: error: invalid use of 'this' outside of a non-static member function
      this->_M_offset = 0;
      ^
bresenham.cpp:68:9: error: invalid use of 'this' outside of a non-static member function
      ++this->_M_p;
        ^
4 errors generated.
Makefile:2: recipe for target 'prog' failed
make: *** [prog] Error 1
/root/test/prophet/wrap/g++ -c bresenham.cpp -o bresenham.o
bresenham.cpp:66:3: error: invalid use of 'this' outside of a non-static member function
  this->_M_impl._M_start = std::vector<bool, type-parameter-0-0>::iterator(0, 0);
  ^
bresenham.cpp:66:46: error: use of undeclared identifier 'type'
  this->_M_impl._M_start = std::vector<bool, type-parameter-0-0>::iterator(0, 0);
                                             ^
bresenham.cpp:66:51: error: use of undeclared identifier 'parameter'
  this->_M_impl._M_start = std::vector<bool, type-parameter-0-0>::iterator(0, 0);
                                                  ^
3 errors generated.
Makefile:2: recipe for target 'prog' failed
make: *** [prog] Error 1
/root/test/prophet/wrap/g++ -c bresenham.cpp -o bresenham.o
bresenham.cpp:68:8: error: no matching function for call to '__is_neg'
  if (!__is_neg())
       ^~~~~~~~
bresenham.cpp:1:38: note: candidate function not viable: requires at least 1 argument, but 0 were provided
extern "C" { int __get_mutant(); int __is_neg(int, ...); int __abst_hole(); }
                                     ^
bresenham.cpp:72:3: error: invalid use of 'this' outside of a non-static member function
  this->_M_offset = 0;
  ^
bresenham.cpp:76:7: error: invalid use of 'this' outside of a non-static member function
  if (this->_M_offset++ == int(_S_word_bit) - 1) {
      ^
bresenham.cpp:76:32: error: use of undeclared identifier '_S_word_bit'; did you mean 'std::_S_word_bit'?
  if (this->_M_offset++ == int(_S_word_bit) - 1) {
                               ^~~~~~~~~~~
                               std::_S_word_bit
/usr/lib/gcc/x86_64-linux-gnu/7.5.0/../../../../include/c++/7.5.0/bits/stl_bvector.h:68:10: note: 'std::_S_word_bit' declared here
  enum { _S_word_bit = int(__CHAR_BIT__ * sizeof(_Bit_type)) };
         ^
bresenham.cpp:77:7: error: invalid use of 'this' outside of a non-static member function
      this->_M_offset = 0;
      ^
bresenham.cpp:78:9: error: invalid use of 'this' outside of a non-static member function
      ++this->_M_p;
        ^
bresenham.cpp:83:3: error: invalid use of 'this' outside of a non-static member function
  this->_M_impl._M_start = std::vector<bool, type-parameter-0-0>::iterator(0, 0);
  ^
bresenham.cpp:83:46: error: use of undeclared identifier 'type'
  this->_M_impl._M_start = std::vector<bool, type-parameter-0-0>::iterator(0, 0);
                                             ^
bresenham.cpp:83:51: error: use of undeclared identifier 'parameter'
  this->_M_impl._M_start = std::vector<bool, type-parameter-0-0>::iterator(0, 0);
                                                  ^
9 errors generated.
Makefile:2: recipe for target 'prog' failed
make: *** [prog] Error 1
/root/test/prophet/wrap/g++ -c bresenham.cpp -o bresenham.o
bresenham.cpp:67:8: error: no matching function for call to '__is_neg'
  if (!__is_neg())
       ^~~~~~~~
bresenham.cpp:1:38: note: candidate function not viable: requires at least 1 argument, but 0 were provided
extern "C" { int __get_mutant(); int __is_neg(int, ...); int __abst_hole(); }
                                     ^
1 error generated.
Makefile:2: recipe for target 'prog' failed
make: *** [prog] Error 1
/root/test/prophet/wrap/g++ -c bresenham.cpp -o bresenham.o
bresenham.cpp:67:3: error: invalid use of 'this' outside of a non-static member function
  this->_M_offset = 0;
  ^
1 error generated.
Makefile:2: recipe for target 'prog' failed
make: *** [prog] Error 1
/root/test/prophet/wrap/g++ -c bresenham.cpp -o bresenham.o
bresenham.cpp:67:7: error: invalid use of 'this' outside of a non-static member function
  if (this->_M_offset++ == int(_S_word_bit) - 1) {
      ^
bresenham.cpp:67:32: error: use of undeclared identifier '_S_word_bit'; did you mean 'std::_S_word_bit'?
  if (this->_M_offset++ == int(_S_word_bit) - 1) {
                               ^~~~~~~~~~~
                               std::_S_word_bit
/usr/lib/gcc/x86_64-linux-gnu/7.5.0/../../../../include/c++/7.5.0/bits/stl_bvector.h:68:10: note: 'std::_S_word_bit' declared here
  enum { _S_word_bit = int(__CHAR_BIT__ * sizeof(_Bit_type)) };
         ^
bresenham.cpp:68:7: error: invalid use of 'this' outside of a non-static member function
      this->_M_offset = 0;
      ^
bresenham.cpp:69:9: error: invalid use of 'this' outside of a non-static member function
      ++this->_M_p;
        ^
4 errors generated.
Makefile:2: recipe for target 'prog' failed
make: *** [prog] Error 1
/root/test/prophet/wrap/g++ -c bresenham.cpp -o bresenham.o
bresenham.cpp:67:3: error: invalid use of 'this' outside of a non-static member function
  this->_M_impl._M_start = std::vector<bool, type-parameter-0-0>::iterator(0, 0);
  ^
bresenham.cpp:67:46: error: use of undeclared identifier 'type'
  this->_M_impl._M_start = std::vector<bool, type-parameter-0-0>::iterator(0, 0);
                                             ^
bresenham.cpp:67:51: error: use of undeclared identifier 'parameter'
  this->_M_impl._M_start = std::vector<bool, type-parameter-0-0>::iterator(0, 0);
                                                  ^
3 errors generated.
Makefile:2: recipe for target 'prog' failed
make: *** [prog] Error 1
/root/test/prophet/wrap/g++ -c bresenham.cpp -o bresenham.o
/root/test/prophet/wrap/g++ -o prog bresenham.o
/root/test/prophet/wrap/g++ -c bresenham.cpp -o bresenham.o
/root/test/prophet/wrap/g++ -o prog bresenham.o
/root/test/prophet/wrap/g++ -c bresenham.cpp -o bresenham.o
bresenham.cpp:70:8: error: no matching function for call to '__is_neg'
  if (!__is_neg())
       ^~~~~~~~
bresenham.cpp:1:38: note: candidate function not viable: requires at least 1 argument, but 0 were provided
extern "C" { int __get_mutant(); int __is_neg(int, ...); int __abst_hole(); }
                                     ^
bresenham.cpp:75:3: error: invalid use of 'this' outside of a non-static member function
  this->_M_offset = 0;
  ^
bresenham.cpp:80:7: error: invalid use of 'this' outside of a non-static member function
  if (this->_M_offset++ == int(_S_word_bit) - 1) {
      ^
bresenham.cpp:80:32: error: use of undeclared identifier '_S_word_bit'; did you mean 'std::_S_word_bit'?
  if (this->_M_offset++ == int(_S_word_bit) - 1) {
                               ^~~~~~~~~~~
                               std::_S_word_bit
/usr/lib/gcc/x86_64-linux-gnu/7.5.0/../../../../include/c++/7.5.0/bits/stl_bvector.h:68:10: note: 'std::_S_word_bit' declared here
  enum { _S_word_bit = int(__CHAR_BIT__ * sizeof(_Bit_type)) };
         ^
bresenham.cpp:81:7: error: invalid use of 'this' outside of a non-static member function
      this->_M_offset = 0;
      ^
bresenham.cpp:82:9: error: invalid use of 'this' outside of a non-static member function
      ++this->_M_p;
        ^
bresenham.cpp:88:3: error: invalid use of 'this' outside of a non-static member function
  this->_M_impl._M_start = std::vector<bool, type-parameter-0-0>::iterator(0, 0);
  ^
bresenham.cpp:88:46: error: use of undeclared identifier 'type'
  this->_M_impl._M_start = std::vector<bool, type-parameter-0-0>::iterator(0, 0);
                                             ^
bresenham.cpp:88:51: error: use of undeclared identifier 'parameter'
  this->_M_impl._M_start = std::vector<bool, type-parameter-0-0>::iterator(0, 0);
                                                  ^
9 errors generated.
Makefile:2: recipe for target 'prog' failed
make: *** [prog] Error 1
/root/test/prophet/wrap/g++ -c bresenham.cpp -o bresenham.o
bresenham.cpp:69:8: error: no matching function for call to '__is_neg'
  if (!__is_neg())
       ^~~~~~~~
bresenham.cpp:1:38: note: candidate function not viable: requires at least 1 argument, but 0 were provided
extern "C" { int __get_mutant(); int __is_neg(int, ...); int __abst_hole(); }
                                     ^
1 error generated.
Makefile:2: recipe for target 'prog' failed
make: *** [prog] Error 1
/root/test/prophet/wrap/g++ -c bresenham.cpp -o bresenham.o
bresenham.cpp:69:3: error: invalid use of 'this' outside of a non-static member function
  this->_M_offset = 0;
  ^
1 error generated.
Makefile:2: recipe for target 'prog' failed
make: *** [prog] Error 1
/root/test/prophet/wrap/g++ -c bresenham.cpp -o bresenham.o
bresenham.cpp:69:7: error: invalid use of 'this' outside of a non-static member function
  if (this->_M_offset++ == int(_S_word_bit) - 1) {
      ^
bresenham.cpp:69:32: error: use of undeclared identifier '_S_word_bit'; did you mean 'std::_S_word_bit'?
  if (this->_M_offset++ == int(_S_word_bit) - 1) {
                               ^~~~~~~~~~~
                               std::_S_word_bit
/usr/lib/gcc/x86_64-linux-gnu/7.5.0/../../../../include/c++/7.5.0/bits/stl_bvector.h:68:10: note: 'std::_S_word_bit' declared here
  enum { _S_word_bit = int(__CHAR_BIT__ * sizeof(_Bit_type)) };
         ^
bresenham.cpp:70:7: error: invalid use of 'this' outside of a non-static member function
      this->_M_offset = 0;
      ^
bresenham.cpp:71:9: error: invalid use of 'this' outside of a non-static member function
      ++this->_M_p;
        ^
4 errors generated.
Makefile:2: recipe for target 'prog' failed
make: *** [prog] Error 1
/root/test/prophet/wrap/g++ -c bresenham.cpp -o bresenham.o
bresenham.cpp:69:3: error: invalid use of 'this' outside of a non-static member function
  this->_M_impl._M_start = std::vector<bool, type-parameter-0-0>::iterator(0, 0);
  ^
bresenham.cpp:69:46: error: use of undeclared identifier 'type'
  this->_M_impl._M_start = std::vector<bool, type-parameter-0-0>::iterator(0, 0);
                                             ^
bresenham.cpp:69:51: error: use of undeclared identifier 'parameter'
  this->_M_impl._M_start = std::vector<bool, type-parameter-0-0>::iterator(0, 0);
                                                  ^
3 errors generated.
Makefile:2: recipe for target 'prog' failed
make: *** [prog] Error 1
/root/test/prophet/wrap/g++ -c bresenham.cpp -o bresenham.o
/root/test/prophet/wrap/g++ -o prog bresenham.o
/root/test/prophet/wrap/g++ -c bresenham.cpp -o bresenham.o
/root/test/prophet/wrap/g++ -o prog bresenham.o
